2023-05-22 12:20:54,724 [main] INFO  [FederatedServerApplication] [RRN="] - [STAN="] - Starting FederatedServerApplication on Hasnain-Rabbani with PID 19020 (E:\Workspace\Eclipse\zeroinfinity\thesis\federated-server\federated-server\target\classes started by hp in E:\Workspace\Eclipse\zeroinfinity\thesis\federated-server\federated-server) 
2023-05-22 12:20:54,730 [main] INFO  [FederatedServerApplication] [RRN="] - [STAN="] - No active profile set, falling back to default profiles: default 
2023-05-22 12:20:55,666 [main] INFO  [RepositoryConfigurationDelegate] [RRN="] - [STAN="] - Bootstrapping Spring Data JPA repositories in DEFERRED mode. 
2023-05-22 12:20:55,737 [main] INFO  [RepositoryConfigurationDelegate] [RRN="] - [STAN="] - Finished Spring Data repository scanning in 61ms. Found 3 JPA repository interfaces. 
2023-05-22 12:20:55,978 [main] INFO  [EnableEncryptablePropertiesBeanFactoryPostProcessor] [RRN="] - [STAN="] - Post-processing PropertySource instances 
2023-05-22 12:20:56,077 [main] INFO  [EncryptablePropertySourceConverter] [RRN="] - [STAN="] - Converting PropertySource configurationProperties [org.springframework.boot.context.properties.source.ConfigurationPropertySourcesPropertySource] to AOP Proxy 
2023-05-22 12:20:56,078 [main] INFO  [EncryptablePropertySourceConverter] [RRN="] - [STAN="] - Converting PropertySource servletConfigInitParams [org.springframework.core.env.PropertySource$StubPropertySource] to EncryptablePropertySourceWrapper 
2023-05-22 12:20:56,078 [main] INFO  [EncryptablePropertySourceConverter] [RRN="] - [STAN="] - Converting PropertySource servletContextInitParams [org.springframework.core.env.PropertySource$StubPropertySource] to EncryptablePropertySourceWrapper 
2023-05-22 12:20:56,078 [main] INFO  [EncryptablePropertySourceConverter] [RRN="] - [STAN="] - Converting PropertySource systemProperties [org.springframework.core.env.PropertiesPropertySource] to EncryptableMapPropertySourceWrapper 
2023-05-22 12:20:56,078 [main] INFO  [EncryptablePropertySourceConverter] [RRN="] - [STAN="] - Converting PropertySource systemEnvironment [org.springframework.boot.env.SystemEnvironmentPropertySourceEnvironmentPostProcessor$OriginAwareSystemEnvironmentPropertySource] to EncryptableSystemEnvironmentPropertySourceWrapper 
2023-05-22 12:20:56,078 [main] INFO  [EncryptablePropertySourceConverter] [RRN="] - [STAN="] - Converting PropertySource random [org.springframework.boot.env.RandomValuePropertySource] to EncryptablePropertySourceWrapper 
2023-05-22 12:20:56,078 [main] INFO  [EncryptablePropertySourceConverter] [RRN="] - [STAN="] - Converting PropertySource applicationConfig: [file:./application.yml] [org.springframework.boot.env.OriginTrackedMapPropertySource] to EncryptableMapPropertySourceWrapper 
2023-05-22 12:20:56,286 [main] INFO  [DefaultLazyPropertyFilter] [RRN="] - [STAN="] - Property Filter custom Bean not found with name 'encryptablePropertyFilter'. Initializing Default Property Filter 
2023-05-22 12:20:57,193 [main] INFO  [TomcatWebServer] [RRN="] - [STAN="] - Tomcat initialized with port(s): 9090 (http) 
2023-05-22 12:20:57,211 [main] INFO  [Http11NioProtocol] [RRN="] - [STAN="] - Initializing ProtocolHandler ["http-nio-9090"] 
2023-05-22 12:20:57,212 [main] INFO  [StandardService] [RRN="] - [STAN="] - Starting service [Tomcat] 
2023-05-22 12:20:57,212 [main] INFO  [StandardEngine] [RRN="] - [STAN="] - Starting Servlet engine: [Apache Tomcat/9.0.36] 
2023-05-22 12:20:58,284 [main] INFO  [[/]] [RRN="] - [STAN="] - Initializing Spring embedded WebApplicationContext 
2023-05-22 12:20:58,284 [main] INFO  [ServletWebServerApplicationContext] [RRN="] - [STAN="] - Root WebApplicationContext: initialization completed in 3503 ms 
2023-05-22 12:20:58,290 [main] INFO  [DefaultLazyPropertyResolver] [RRN="] - [STAN="] - Property Resolver custom Bean not found with name 'encryptablePropertyResolver'. Initializing Default Property Resolver 
2023-05-22 12:20:58,294 [main] INFO  [DefaultLazyPropertyDetector] [RRN="] - [STAN="] - Property Detector custom Bean not found with name 'encryptablePropertyDetector'. Initializing Default Property Detector 
2023-05-22 12:20:58,409 [main] DEBUG [HikariConfig] [RRN="] - [STAN="] - Driver class com.mysql.cj.jdbc.Driver found in Thread context class loader sun.misc.Launcher$AppClassLoader@73d16e93 
2023-05-22 12:20:58,494 [main] INFO  [ThreadPoolTaskExecutor] [RRN="] - [STAN="] - Initializing ExecutorService 'applicationTaskExecutor' 
2023-05-22 12:20:58,541 [task-1] INFO  [LogHelper] [RRN="] - [STAN="] - HHH000204: Processing PersistenceUnitInfo [name: default] 
2023-05-22 12:20:58,588 [main] WARN  [JpaBaseConfiguration$JpaWebConfiguration] [RRN="] - [STAN="] - spring.jpa.open-in-view is enabled by default. Therefore, database queries may be performed during view rendering. Explicitly configure spring.jpa.open-in-view to disable this warning 
2023-05-22 12:20:58,618 [task-1] INFO  [Version] [RRN="] - [STAN="] - HHH000412: Hibernate ORM core version 5.4.17.Final 
2023-05-22 12:20:58,856 [task-1] INFO  [Version] [RRN="] - [STAN="] - HCANN000001: Hibernate Commons Annotations {5.1.0.Final} 
2023-05-22 12:20:59,009 [task-1] DEBUG [HikariConfig] [RRN="] - [STAN="] - HikariPool-1 - configuration: 
2023-05-22 12:20:59,012 [task-1] DEBUG [HikariConfig] [RRN="] - [STAN="] - allowPoolSuspension.............false 
2023-05-22 12:20:59,012 [task-1] DEBUG [HikariConfig] [RRN="] - [STAN="] - autoCommit......................true 
2023-05-22 12:20:59,012 [task-1] DEBUG [HikariConfig] [RRN="] - [STAN="] - catalog.........................none 
2023-05-22 12:20:59,012 [task-1] DEBUG [HikariConfig] [RRN="] - [STAN="] - connectionInitSql...............none 
2023-05-22 12:20:59,012 [task-1] DEBUG [HikariConfig] [RRN="] - [STAN="] - connectionTestQuery.............none 
2023-05-22 12:20:59,012 [task-1] DEBUG [HikariConfig] [RRN="] - [STAN="] - connectionTimeout...............30000 
2023-05-22 12:20:59,012 [task-1] DEBUG [HikariConfig] [RRN="] - [STAN="] - dataSource......................none 
2023-05-22 12:20:59,012 [task-1] DEBUG [HikariConfig] [RRN="] - [STAN="] - dataSourceClassName.............none 
2023-05-22 12:20:59,013 [task-1] DEBUG [HikariConfig] [RRN="] - [STAN="] - dataSourceJNDI..................none 
2023-05-22 12:20:59,013 [task-1] DEBUG [HikariConfig] [RRN="] - [STAN="] - dataSourceProperties............{password=<masked>} 
2023-05-22 12:20:59,013 [task-1] DEBUG [HikariConfig] [RRN="] - [STAN="] - driverClassName................."com.mysql.cj.jdbc.Driver" 
2023-05-22 12:20:59,013 [task-1] DEBUG [HikariConfig] [RRN="] - [STAN="] - exceptionOverrideClassName......none 
2023-05-22 12:20:59,014 [task-1] DEBUG [HikariConfig] [RRN="] - [STAN="] - healthCheckProperties...........{} 
2023-05-22 12:20:59,014 [task-1] DEBUG [HikariConfig] [RRN="] - [STAN="] - healthCheckRegistry.............none 
2023-05-22 12:20:59,014 [task-1] DEBUG [HikariConfig] [RRN="] - [STAN="] - idleTimeout.....................600000 
2023-05-22 12:20:59,014 [task-1] DEBUG [HikariConfig] [RRN="] - [STAN="] - initializationFailTimeout.......1 
2023-05-22 12:20:59,014 [task-1] DEBUG [HikariConfig] [RRN="] - [STAN="] - isolateInternalQueries..........false 
2023-05-22 12:20:59,014 [task-1] DEBUG [HikariConfig] [RRN="] - [STAN="] - jdbcUrl.........................jdbc:mysql://localhost:3306/test 
2023-05-22 12:20:59,014 [task-1] DEBUG [HikariConfig] [RRN="] - [STAN="] - leakDetectionThreshold..........0 
2023-05-22 12:20:59,014 [task-1] DEBUG [HikariConfig] [RRN="] - [STAN="] - maxLifetime.....................1800000 
2023-05-22 12:20:59,014 [task-1] DEBUG [HikariConfig] [RRN="] - [STAN="] - maximumPoolSize.................10 
2023-05-22 12:20:59,014 [task-1] DEBUG [HikariConfig] [RRN="] - [STAN="] - metricRegistry..................none 
2023-05-22 12:20:59,014 [task-1] DEBUG [HikariConfig] [RRN="] - [STAN="] - metricsTrackerFactory...........none 
2023-05-22 12:20:59,014 [task-1] DEBUG [HikariConfig] [RRN="] - [STAN="] - minimumIdle.....................10 
2023-05-22 12:20:59,014 [task-1] DEBUG [HikariConfig] [RRN="] - [STAN="] - password........................<masked> 
2023-05-22 12:20:59,015 [task-1] DEBUG [HikariConfig] [RRN="] - [STAN="] - poolName........................"HikariPool-1" 
2023-05-22 12:20:59,015 [task-1] DEBUG [HikariConfig] [RRN="] - [STAN="] - readOnly........................false 
2023-05-22 12:20:59,015 [task-1] DEBUG [HikariConfig] [RRN="] - [STAN="] - registerMbeans..................false 
2023-05-22 12:20:59,015 [task-1] DEBUG [HikariConfig] [RRN="] - [STAN="] - scheduledExecutor...............none 
2023-05-22 12:20:59,015 [task-1] DEBUG [HikariConfig] [RRN="] - [STAN="] - schema..........................none 
2023-05-22 12:20:59,015 [task-1] DEBUG [HikariConfig] [RRN="] - [STAN="] - threadFactory...................internal 
2023-05-22 12:20:59,015 [task-1] DEBUG [HikariConfig] [RRN="] - [STAN="] - transactionIsolation............default 
2023-05-22 12:20:59,015 [task-1] DEBUG [HikariConfig] [RRN="] - [STAN="] - username........................"root" 
2023-05-22 12:20:59,015 [task-1] DEBUG [HikariConfig] [RRN="] - [STAN="] - validationTimeout...............5000 
2023-05-22 12:20:59,015 [task-1] INFO  [HikariDataSource] [RRN="] - [STAN="] - HikariPool-1 - Starting... 
2023-05-22 12:20:59,158 [main] INFO  [DefaultSecurityFilterChain] [RRN="] - [STAN="] - Creating filter chain: Ant [pattern='/v2/api-docs'], [] 
2023-05-22 12:20:59,158 [main] INFO  [DefaultSecurityFilterChain] [RRN="] - [STAN="] - Creating filter chain: Ant [pattern='/configuration/ui'], [] 
2023-05-22 12:20:59,158 [main] INFO  [DefaultSecurityFilterChain] [RRN="] - [STAN="] - Creating filter chain: Ant [pattern='/swagger-resources/**'], [] 
2023-05-22 12:20:59,158 [main] INFO  [DefaultSecurityFilterChain] [RRN="] - [STAN="] - Creating filter chain: Ant [pattern='/configuration/**'], [] 
2023-05-22 12:20:59,158 [main] INFO  [DefaultSecurityFilterChain] [RRN="] - [STAN="] - Creating filter chain: Ant [pattern='/swagger-ui.html'], [] 
2023-05-22 12:20:59,158 [main] INFO  [DefaultSecurityFilterChain] [RRN="] - [STAN="] - Creating filter chain: Ant [pattern='/webjars/**'], [] 
2023-05-22 12:20:59,209 [main] INFO  [PropertySourcedRequestMappingHandlerMapping] [RRN="] - [STAN="] - Mapped URL path [/v2/api-docs] onto method [springfox.documentation.swagger2.web.Swagger2Controller#getDocumentation(String, HttpServletRequest)] 
2023-05-22 12:20:59,370 [main] INFO  [DefaultSecurityFilterChain] [RRN="] - [STAN="] - Creating filter chain: any request, [org.springframework.security.web.context.request.async.WebAsyncManagerIntegrationFilter@78307a56, org.springframework.security.web.context.SecurityContextPersistenceFilter@236eccd1, org.springframework.security.web.header.HeaderWriterFilter@47acd13b, org.springframework.web.filter.CorsFilter@40d52be7, org.springframework.security.web.authentication.logout.LogoutFilter@4eaf7902, com.zeroinfinity.federatedserver.config.JwtRequestFilter@18578491, org.springframework.security.web.savedrequest.RequestCacheAwareFilter@707ca986, org.springframework.security.web.servletapi.SecurityContextHolderAwareRequestFilter@2291d9a0, org.springframework.security.web.authentication.AnonymousAuthenticationFilter@23ad71bf, org.springframework.security.web.session.SessionManagementFilter@73fbdf68, org.springframework.security.web.access.ExceptionTranslationFilter@3a36cd5, org.springframework.security.web.access.intercept.FilterSecurityInterceptor@43f03c23] 
2023-05-22 12:20:59,390 [task-1] DEBUG [HikariPool] [RRN="] - [STAN="] - HikariPool-1 - Added connection com.mysql.cj.jdbc.ConnectionImpl@483214a3 
2023-05-22 12:20:59,392 [task-1] INFO  [HikariDataSource] [RRN="] - [STAN="] - HikariPool-1 - Start completed. 
2023-05-22 12:20:59,431 [task-1] INFO  [Dialect] [RRN="] - [STAN="] - HHH000400: Using dialect: org.hibernate.dialect.MySQL8Dialect 
2023-05-22 12:20:59,508 [HikariPool-1 housekeeper] DEBUG [HikariPool] [RRN="] - [STAN="] - HikariPool-1 - Pool stats (total=1, active=1, idle=0, waiting=0) 
2023-05-22 12:20:59,514 [HikariPool-1 connection adder] DEBUG [HikariPool] [RRN="] - [STAN="] - HikariPool-1 - Added connection com.mysql.cj.jdbc.ConnectionImpl@3dd0c4d6 
2023-05-22 12:20:59,518 [HikariPool-1 connection adder] DEBUG [HikariPool] [RRN="] - [STAN="] - HikariPool-1 - Added connection com.mysql.cj.jdbc.ConnectionImpl@7cedceed 
2023-05-22 12:20:59,523 [HikariPool-1 connection adder] DEBUG [HikariPool] [RRN="] - [STAN="] - HikariPool-1 - Added connection com.mysql.cj.jdbc.ConnectionImpl@4ddb30c8 
2023-05-22 12:20:59,527 [HikariPool-1 connection adder] DEBUG [HikariPool] [RRN="] - [STAN="] - HikariPool-1 - Added connection com.mysql.cj.jdbc.ConnectionImpl@1cc231a2 
2023-05-22 12:20:59,531 [HikariPool-1 connection adder] DEBUG [HikariPool] [RRN="] - [STAN="] - HikariPool-1 - Added connection com.mysql.cj.jdbc.ConnectionImpl@4b3b0ba8 
2023-05-22 12:20:59,536 [HikariPool-1 connection adder] DEBUG [HikariPool] [RRN="] - [STAN="] - HikariPool-1 - Added connection com.mysql.cj.jdbc.ConnectionImpl@188cc9d9 
2023-05-22 12:20:59,540 [HikariPool-1 connection adder] DEBUG [HikariPool] [RRN="] - [STAN="] - HikariPool-1 - Added connection com.mysql.cj.jdbc.ConnectionImpl@25abf9a8 
2023-05-22 12:20:59,543 [HikariPool-1 connection adder] DEBUG [HikariPool] [RRN="] - [STAN="] - HikariPool-1 - Added connection com.mysql.cj.jdbc.ConnectionImpl@75316f1e 
2023-05-22 12:20:59,547 [HikariPool-1 connection adder] DEBUG [HikariPool] [RRN="] - [STAN="] - HikariPool-1 - Added connection com.mysql.cj.jdbc.ConnectionImpl@1bfdd363 
2023-05-22 12:20:59,547 [HikariPool-1 connection adder] DEBUG [HikariPool] [RRN="] - [STAN="] - HikariPool-1 - After adding stats (total=10, active=0, idle=10, waiting=0) 
2023-05-22 12:20:59,676 [main] INFO  [Http11NioProtocol] [RRN="] - [STAN="] - Starting ProtocolHandler ["http-nio-9090"] 
2023-05-22 12:20:59,710 [main] INFO  [TomcatWebServer] [RRN="] - [STAN="] - Tomcat started on port(s): 9090 (http) with context path '' 
2023-05-22 12:20:59,712 [main] INFO  [DocumentationPluginsBootstrapper] [RRN="] - [STAN="] - Context refreshed 
2023-05-22 12:20:59,747 [main] INFO  [DocumentationPluginsBootstrapper] [RRN="] - [STAN="] - Found 1 custom documentation plugin(s) 
2023-05-22 12:20:59,787 [main] INFO  [ApiListingReferenceScanner] [RRN="] - [STAN="] - Scanning for api listing references 
2023-05-22 12:20:59,970 [main] INFO  [CachingOperationNameGenerator] [RRN="] - [STAN="] - Generating unique operation named: syncModelUsingGET_1 
2023-05-22 12:20:59,988 [main] INFO  [DeferredRepositoryInitializationListener] [RRN="] - [STAN="] - Triggering deferred initialization of Spring Data repositories… 
2023-05-22 12:21:00,659 [task-1] INFO  [JtaPlatformInitiator] [RRN="] - [STAN="] - HHH000490: Using JtaPlatform implementation: [org.hibernate.engine.transaction.jta.platform.internal.NoJtaPlatform] 
2023-05-22 12:21:00,673 [task-1] INFO  [LocalContainerEntityManagerFactoryBean] [RRN="] - [STAN="] - Initialized JPA EntityManagerFactory for persistence unit 'default' 
2023-05-22 12:21:01,192 [main] INFO  [DeferredRepositoryInitializationListener] [RRN="] - [STAN="] - Spring Data repositories initialized! 
2023-05-22 12:21:01,213 [main] INFO  [FederatedServerApplication] [RRN="] - [STAN="] - Started FederatedServerApplication in 7.115 seconds (JVM running for 7.654) 
2023-05-22 12:21:29,519 [HikariPool-1 housekeeper] DEBUG [HikariPool] [RRN="] - [STAN="] - HikariPool-1 - Pool stats (total=10, active=0, idle=10, waiting=0) 
2023-05-22 12:21:29,520 [HikariPool-1 housekeeper] DEBUG [HikariPool] [RRN="] - [STAN="] - HikariPool-1 - Fill pool skipped, pool is at sufficient level. 
2023-05-22 12:21:59,526 [HikariPool-1 housekeeper] DEBUG [HikariPool] [RRN="] - [STAN="] - HikariPool-1 - Pool stats (total=10, active=0, idle=10, waiting=0) 
2023-05-22 12:21:59,526 [HikariPool-1 housekeeper] DEBUG [HikariPool] [RRN="] - [STAN="] - HikariPool-1 - Fill pool skipped, pool is at sufficient level. 
2023-05-22 12:22:29,537 [HikariPool-1 housekeeper] DEBUG [HikariPool] [RRN="] - [STAN="] - HikariPool-1 - Pool stats (total=10, active=0, idle=10, waiting=0) 
2023-05-22 12:22:29,537 [HikariPool-1 housekeeper] DEBUG [HikariPool] [RRN="] - [STAN="] - HikariPool-1 - Fill pool skipped, pool is at sufficient level. 
2023-05-22 12:22:59,548 [HikariPool-1 housekeeper] DEBUG [HikariPool] [RRN="] - [STAN="] - HikariPool-1 - Pool stats (total=10, active=0, idle=10, waiting=0) 
2023-05-22 12:22:59,549 [HikariPool-1 housekeeper] DEBUG [HikariPool] [RRN="] - [STAN="] - HikariPool-1 - Fill pool skipped, pool is at sufficient level. 
2023-05-22 12:23:05,266 [http-nio-9090-exec-1] INFO  [[/]] [RRN="] - [STAN="] - Initializing Spring DispatcherServlet 'dispatcherServlet' 
2023-05-22 12:23:05,267 [http-nio-9090-exec-1] INFO  [DispatcherServlet] [RRN="] - [STAN="] - Initializing Servlet 'dispatcherServlet' 
2023-05-22 12:23:05,279 [http-nio-9090-exec-1] INFO  [DispatcherServlet] [RRN="] - [STAN="] - Completed initialization in 12 ms 
2023-05-22 12:23:29,555 [HikariPool-1 housekeeper] DEBUG [HikariPool] [RRN="] - [STAN="] - HikariPool-1 - Pool stats (total=10, active=0, idle=10, waiting=0) 
2023-05-22 12:23:29,555 [HikariPool-1 housekeeper] DEBUG [HikariPool] [RRN="] - [STAN="] - HikariPool-1 - Fill pool skipped, pool is at sufficient level. 
2023-05-22 12:23:59,578 [HikariPool-1 housekeeper] DEBUG [HikariPool] [RRN="] - [STAN="] - HikariPool-1 - Pool stats (total=10, active=0, idle=10, waiting=0) 
2023-05-22 12:23:59,578 [HikariPool-1 housekeeper] DEBUG [HikariPool] [RRN="] - [STAN="] - HikariPool-1 - Fill pool skipped, pool is at sufficient level. 
2023-05-22 12:24:29,589 [HikariPool-1 housekeeper] DEBUG [HikariPool] [RRN="] - [STAN="] - HikariPool-1 - Pool stats (total=10, active=0, idle=10, waiting=0) 
2023-05-22 12:24:29,589 [HikariPool-1 housekeeper] DEBUG [HikariPool] [RRN="] - [STAN="] - HikariPool-1 - Fill pool skipped, pool is at sufficient level. 
2023-05-22 12:24:59,595 [HikariPool-1 housekeeper] DEBUG [HikariPool] [RRN="] - [STAN="] - HikariPool-1 - Pool stats (total=10, active=0, idle=10, waiting=0) 
2023-05-22 12:24:59,595 [HikariPool-1 housekeeper] DEBUG [HikariPool] [RRN="] - [STAN="] - HikariPool-1 - Fill pool skipped, pool is at sufficient level. 
2023-05-22 12:25:29,602 [HikariPool-1 housekeeper] DEBUG [HikariPool] [RRN="] - [STAN="] - HikariPool-1 - Pool stats (total=10, active=0, idle=10, waiting=0) 
2023-05-22 12:25:29,602 [HikariPool-1 housekeeper] DEBUG [HikariPool] [RRN="] - [STAN="] - HikariPool-1 - Fill pool skipped, pool is at sufficient level. 
2023-05-22 12:25:59,611 [HikariPool-1 housekeeper] DEBUG [HikariPool] [RRN="] - [STAN="] - HikariPool-1 - Pool stats (total=10, active=0, idle=10, waiting=0) 
2023-05-22 12:25:59,611 [HikariPool-1 housekeeper] DEBUG [HikariPool] [RRN="] - [STAN="] - HikariPool-1 - Fill pool skipped, pool is at sufficient level. 
2023-05-22 12:26:29,625 [HikariPool-1 housekeeper] DEBUG [HikariPool] [RRN="] - [STAN="] - HikariPool-1 - Pool stats (total=10, active=0, idle=10, waiting=0) 
2023-05-22 12:26:29,625 [HikariPool-1 housekeeper] DEBUG [HikariPool] [RRN="] - [STAN="] - HikariPool-1 - Fill pool skipped, pool is at sufficient level. 
2023-05-22 12:26:59,630 [HikariPool-1 housekeeper] DEBUG [HikariPool] [RRN="] - [STAN="] - HikariPool-1 - Pool stats (total=10, active=0, idle=10, waiting=0) 
2023-05-22 12:26:59,631 [HikariPool-1 housekeeper] DEBUG [HikariPool] [RRN="] - [STAN="] - HikariPool-1 - Fill pool skipped, pool is at sufficient level. 
2023-05-22 12:27:17,231 [http-nio-9090-exec-7] INFO  [JwtAuthenticationController] [RRN="] - [STAN="] - Authenticating : User : admin 
2023-05-22 12:27:29,632 [HikariPool-1 housekeeper] DEBUG [HikariPool] [RRN="] - [STAN="] - HikariPool-1 - Pool stats (total=10, active=0, idle=10, waiting=0) 
2023-05-22 12:27:29,632 [HikariPool-1 housekeeper] DEBUG [HikariPool] [RRN="] - [STAN="] - HikariPool-1 - Fill pool skipped, pool is at sufficient level. 
2023-05-22 12:27:45,536 [http-nio-9090-exec-2] INFO  [ServiceController] [RRN="] - [STAN="] - Request received to get all the machine learning models @ V1 
2023-05-22 12:27:45,536 [http-nio-9090-exec-2] INFO  [RestServerServiceImpl] [RRN="] - [STAN="] - Incoming request to pull all the model parameters. 
2023-05-22 12:27:45,536 [http-nio-9090-exec-2] INFO  [MlModelUtil] [RRN="] - [STAN="] - method: getAllModel 
2023-05-22 12:27:59,642 [HikariPool-1 housekeeper] DEBUG [HikariPool] [RRN="] - [STAN="] - HikariPool-1 - Pool stats (total=10, active=0, idle=10, waiting=0) 
2023-05-22 12:27:59,642 [HikariPool-1 housekeeper] DEBUG [HikariPool] [RRN="] - [STAN="] - HikariPool-1 - Fill pool skipped, pool is at sufficient level. 
2023-05-22 12:28:29,648 [HikariPool-1 housekeeper] DEBUG [HikariPool] [RRN="] - [STAN="] - HikariPool-1 - Pool stats (total=10, active=0, idle=10, waiting=0) 
2023-05-22 12:28:29,648 [HikariPool-1 housekeeper] DEBUG [HikariPool] [RRN="] - [STAN="] - HikariPool-1 - Fill pool skipped, pool is at sufficient level. 
2023-05-22 12:28:59,651 [HikariPool-1 housekeeper] DEBUG [HikariPool] [RRN="] - [STAN="] - HikariPool-1 - Pool stats (total=10, active=0, idle=10, waiting=0) 
2023-05-22 12:28:59,651 [HikariPool-1 housekeeper] DEBUG [HikariPool] [RRN="] - [STAN="] - HikariPool-1 - Fill pool skipped, pool is at sufficient level. 
2023-05-22 12:29:29,654 [HikariPool-1 housekeeper] DEBUG [HikariPool] [RRN="] - [STAN="] - HikariPool-1 - Pool stats (total=10, active=0, idle=10, waiting=0) 
2023-05-22 12:29:29,655 [HikariPool-1 housekeeper] DEBUG [HikariPool] [RRN="] - [STAN="] - HikariPool-1 - Fill pool skipped, pool is at sufficient level. 
2023-05-22 12:29:59,668 [HikariPool-1 housekeeper] DEBUG [HikariPool] [RRN="] - [STAN="] - HikariPool-1 - Pool stats (total=10, active=0, idle=10, waiting=0) 
2023-05-22 12:29:59,668 [HikariPool-1 housekeeper] DEBUG [HikariPool] [RRN="] - [STAN="] - HikariPool-1 - Fill pool skipped, pool is at sufficient level. 
2023-05-22 12:30:29,678 [HikariPool-1 housekeeper] DEBUG [HikariPool] [RRN="] - [STAN="] - HikariPool-1 - Pool stats (total=10, active=0, idle=10, waiting=0) 
2023-05-22 12:30:29,679 [HikariPool-1 housekeeper] DEBUG [HikariPool] [RRN="] - [STAN="] - HikariPool-1 - Fill pool skipped, pool is at sufficient level. 
2023-05-22 12:30:59,694 [HikariPool-1 housekeeper] DEBUG [HikariPool] [RRN="] - [STAN="] - HikariPool-1 - Pool stats (total=10, active=0, idle=10, waiting=0) 
2023-05-22 12:30:59,695 [HikariPool-1 housekeeper] DEBUG [HikariPool] [RRN="] - [STAN="] - HikariPool-1 - Fill pool skipped, pool is at sufficient level. 
2023-05-22 12:31:29,709 [HikariPool-1 housekeeper] DEBUG [HikariPool] [RRN="] - [STAN="] - HikariPool-1 - Pool stats (total=10, active=0, idle=10, waiting=0) 
2023-05-22 12:31:29,709 [HikariPool-1 housekeeper] DEBUG [HikariPool] [RRN="] - [STAN="] - HikariPool-1 - Fill pool skipped, pool is at sufficient level. 
2023-05-22 12:31:59,715 [HikariPool-1 housekeeper] DEBUG [HikariPool] [RRN="] - [STAN="] - HikariPool-1 - Pool stats (total=10, active=0, idle=10, waiting=0) 
2023-05-22 12:31:59,715 [HikariPool-1 housekeeper] DEBUG [HikariPool] [RRN="] - [STAN="] - HikariPool-1 - Fill pool skipped, pool is at sufficient level. 
2023-05-22 12:32:29,727 [HikariPool-1 housekeeper] DEBUG [HikariPool] [RRN="] - [STAN="] - HikariPool-1 - Pool stats (total=10, active=0, idle=10, waiting=0) 
2023-05-22 12:32:29,727 [HikariPool-1 housekeeper] DEBUG [HikariPool] [RRN="] - [STAN="] - HikariPool-1 - Fill pool skipped, pool is at sufficient level. 
2023-05-22 12:32:59,729 [HikariPool-1 housekeeper] DEBUG [HikariPool] [RRN="] - [STAN="] - HikariPool-1 - Pool stats (total=10, active=0, idle=10, waiting=0) 
2023-05-22 12:32:59,729 [HikariPool-1 housekeeper] DEBUG [HikariPool] [RRN="] - [STAN="] - HikariPool-1 - Fill pool skipped, pool is at sufficient level. 
2023-05-22 12:33:29,738 [HikariPool-1 housekeeper] DEBUG [HikariPool] [RRN="] - [STAN="] - HikariPool-1 - Pool stats (total=10, active=0, idle=10, waiting=0) 
2023-05-22 12:33:29,738 [HikariPool-1 housekeeper] DEBUG [HikariPool] [RRN="] - [STAN="] - HikariPool-1 - Fill pool skipped, pool is at sufficient level. 
2023-05-22 12:33:59,746 [HikariPool-1 housekeeper] DEBUG [HikariPool] [RRN="] - [STAN="] - HikariPool-1 - Pool stats (total=10, active=0, idle=10, waiting=0) 
2023-05-22 12:33:59,747 [HikariPool-1 housekeeper] DEBUG [HikariPool] [RRN="] - [STAN="] - HikariPool-1 - Fill pool skipped, pool is at sufficient level. 
2023-05-22 12:34:29,749 [HikariPool-1 housekeeper] DEBUG [HikariPool] [RRN="] - [STAN="] - HikariPool-1 - Pool stats (total=10, active=0, idle=10, waiting=0) 
2023-05-22 12:34:29,750 [HikariPool-1 housekeeper] DEBUG [HikariPool] [RRN="] - [STAN="] - HikariPool-1 - Fill pool skipped, pool is at sufficient level. 
2023-05-22 12:34:59,764 [HikariPool-1 housekeeper] DEBUG [HikariPool] [RRN="] - [STAN="] - HikariPool-1 - Pool stats (total=10, active=0, idle=10, waiting=0) 
2023-05-22 12:34:59,764 [HikariPool-1 housekeeper] DEBUG [HikariPool] [RRN="] - [STAN="] - HikariPool-1 - Fill pool skipped, pool is at sufficient level. 
2023-05-22 12:35:29,766 [HikariPool-1 housekeeper] DEBUG [HikariPool] [RRN="] - [STAN="] - HikariPool-1 - Pool stats (total=10, active=0, idle=10, waiting=0) 
2023-05-22 12:35:29,766 [HikariPool-1 housekeeper] DEBUG [HikariPool] [RRN="] - [STAN="] - HikariPool-1 - Fill pool skipped, pool is at sufficient level. 
2023-05-22 12:35:59,770 [HikariPool-1 housekeeper] DEBUG [HikariPool] [RRN="] - [STAN="] - HikariPool-1 - Pool stats (total=10, active=0, idle=10, waiting=0) 
2023-05-22 12:35:59,770 [HikariPool-1 housekeeper] DEBUG [HikariPool] [RRN="] - [STAN="] - HikariPool-1 - Fill pool skipped, pool is at sufficient level. 
2023-05-22 12:36:29,772 [HikariPool-1 housekeeper] DEBUG [HikariPool] [RRN="] - [STAN="] - HikariPool-1 - Pool stats (total=10, active=0, idle=10, waiting=0) 
2023-05-22 12:36:29,772 [HikariPool-1 housekeeper] DEBUG [HikariPool] [RRN="] - [STAN="] - HikariPool-1 - Fill pool skipped, pool is at sufficient level. 
2023-05-22 12:36:59,780 [HikariPool-1 housekeeper] DEBUG [HikariPool] [RRN="] - [STAN="] - HikariPool-1 - Pool stats (total=10, active=0, idle=10, waiting=0) 
2023-05-22 12:36:59,780 [HikariPool-1 housekeeper] DEBUG [HikariPool] [RRN="] - [STAN="] - HikariPool-1 - Fill pool skipped, pool is at sufficient level. 
2023-05-22 12:37:29,785 [HikariPool-1 housekeeper] DEBUG [HikariPool] [RRN="] - [STAN="] - HikariPool-1 - Pool stats (total=10, active=0, idle=10, waiting=0) 
2023-05-22 12:37:29,785 [HikariPool-1 housekeeper] DEBUG [HikariPool] [RRN="] - [STAN="] - HikariPool-1 - Fill pool skipped, pool is at sufficient level. 
2023-05-22 12:37:59,787 [HikariPool-1 housekeeper] DEBUG [HikariPool] [RRN="] - [STAN="] - HikariPool-1 - Pool stats (total=10, active=0, idle=10, waiting=0) 
2023-05-22 12:37:59,788 [HikariPool-1 housekeeper] DEBUG [HikariPool] [RRN="] - [STAN="] - HikariPool-1 - Fill pool skipped, pool is at sufficient level. 
2023-05-22 12:38:29,801 [HikariPool-1 housekeeper] DEBUG [HikariPool] [RRN="] - [STAN="] - HikariPool-1 - Pool stats (total=10, active=0, idle=10, waiting=0) 
2023-05-22 12:38:29,803 [HikariPool-1 housekeeper] DEBUG [HikariPool] [RRN="] - [STAN="] - HikariPool-1 - Fill pool skipped, pool is at sufficient level. 
2023-05-22 12:38:59,813 [HikariPool-1 housekeeper] DEBUG [HikariPool] [RRN="] - [STAN="] - HikariPool-1 - Pool stats (total=10, active=0, idle=10, waiting=0) 
2023-05-22 12:38:59,813 [HikariPool-1 housekeeper] DEBUG [HikariPool] [RRN="] - [STAN="] - HikariPool-1 - Fill pool skipped, pool is at sufficient level. 
2023-05-22 12:39:29,820 [HikariPool-1 housekeeper] DEBUG [HikariPool] [RRN="] - [STAN="] - HikariPool-1 - Pool stats (total=10, active=0, idle=10, waiting=0) 
2023-05-22 12:39:29,820 [HikariPool-1 housekeeper] DEBUG [HikariPool] [RRN="] - [STAN="] - HikariPool-1 - Fill pool skipped, pool is at sufficient level. 
2023-05-22 12:39:59,832 [HikariPool-1 housekeeper] DEBUG [HikariPool] [RRN="] - [STAN="] - HikariPool-1 - Pool stats (total=10, active=0, idle=10, waiting=0) 
2023-05-22 12:39:59,833 [HikariPool-1 housekeeper] DEBUG [HikariPool] [RRN="] - [STAN="] - HikariPool-1 - Fill pool skipped, pool is at sufficient level. 
2023-05-22 12:40:29,839 [HikariPool-1 housekeeper] DEBUG [HikariPool] [RRN="] - [STAN="] - HikariPool-1 - Pool stats (total=10, active=0, idle=10, waiting=0) 
2023-05-22 12:40:29,839 [HikariPool-1 housekeeper] DEBUG [HikariPool] [RRN="] - [STAN="] - HikariPool-1 - Fill pool skipped, pool is at sufficient level. 
2023-05-22 12:55:59,696 [main] INFO  [FederatedServerApplication] [RRN="] - [STAN="] - Starting FederatedServerApplication on Hasnain-Rabbani with PID 27444 (E:\Workspace\Eclipse\zeroinfinity\thesis\federated-server\federated-server\target\classes started by hp in E:\Workspace\Eclipse\zeroinfinity\thesis\federated-server\federated-server) 
2023-05-22 12:55:59,699 [main] INFO  [FederatedServerApplication] [RRN="] - [STAN="] - No active profile set, falling back to default profiles: default 
2023-05-22 12:56:00,760 [main] INFO  [RepositoryConfigurationDelegate] [RRN="] - [STAN="] - Bootstrapping Spring Data JPA repositories in DEFERRED mode. 
2023-05-22 12:56:00,829 [main] INFO  [RepositoryConfigurationDelegate] [RRN="] - [STAN="] - Finished Spring Data repository scanning in 61ms. Found 3 JPA repository interfaces. 
2023-05-22 12:56:01,133 [main] INFO  [EnableEncryptablePropertiesBeanFactoryPostProcessor] [RRN="] - [STAN="] - Post-processing PropertySource instances 
2023-05-22 12:56:01,255 [main] INFO  [EncryptablePropertySourceConverter] [RRN="] - [STAN="] - Converting PropertySource configurationProperties [org.springframework.boot.context.properties.source.ConfigurationPropertySourcesPropertySource] to AOP Proxy 
2023-05-22 12:56:01,255 [main] INFO  [EncryptablePropertySourceConverter] [RRN="] - [STAN="] - Converting PropertySource servletConfigInitParams [org.springframework.core.env.PropertySource$StubPropertySource] to EncryptablePropertySourceWrapper 
2023-05-22 12:56:01,255 [main] INFO  [EncryptablePropertySourceConverter] [RRN="] - [STAN="] - Converting PropertySource servletContextInitParams [org.springframework.core.env.PropertySource$StubPropertySource] to EncryptablePropertySourceWrapper 
2023-05-22 12:56:01,255 [main] INFO  [EncryptablePropertySourceConverter] [RRN="] - [STAN="] - Converting PropertySource systemProperties [org.springframework.core.env.PropertiesPropertySource] to EncryptableMapPropertySourceWrapper 
2023-05-22 12:56:01,255 [main] INFO  [EncryptablePropertySourceConverter] [RRN="] - [STAN="] - Converting PropertySource systemEnvironment [org.springframework.boot.env.SystemEnvironmentPropertySourceEnvironmentPostProcessor$OriginAwareSystemEnvironmentPropertySource] to EncryptableSystemEnvironmentPropertySourceWrapper 
2023-05-22 12:56:01,256 [main] INFO  [EncryptablePropertySourceConverter] [RRN="] - [STAN="] - Converting PropertySource random [org.springframework.boot.env.RandomValuePropertySource] to EncryptablePropertySourceWrapper 
2023-05-22 12:56:01,256 [main] INFO  [EncryptablePropertySourceConverter] [RRN="] - [STAN="] - Converting PropertySource applicationConfig: [file:./application.yml] [org.springframework.boot.env.OriginTrackedMapPropertySource] to EncryptableMapPropertySourceWrapper 
2023-05-22 12:56:01,563 [main] INFO  [DefaultLazyPropertyFilter] [RRN="] - [STAN="] - Property Filter custom Bean not found with name 'encryptablePropertyFilter'. Initializing Default Property Filter 
2023-05-22 12:56:02,786 [main] INFO  [TomcatWebServer] [RRN="] - [STAN="] - Tomcat initialized with port(s): 9090 (http) 
2023-05-22 12:56:02,795 [main] INFO  [Http11NioProtocol] [RRN="] - [STAN="] - Initializing ProtocolHandler ["http-nio-9090"] 
2023-05-22 12:56:02,795 [main] INFO  [StandardService] [RRN="] - [STAN="] - Starting service [Tomcat] 
2023-05-22 12:56:02,796 [main] INFO  [StandardEngine] [RRN="] - [STAN="] - Starting Servlet engine: [Apache Tomcat/9.0.36] 
2023-05-22 12:56:02,892 [main] INFO  [[/]] [RRN="] - [STAN="] - Initializing Spring embedded WebApplicationContext 
2023-05-22 12:56:02,892 [main] INFO  [ServletWebServerApplicationContext] [RRN="] - [STAN="] - Root WebApplicationContext: initialization completed in 3110 ms 
2023-05-22 12:56:02,899 [main] INFO  [DefaultLazyPropertyResolver] [RRN="] - [STAN="] - Property Resolver custom Bean not found with name 'encryptablePropertyResolver'. Initializing Default Property Resolver 
2023-05-22 12:56:02,904 [main] INFO  [DefaultLazyPropertyDetector] [RRN="] - [STAN="] - Property Detector custom Bean not found with name 'encryptablePropertyDetector'. Initializing Default Property Detector 
2023-05-22 12:56:03,027 [main] DEBUG [HikariConfig] [RRN="] - [STAN="] - Driver class com.mysql.cj.jdbc.Driver found in Thread context class loader sun.misc.Launcher$AppClassLoader@73d16e93 
2023-05-22 12:56:03,117 [main] INFO  [ThreadPoolTaskExecutor] [RRN="] - [STAN="] - Initializing ExecutorService 'applicationTaskExecutor' 
2023-05-22 12:56:03,174 [task-1] INFO  [LogHelper] [RRN="] - [STAN="] - HHH000204: Processing PersistenceUnitInfo [name: default] 
2023-05-22 12:56:03,219 [main] WARN  [JpaBaseConfiguration$JpaWebConfiguration] [RRN="] - [STAN="] - spring.jpa.open-in-view is enabled by default. Therefore, database queries may be performed during view rendering. Explicitly configure spring.jpa.open-in-view to disable this warning 
2023-05-22 12:56:03,258 [task-1] INFO  [Version] [RRN="] - [STAN="] - HHH000412: Hibernate ORM core version 5.4.17.Final 
2023-05-22 12:56:03,510 [task-1] INFO  [Version] [RRN="] - [STAN="] - HCANN000001: Hibernate Commons Annotations {5.1.0.Final} 
2023-05-22 12:56:03,690 [task-1] DEBUG [HikariConfig] [RRN="] - [STAN="] - HikariPool-1 - configuration: 
2023-05-22 12:56:03,693 [task-1] DEBUG [HikariConfig] [RRN="] - [STAN="] - allowPoolSuspension.............false 
2023-05-22 12:56:03,694 [task-1] DEBUG [HikariConfig] [RRN="] - [STAN="] - autoCommit......................true 
2023-05-22 12:56:03,694 [task-1] DEBUG [HikariConfig] [RRN="] - [STAN="] - catalog.........................none 
2023-05-22 12:56:03,694 [task-1] DEBUG [HikariConfig] [RRN="] - [STAN="] - connectionInitSql...............none 
2023-05-22 12:56:03,694 [task-1] DEBUG [HikariConfig] [RRN="] - [STAN="] - connectionTestQuery.............none 
2023-05-22 12:56:03,694 [task-1] DEBUG [HikariConfig] [RRN="] - [STAN="] - connectionTimeout...............30000 
2023-05-22 12:56:03,694 [task-1] DEBUG [HikariConfig] [RRN="] - [STAN="] - dataSource......................none 
2023-05-22 12:56:03,694 [task-1] DEBUG [HikariConfig] [RRN="] - [STAN="] - dataSourceClassName.............none 
2023-05-22 12:56:03,694 [task-1] DEBUG [HikariConfig] [RRN="] - [STAN="] - dataSourceJNDI..................none 
2023-05-22 12:56:03,695 [task-1] DEBUG [HikariConfig] [RRN="] - [STAN="] - dataSourceProperties............{password=<masked>} 
2023-05-22 12:56:03,695 [task-1] DEBUG [HikariConfig] [RRN="] - [STAN="] - driverClassName................."com.mysql.cj.jdbc.Driver" 
2023-05-22 12:56:03,695 [task-1] DEBUG [HikariConfig] [RRN="] - [STAN="] - exceptionOverrideClassName......none 
2023-05-22 12:56:03,696 [task-1] DEBUG [HikariConfig] [RRN="] - [STAN="] - healthCheckProperties...........{} 
2023-05-22 12:56:03,696 [task-1] DEBUG [HikariConfig] [RRN="] - [STAN="] - healthCheckRegistry.............none 
2023-05-22 12:56:03,696 [task-1] DEBUG [HikariConfig] [RRN="] - [STAN="] - idleTimeout.....................600000 
2023-05-22 12:56:03,696 [task-1] DEBUG [HikariConfig] [RRN="] - [STAN="] - initializationFailTimeout.......1 
2023-05-22 12:56:03,696 [task-1] DEBUG [HikariConfig] [RRN="] - [STAN="] - isolateInternalQueries..........false 
2023-05-22 12:56:03,696 [task-1] DEBUG [HikariConfig] [RRN="] - [STAN="] - jdbcUrl.........................jdbc:mysql://localhost:3306/test 
2023-05-22 12:56:03,696 [task-1] DEBUG [HikariConfig] [RRN="] - [STAN="] - leakDetectionThreshold..........0 
2023-05-22 12:56:03,696 [task-1] DEBUG [HikariConfig] [RRN="] - [STAN="] - maxLifetime.....................1800000 
2023-05-22 12:56:03,696 [task-1] DEBUG [HikariConfig] [RRN="] - [STAN="] - maximumPoolSize.................10 
2023-05-22 12:56:03,697 [task-1] DEBUG [HikariConfig] [RRN="] - [STAN="] - metricRegistry..................none 
2023-05-22 12:56:03,697 [task-1] DEBUG [HikariConfig] [RRN="] - [STAN="] - metricsTrackerFactory...........none 
2023-05-22 12:56:03,697 [task-1] DEBUG [HikariConfig] [RRN="] - [STAN="] - minimumIdle.....................10 
2023-05-22 12:56:03,697 [task-1] DEBUG [HikariConfig] [RRN="] - [STAN="] - password........................<masked> 
2023-05-22 12:56:03,697 [task-1] DEBUG [HikariConfig] [RRN="] - [STAN="] - poolName........................"HikariPool-1" 
2023-05-22 12:56:03,697 [task-1] DEBUG [HikariConfig] [RRN="] - [STAN="] - readOnly........................false 
2023-05-22 12:56:03,697 [task-1] DEBUG [HikariConfig] [RRN="] - [STAN="] - registerMbeans..................false 
2023-05-22 12:56:03,697 [task-1] DEBUG [HikariConfig] [RRN="] - [STAN="] - scheduledExecutor...............none 
2023-05-22 12:56:03,697 [task-1] DEBUG [HikariConfig] [RRN="] - [STAN="] - schema..........................none 
2023-05-22 12:56:03,697 [task-1] DEBUG [HikariConfig] [RRN="] - [STAN="] - threadFactory...................internal 
2023-05-22 12:56:03,697 [task-1] DEBUG [HikariConfig] [RRN="] - [STAN="] - transactionIsolation............default 
2023-05-22 12:56:03,697 [task-1] DEBUG [HikariConfig] [RRN="] - [STAN="] - username........................"root" 
2023-05-22 12:56:03,697 [task-1] DEBUG [HikariConfig] [RRN="] - [STAN="] - validationTimeout...............5000 
2023-05-22 12:56:03,697 [task-1] INFO  [HikariDataSource] [RRN="] - [STAN="] - HikariPool-1 - Starting... 
2023-05-22 12:56:03,873 [main] INFO  [DefaultSecurityFilterChain] [RRN="] - [STAN="] - Creating filter chain: Ant [pattern='/v2/api-docs'], [] 
2023-05-22 12:56:03,873 [main] INFO  [DefaultSecurityFilterChain] [RRN="] - [STAN="] - Creating filter chain: Ant [pattern='/configuration/ui'], [] 
2023-05-22 12:56:03,873 [main] INFO  [DefaultSecurityFilterChain] [RRN="] - [STAN="] - Creating filter chain: Ant [pattern='/swagger-resources/**'], [] 
2023-05-22 12:56:03,873 [main] INFO  [DefaultSecurityFilterChain] [RRN="] - [STAN="] - Creating filter chain: Ant [pattern='/configuration/**'], [] 
2023-05-22 12:56:03,873 [main] INFO  [DefaultSecurityFilterChain] [RRN="] - [STAN="] - Creating filter chain: Ant [pattern='/swagger-ui.html'], [] 
2023-05-22 12:56:03,873 [main] INFO  [DefaultSecurityFilterChain] [RRN="] - [STAN="] - Creating filter chain: Ant [pattern='/webjars/**'], [] 
2023-05-22 12:56:03,921 [main] INFO  [PropertySourcedRequestMappingHandlerMapping] [RRN="] - [STAN="] - Mapped URL path [/v2/api-docs] onto method [springfox.documentation.swagger2.web.Swagger2Controller#getDocumentation(String, HttpServletRequest)] 
2023-05-22 12:56:03,962 [task-1] DEBUG [HikariPool] [RRN="] - [STAN="] - HikariPool-1 - Added connection com.mysql.cj.jdbc.ConnectionImpl@46350f18 
2023-05-22 12:56:03,965 [task-1] INFO  [HikariDataSource] [RRN="] - [STAN="] - HikariPool-1 - Start completed. 
2023-05-22 12:56:03,992 [task-1] INFO  [Dialect] [RRN="] - [STAN="] - HHH000400: Using dialect: org.hibernate.dialect.MySQL8Dialect 
2023-05-22 12:56:04,048 [main] INFO  [DefaultSecurityFilterChain] [RRN="] - [STAN="] - Creating filter chain: any request, [org.springframework.security.web.context.request.async.WebAsyncManagerIntegrationFilter@15a3b42, org.springframework.security.web.context.SecurityContextPersistenceFilter@32d418a9, org.springframework.security.web.header.HeaderWriterFilter@52ae997b, org.springframework.web.filter.CorsFilter@52c9d3d0, org.springframework.security.web.authentication.logout.LogoutFilter@1c57f6b2, com.zeroinfinity.federatedserver.config.JwtRequestFilter@446626a7, org.springframework.security.web.savedrequest.RequestCacheAwareFilter@746c411c, org.springframework.security.web.servletapi.SecurityContextHolderAwareRequestFilter@3e377967, org.springframework.security.web.authentication.AnonymousAuthenticationFilter@17207f5b, org.springframework.security.web.session.SessionManagementFilter@71aaf151, org.springframework.security.web.access.ExceptionTranslationFilter@6b9fdbc6, org.springframework.security.web.access.intercept.FilterSecurityInterceptor@7e87ef9e] 
2023-05-22 12:56:04,080 [HikariPool-1 housekeeper] DEBUG [HikariPool] [RRN="] - [STAN="] - HikariPool-1 - Pool stats (total=1, active=0, idle=1, waiting=0) 
2023-05-22 12:56:04,118 [HikariPool-1 connection adder] DEBUG [HikariPool] [RRN="] - [STAN="] - HikariPool-1 - Added connection com.mysql.cj.jdbc.ConnectionImpl@4f312844 
2023-05-22 12:56:04,126 [HikariPool-1 connection adder] DEBUG [HikariPool] [RRN="] - [STAN="] - HikariPool-1 - Added connection com.mysql.cj.jdbc.ConnectionImpl@e0c227f 
2023-05-22 12:56:04,133 [HikariPool-1 connection adder] DEBUG [HikariPool] [RRN="] - [STAN="] - HikariPool-1 - Added connection com.mysql.cj.jdbc.ConnectionImpl@3fc8cf49 
2023-05-22 12:56:04,139 [HikariPool-1 connection adder] DEBUG [HikariPool] [RRN="] - [STAN="] - HikariPool-1 - Added connection com.mysql.cj.jdbc.ConnectionImpl@6e23dd30 
2023-05-22 12:56:04,144 [HikariPool-1 connection adder] DEBUG [HikariPool] [RRN="] - [STAN="] - HikariPool-1 - Added connection com.mysql.cj.jdbc.ConnectionImpl@358b539 
2023-05-22 12:56:04,148 [HikariPool-1 connection adder] DEBUG [HikariPool] [RRN="] - [STAN="] - HikariPool-1 - Added connection com.mysql.cj.jdbc.ConnectionImpl@6a6dc7ba 
2023-05-22 12:56:04,152 [HikariPool-1 connection adder] DEBUG [HikariPool] [RRN="] - [STAN="] - HikariPool-1 - Added connection com.mysql.cj.jdbc.ConnectionImpl@6a3967d1 
2023-05-22 12:56:04,155 [HikariPool-1 connection adder] DEBUG [HikariPool] [RRN="] - [STAN="] - HikariPool-1 - Added connection com.mysql.cj.jdbc.ConnectionImpl@4a336128 
2023-05-22 12:56:04,159 [HikariPool-1 connection adder] DEBUG [HikariPool] [RRN="] - [STAN="] - HikariPool-1 - Added connection com.mysql.cj.jdbc.ConnectionImpl@35685702 
2023-05-22 12:56:04,159 [HikariPool-1 connection adder] DEBUG [HikariPool] [RRN="] - [STAN="] - HikariPool-1 - After adding stats (total=10, active=0, idle=10, waiting=0) 
2023-05-22 12:56:04,367 [main] INFO  [Http11NioProtocol] [RRN="] - [STAN="] - Starting ProtocolHandler ["http-nio-9090"] 
2023-05-22 12:56:04,392 [main] INFO  [TomcatWebServer] [RRN="] - [STAN="] - Tomcat started on port(s): 9090 (http) with context path '' 
2023-05-22 12:56:04,394 [main] INFO  [DocumentationPluginsBootstrapper] [RRN="] - [STAN="] - Context refreshed 
2023-05-22 12:56:04,417 [main] INFO  [DocumentationPluginsBootstrapper] [RRN="] - [STAN="] - Found 1 custom documentation plugin(s) 
2023-05-22 12:56:04,456 [main] INFO  [ApiListingReferenceScanner] [RRN="] - [STAN="] - Scanning for api listing references 
2023-05-22 12:56:04,627 [main] INFO  [CachingOperationNameGenerator] [RRN="] - [STAN="] - Generating unique operation named: syncModelUsingGET_1 
2023-05-22 12:56:04,822 [main] INFO  [DeferredRepositoryInitializationListener] [RRN="] - [STAN="] - Triggering deferred initialization of Spring Data repositories… 
2023-05-22 12:56:05,553 [task-1] INFO  [JtaPlatformInitiator] [RRN="] - [STAN="] - HHH000490: Using JtaPlatform implementation: [org.hibernate.engine.transaction.jta.platform.internal.NoJtaPlatform] 
2023-05-22 12:56:05,563 [task-1] INFO  [LocalContainerEntityManagerFactoryBean] [RRN="] - [STAN="] - Initialized JPA EntityManagerFactory for persistence unit 'default' 
2023-05-22 12:56:05,957 [main] INFO  [DeferredRepositoryInitializationListener] [RRN="] - [STAN="] - Spring Data repositories initialized! 
2023-05-22 12:56:05,965 [main] INFO  [FederatedServerApplication] [RRN="] - [STAN="] - Started FederatedServerApplication in 6.824 seconds (JVM running for 7.296) 
2023-05-22 12:56:34,093 [HikariPool-1 housekeeper] DEBUG [HikariPool] [RRN="] - [STAN="] - HikariPool-1 - Pool stats (total=10, active=0, idle=10, waiting=0) 
2023-05-22 12:56:34,094 [HikariPool-1 housekeeper] DEBUG [HikariPool] [RRN="] - [STAN="] - HikariPool-1 - Fill pool skipped, pool is at sufficient level. 
2023-05-22 12:57:04,100 [HikariPool-1 housekeeper] DEBUG [HikariPool] [RRN="] - [STAN="] - HikariPool-1 - Pool stats (total=10, active=0, idle=10, waiting=0) 
2023-05-22 12:57:04,100 [HikariPool-1 housekeeper] DEBUG [HikariPool] [RRN="] - [STAN="] - HikariPool-1 - Fill pool skipped, pool is at sufficient level. 
2023-05-22 12:57:34,115 [HikariPool-1 housekeeper] DEBUG [HikariPool] [RRN="] - [STAN="] - HikariPool-1 - Pool stats (total=10, active=0, idle=10, waiting=0) 
2023-05-22 12:57:34,115 [HikariPool-1 housekeeper] DEBUG [HikariPool] [RRN="] - [STAN="] - HikariPool-1 - Fill pool skipped, pool is at sufficient level. 
2023-05-22 12:58:04,120 [HikariPool-1 housekeeper] DEBUG [HikariPool] [RRN="] - [STAN="] - HikariPool-1 - Pool stats (total=10, active=0, idle=10, waiting=0) 
2023-05-22 12:58:04,121 [HikariPool-1 housekeeper] DEBUG [HikariPool] [RRN="] - [STAN="] - HikariPool-1 - Fill pool skipped, pool is at sufficient level. 
2023-05-22 12:58:34,130 [HikariPool-1 housekeeper] DEBUG [HikariPool] [RRN="] - [STAN="] - HikariPool-1 - Pool stats (total=10, active=0, idle=10, waiting=0) 
2023-05-22 12:58:34,130 [HikariPool-1 housekeeper] DEBUG [HikariPool] [RRN="] - [STAN="] - HikariPool-1 - Fill pool skipped, pool is at sufficient level. 
2023-05-22 12:59:04,136 [HikariPool-1 housekeeper] DEBUG [HikariPool] [RRN="] - [STAN="] - HikariPool-1 - Pool stats (total=10, active=0, idle=10, waiting=0) 
2023-05-22 12:59:04,137 [HikariPool-1 housekeeper] DEBUG [HikariPool] [RRN="] - [STAN="] - HikariPool-1 - Fill pool skipped, pool is at sufficient level. 
2023-05-22 12:59:34,150 [HikariPool-1 housekeeper] DEBUG [HikariPool] [RRN="] - [STAN="] - HikariPool-1 - Pool stats (total=10, active=0, idle=10, waiting=0) 
2023-05-22 12:59:34,150 [HikariPool-1 housekeeper] DEBUG [HikariPool] [RRN="] - [STAN="] - HikariPool-1 - Fill pool skipped, pool is at sufficient level. 
2023-05-22 13:00:04,156 [HikariPool-1 housekeeper] DEBUG [HikariPool] [RRN="] - [STAN="] - HikariPool-1 - Pool stats (total=10, active=0, idle=10, waiting=0) 
2023-05-22 13:00:04,156 [HikariPool-1 housekeeper] DEBUG [HikariPool] [RRN="] - [STAN="] - HikariPool-1 - Fill pool skipped, pool is at sufficient level. 
2023-05-22 13:00:34,168 [HikariPool-1 housekeeper] DEBUG [HikariPool] [RRN="] - [STAN="] - HikariPool-1 - Pool stats (total=10, active=0, idle=10, waiting=0) 
2023-05-22 13:00:34,168 [HikariPool-1 housekeeper] DEBUG [HikariPool] [RRN="] - [STAN="] - HikariPool-1 - Fill pool skipped, pool is at sufficient level. 
2023-05-22 13:01:04,179 [HikariPool-1 housekeeper] DEBUG [HikariPool] [RRN="] - [STAN="] - HikariPool-1 - Pool stats (total=10, active=0, idle=10, waiting=0) 
2023-05-22 13:01:04,179 [HikariPool-1 housekeeper] DEBUG [HikariPool] [RRN="] - [STAN="] - HikariPool-1 - Fill pool skipped, pool is at sufficient level. 
2023-05-22 13:01:34,189 [HikariPool-1 housekeeper] DEBUG [HikariPool] [RRN="] - [STAN="] - HikariPool-1 - Pool stats (total=10, active=0, idle=10, waiting=0) 
2023-05-22 13:01:34,189 [HikariPool-1 housekeeper] DEBUG [HikariPool] [RRN="] - [STAN="] - HikariPool-1 - Fill pool skipped, pool is at sufficient level. 
2023-05-22 13:02:04,199 [HikariPool-1 housekeeper] DEBUG [HikariPool] [RRN="] - [STAN="] - HikariPool-1 - Pool stats (total=10, active=0, idle=10, waiting=0) 
2023-05-22 13:02:04,200 [HikariPool-1 housekeeper] DEBUG [HikariPool] [RRN="] - [STAN="] - HikariPool-1 - Fill pool skipped, pool is at sufficient level. 
2023-05-22 13:02:34,201 [HikariPool-1 housekeeper] DEBUG [HikariPool] [RRN="] - [STAN="] - HikariPool-1 - Pool stats (total=10, active=0, idle=10, waiting=0) 
2023-05-22 13:02:34,201 [HikariPool-1 housekeeper] DEBUG [HikariPool] [RRN="] - [STAN="] - HikariPool-1 - Fill pool skipped, pool is at sufficient level. 
2023-05-22 13:02:37,202 [http-nio-9090-exec-1] INFO  [[/]] [RRN="] - [STAN="] - Initializing Spring DispatcherServlet 'dispatcherServlet' 
2023-05-22 13:02:37,202 [http-nio-9090-exec-1] INFO  [DispatcherServlet] [RRN="] - [STAN="] - Initializing Servlet 'dispatcherServlet' 
2023-05-22 13:02:37,210 [http-nio-9090-exec-1] INFO  [DispatcherServlet] [RRN="] - [STAN="] - Completed initialization in 8 ms 
2023-05-22 13:02:37,625 [http-nio-9090-exec-1] INFO  [ServiceController] [RRN="] - [STAN="] - Request received to get all the machine learning models @ V1 
2023-05-22 13:02:37,625 [http-nio-9090-exec-1] INFO  [RestServerServiceImpl] [RRN="] - [STAN="] - Incoming request to pull all the model parameters. 
2023-05-22 13:02:51,050 [http-nio-9090-exec-3] INFO  [ServiceController] [RRN="] - [STAN="] - Request received to get all the machine learning models @ V1 
2023-05-22 13:02:51,050 [http-nio-9090-exec-3] INFO  [RestServerServiceImpl] [RRN="] - [STAN="] - Incoming request to pull all the model parameters. 
2023-05-22 13:03:04,209 [HikariPool-1 housekeeper] DEBUG [HikariPool] [RRN="] - [STAN="] - HikariPool-1 - Pool stats (total=10, active=0, idle=10, waiting=0) 
2023-05-22 13:03:04,209 [HikariPool-1 housekeeper] DEBUG [HikariPool] [RRN="] - [STAN="] - HikariPool-1 - Fill pool skipped, pool is at sufficient level. 
2023-05-22 13:03:11,605 [http-nio-9090-exec-9] INFO  [JwtAuthenticationController] [RRN="] - [STAN="] - Authenticating : User : admin 
2023-05-22 13:03:32,690 [http-nio-9090-exec-1] INFO  [ServiceController] [RRN="] - [STAN="] - Request received to get all the machine learning models @ V1 
2023-05-22 13:03:32,691 [http-nio-9090-exec-1] INFO  [RestServerServiceImpl] [RRN="] - [STAN="] - Incoming request to pull all the model parameters. 
2023-05-22 13:03:34,221 [HikariPool-1 housekeeper] DEBUG [HikariPool] [RRN="] - [STAN="] - HikariPool-1 - Pool stats (total=10, active=0, idle=10, waiting=0) 
2023-05-22 13:03:34,221 [HikariPool-1 housekeeper] DEBUG [HikariPool] [RRN="] - [STAN="] - HikariPool-1 - Fill pool skipped, pool is at sufficient level. 
2023-05-22 13:03:49,192 [http-nio-9090-exec-3] INFO  [ServiceController] [RRN="] - [STAN="] - Request received to get the specific machine learning model @ V1 
2023-05-22 13:03:49,192 [http-nio-9090-exec-3] INFO  [RestServerServiceImpl] [RRN="] - [STAN="] - Incoming request to pull the specific model parameters. 
2023-05-22 13:03:53,869 [http-nio-9090-exec-2] INFO  [ServiceController] [RRN="] - [STAN="] - Request received to get the specific machine learning model @ V1 
2023-05-22 13:03:53,871 [http-nio-9090-exec-2] INFO  [RestServerServiceImpl] [RRN="] - [STAN="] - Incoming request to pull the specific model parameters. 
2023-05-22 13:04:04,225 [HikariPool-1 housekeeper] DEBUG [HikariPool] [RRN="] - [STAN="] - HikariPool-1 - Pool stats (total=10, active=0, idle=10, waiting=0) 
2023-05-22 13:04:04,226 [HikariPool-1 housekeeper] DEBUG [HikariPool] [RRN="] - [STAN="] - HikariPool-1 - Fill pool skipped, pool is at sufficient level. 
2023-05-22 13:04:05,555 [http-nio-9090-exec-7] INFO  [ServiceController] [RRN="] - [STAN="] - Request received to get the specific machine learning model @ V1 
2023-05-22 13:04:05,556 [http-nio-9090-exec-7] INFO  [RestServerServiceImpl] [RRN="] - [STAN="] - Incoming request to pull the specific model parameters. 
2023-05-22 13:04:15,092 [http-nio-9090-exec-10] INFO  [ServiceController] [RRN="] - [STAN="] - Request received to get the specific machine learning model @ V1 
2023-05-22 13:04:15,093 [http-nio-9090-exec-10] INFO  [RestServerServiceImpl] [RRN="] - [STAN="] - Incoming request to pull the specific model parameters. 
2023-05-22 13:04:19,938 [http-nio-9090-exec-5] INFO  [ServiceController] [RRN="] - [STAN="] - Request received to get the specific machine learning model @ V1 
2023-05-22 13:04:19,938 [http-nio-9090-exec-5] INFO  [RestServerServiceImpl] [RRN="] - [STAN="] - Incoming request to pull the specific model parameters. 
2023-05-22 13:04:22,962 [http-nio-9090-exec-8] INFO  [ServiceController] [RRN="] - [STAN="] - Request received to get the specific machine learning model @ V1 
2023-05-22 13:04:22,962 [http-nio-9090-exec-8] INFO  [RestServerServiceImpl] [RRN="] - [STAN="] - Incoming request to pull the specific model parameters. 
2023-05-22 13:04:34,235 [HikariPool-1 housekeeper] DEBUG [HikariPool] [RRN="] - [STAN="] - HikariPool-1 - Pool stats (total=10, active=0, idle=10, waiting=0) 
2023-05-22 13:04:34,236 [HikariPool-1 housekeeper] DEBUG [HikariPool] [RRN="] - [STAN="] - HikariPool-1 - Fill pool skipped, pool is at sufficient level. 
2023-05-22 13:05:04,244 [HikariPool-1 housekeeper] DEBUG [HikariPool] [RRN="] - [STAN="] - HikariPool-1 - Pool stats (total=10, active=0, idle=10, waiting=0) 
2023-05-22 13:05:04,244 [HikariPool-1 housekeeper] DEBUG [HikariPool] [RRN="] - [STAN="] - HikariPool-1 - Fill pool skipped, pool is at sufficient level. 
2023-05-22 13:05:34,253 [HikariPool-1 housekeeper] DEBUG [HikariPool] [RRN="] - [STAN="] - HikariPool-1 - Pool stats (total=10, active=0, idle=10, waiting=0) 
2023-05-22 13:05:34,253 [HikariPool-1 housekeeper] DEBUG [HikariPool] [RRN="] - [STAN="] - HikariPool-1 - Fill pool skipped, pool is at sufficient level. 
2023-05-22 13:06:04,262 [HikariPool-1 housekeeper] DEBUG [HikariPool] [RRN="] - [STAN="] - HikariPool-1 - Pool stats (total=10, active=0, idle=10, waiting=0) 
2023-05-22 13:06:04,263 [HikariPool-1 housekeeper] DEBUG [HikariPool] [RRN="] - [STAN="] - HikariPool-1 - Fill pool skipped, pool is at sufficient level. 
2023-05-22 13:06:34,275 [HikariPool-1 housekeeper] DEBUG [HikariPool] [RRN="] - [STAN="] - HikariPool-1 - Pool stats (total=10, active=0, idle=10, waiting=0) 
2023-05-22 13:06:34,275 [HikariPool-1 housekeeper] DEBUG [HikariPool] [RRN="] - [STAN="] - HikariPool-1 - Fill pool skipped, pool is at sufficient level. 
