2023-09-11 22:19:57,171 [main] INFO  [FederatedServerApplication] [RRN="] - [STAN="] - Starting FederatedServerApplication on Hasnain-Rabbani with PID 19924 (E:\Workspace\Eclipse\zeroinfinity\thesis\federated-server\federated-server\target\classes started by hp in E:\Workspace\Eclipse\zeroinfinity\thesis\federated-server\federated-server) 
2023-09-11 22:19:57,179 [main] INFO  [FederatedServerApplication] [RRN="] - [STAN="] - No active profile set, falling back to default profiles: default 
2023-09-11 22:20:04,368 [main] INFO  [RepositoryConfigurationDelegate] [RRN="] - [STAN="] - Bootstrapping Spring Data JPA repositories in DEFERRED mode. 
2023-09-11 22:20:04,638 [main] INFO  [RepositoryConfigurationDelegate] [RRN="] - [STAN="] - Finished Spring Data repository scanning in 245ms. Found 3 JPA repository interfaces. 
2023-09-11 22:20:05,801 [main] INFO  [EnableEncryptablePropertiesBeanFactoryPostProcessor] [RRN="] - [STAN="] - Post-processing PropertySource instances 
2023-09-11 22:20:06,385 [main] INFO  [EncryptablePropertySourceConverter] [RRN="] - [STAN="] - Converting PropertySource configurationProperties [org.springframework.boot.context.properties.source.ConfigurationPropertySourcesPropertySource] to AOP Proxy 
2023-09-11 22:20:06,387 [main] INFO  [EncryptablePropertySourceConverter] [RRN="] - [STAN="] - Converting PropertySource servletConfigInitParams [org.springframework.core.env.PropertySource$StubPropertySource] to EncryptablePropertySourceWrapper 
2023-09-11 22:20:06,387 [main] INFO  [EncryptablePropertySourceConverter] [RRN="] - [STAN="] - Converting PropertySource servletContextInitParams [org.springframework.core.env.PropertySource$StubPropertySource] to EncryptablePropertySourceWrapper 
2023-09-11 22:20:06,388 [main] INFO  [EncryptablePropertySourceConverter] [RRN="] - [STAN="] - Converting PropertySource systemProperties [org.springframework.core.env.PropertiesPropertySource] to EncryptableMapPropertySourceWrapper 
2023-09-11 22:20:06,388 [main] INFO  [EncryptablePropertySourceConverter] [RRN="] - [STAN="] - Converting PropertySource systemEnvironment [org.springframework.boot.env.SystemEnvironmentPropertySourceEnvironmentPostProcessor$OriginAwareSystemEnvironmentPropertySource] to EncryptableSystemEnvironmentPropertySourceWrapper 
2023-09-11 22:20:06,388 [main] INFO  [EncryptablePropertySourceConverter] [RRN="] - [STAN="] - Converting PropertySource random [org.springframework.boot.env.RandomValuePropertySource] to EncryptablePropertySourceWrapper 
2023-09-11 22:20:06,388 [main] INFO  [EncryptablePropertySourceConverter] [RRN="] - [STAN="] - Converting PropertySource applicationConfig: [file:./application.yml] [org.springframework.boot.env.OriginTrackedMapPropertySource] to EncryptableMapPropertySourceWrapper 
2023-09-11 22:20:07,065 [main] INFO  [DefaultLazyPropertyFilter] [RRN="] - [STAN="] - Property Filter custom Bean not found with name 'encryptablePropertyFilter'. Initializing Default Property Filter 
2023-09-11 22:20:13,080 [main] INFO  [TomcatWebServer] [RRN="] - [STAN="] - Tomcat initialized with port(s): 9090 (http) 
2023-09-11 22:20:13,108 [main] INFO  [Http11NioProtocol] [RRN="] - [STAN="] - Initializing ProtocolHandler ["http-nio-9090"] 
2023-09-11 22:20:13,112 [main] INFO  [StandardService] [RRN="] - [STAN="] - Starting service [Tomcat] 
2023-09-11 22:20:13,112 [main] INFO  [StandardEngine] [RRN="] - [STAN="] - Starting Servlet engine: [Apache Tomcat/9.0.36] 
2023-09-11 22:20:13,661 [main] INFO  [[/]] [RRN="] - [STAN="] - Initializing Spring embedded WebApplicationContext 
2023-09-11 22:20:13,662 [main] INFO  [ServletWebServerApplicationContext] [RRN="] - [STAN="] - Root WebApplicationContext: initialization completed in 16200 ms 
2023-09-11 22:20:13,800 [main] INFO  [DefaultLazyPropertyResolver] [RRN="] - [STAN="] - Property Resolver custom Bean not found with name 'encryptablePropertyResolver'. Initializing Default Property Resolver 
2023-09-11 22:20:13,811 [main] INFO  [DefaultLazyPropertyDetector] [RRN="] - [STAN="] - Property Detector custom Bean not found with name 'encryptablePropertyDetector'. Initializing Default Property Detector 
2023-09-11 22:20:14,855 [main] DEBUG [HikariConfig] [RRN="] - [STAN="] - Driver class com.mysql.cj.jdbc.Driver found in Thread context class loader sun.misc.Launcher$AppClassLoader@73d16e93 
2023-09-11 22:20:16,096 [main] INFO  [ThreadPoolTaskExecutor] [RRN="] - [STAN="] - Initializing ExecutorService 'applicationTaskExecutor' 
2023-09-11 22:20:17,068 [task-1] INFO  [LogHelper] [RRN="] - [STAN="] - HHH000204: Processing PersistenceUnitInfo [name: default] 
2023-09-11 22:20:17,427 [main] WARN  [JpaBaseConfiguration$JpaWebConfiguration] [RRN="] - [STAN="] - spring.jpa.open-in-view is enabled by default. Therefore, database queries may be performed during view rendering. Explicitly configure spring.jpa.open-in-view to disable this warning 
2023-09-11 22:20:18,034 [task-1] INFO  [Version] [RRN="] - [STAN="] - HHH000412: Hibernate ORM core version 5.4.17.Final 
2023-09-11 22:20:19,241 [task-1] INFO  [Version] [RRN="] - [STAN="] - HCANN000001: Hibernate Commons Annotations {5.1.0.Final} 
2023-09-11 22:20:20,276 [task-1] DEBUG [HikariConfig] [RRN="] - [STAN="] - HikariPool-1 - configuration: 
2023-09-11 22:20:20,282 [task-1] DEBUG [HikariConfig] [RRN="] - [STAN="] - allowPoolSuspension.............false 
2023-09-11 22:20:20,284 [task-1] DEBUG [HikariConfig] [RRN="] - [STAN="] - autoCommit......................true 
2023-09-11 22:20:20,286 [task-1] DEBUG [HikariConfig] [RRN="] - [STAN="] - catalog.........................none 
2023-09-11 22:20:20,287 [task-1] DEBUG [HikariConfig] [RRN="] - [STAN="] - connectionInitSql...............none 
2023-09-11 22:20:20,288 [task-1] DEBUG [HikariConfig] [RRN="] - [STAN="] - connectionTestQuery.............none 
2023-09-11 22:20:20,289 [task-1] DEBUG [HikariConfig] [RRN="] - [STAN="] - connectionTimeout...............30000 
2023-09-11 22:20:20,290 [task-1] DEBUG [HikariConfig] [RRN="] - [STAN="] - dataSource......................none 
2023-09-11 22:20:20,290 [task-1] DEBUG [HikariConfig] [RRN="] - [STAN="] - dataSourceClassName.............none 
2023-09-11 22:20:20,290 [task-1] DEBUG [HikariConfig] [RRN="] - [STAN="] - dataSourceJNDI..................none 
2023-09-11 22:20:20,293 [task-1] DEBUG [HikariConfig] [RRN="] - [STAN="] - dataSourceProperties............{password=<masked>} 
2023-09-11 22:20:20,293 [task-1] DEBUG [HikariConfig] [RRN="] - [STAN="] - driverClassName................."com.mysql.cj.jdbc.Driver" 
2023-09-11 22:20:20,293 [task-1] DEBUG [HikariConfig] [RRN="] - [STAN="] - exceptionOverrideClassName......none 
2023-09-11 22:20:20,294 [task-1] DEBUG [HikariConfig] [RRN="] - [STAN="] - healthCheckProperties...........{} 
2023-09-11 22:20:20,294 [task-1] DEBUG [HikariConfig] [RRN="] - [STAN="] - healthCheckRegistry.............none 
2023-09-11 22:20:20,295 [task-1] DEBUG [HikariConfig] [RRN="] - [STAN="] - idleTimeout.....................600000 
2023-09-11 22:20:20,296 [task-1] DEBUG [HikariConfig] [RRN="] - [STAN="] - initializationFailTimeout.......1 
2023-09-11 22:20:20,296 [task-1] DEBUG [HikariConfig] [RRN="] - [STAN="] - isolateInternalQueries..........false 
2023-09-11 22:20:20,300 [task-1] DEBUG [HikariConfig] [RRN="] - [STAN="] - jdbcUrl.........................jdbc:mysql://localhost:3306/test 
2023-09-11 22:20:20,300 [task-1] DEBUG [HikariConfig] [RRN="] - [STAN="] - leakDetectionThreshold..........0 
2023-09-11 22:20:20,301 [task-1] DEBUG [HikariConfig] [RRN="] - [STAN="] - maxLifetime.....................1800000 
2023-09-11 22:20:20,301 [task-1] DEBUG [HikariConfig] [RRN="] - [STAN="] - maximumPoolSize.................10 
2023-09-11 22:20:20,301 [task-1] DEBUG [HikariConfig] [RRN="] - [STAN="] - metricRegistry..................none 
2023-09-11 22:20:20,301 [task-1] DEBUG [HikariConfig] [RRN="] - [STAN="] - metricsTrackerFactory...........none 
2023-09-11 22:20:20,302 [task-1] DEBUG [HikariConfig] [RRN="] - [STAN="] - minimumIdle.....................10 
2023-09-11 22:20:20,302 [task-1] DEBUG [HikariConfig] [RRN="] - [STAN="] - password........................<masked> 
2023-09-11 22:20:20,302 [task-1] DEBUG [HikariConfig] [RRN="] - [STAN="] - poolName........................"HikariPool-1" 
2023-09-11 22:20:20,304 [task-1] DEBUG [HikariConfig] [RRN="] - [STAN="] - readOnly........................false 
2023-09-11 22:20:20,304 [task-1] DEBUG [HikariConfig] [RRN="] - [STAN="] - registerMbeans..................false 
2023-09-11 22:20:20,304 [task-1] DEBUG [HikariConfig] [RRN="] - [STAN="] - scheduledExecutor...............none 
2023-09-11 22:20:20,305 [task-1] DEBUG [HikariConfig] [RRN="] - [STAN="] - schema..........................none 
2023-09-11 22:20:20,306 [task-1] DEBUG [HikariConfig] [RRN="] - [STAN="] - threadFactory...................internal 
2023-09-11 22:20:20,306 [task-1] DEBUG [HikariConfig] [RRN="] - [STAN="] - transactionIsolation............default 
2023-09-11 22:20:20,307 [task-1] DEBUG [HikariConfig] [RRN="] - [STAN="] - username........................"root" 
2023-09-11 22:20:20,310 [task-1] DEBUG [HikariConfig] [RRN="] - [STAN="] - validationTimeout...............5000 
2023-09-11 22:20:20,311 [task-1] INFO  [HikariDataSource] [RRN="] - [STAN="] - HikariPool-1 - Starting... 
2023-09-11 22:20:23,605 [main] INFO  [DefaultSecurityFilterChain] [RRN="] - [STAN="] - Creating filter chain: Ant [pattern='/v2/api-docs'], [] 
2023-09-11 22:20:23,605 [main] INFO  [DefaultSecurityFilterChain] [RRN="] - [STAN="] - Creating filter chain: Ant [pattern='/configuration/ui'], [] 
2023-09-11 22:20:23,606 [main] INFO  [DefaultSecurityFilterChain] [RRN="] - [STAN="] - Creating filter chain: Ant [pattern='/swagger-resources/**'], [] 
2023-09-11 22:20:23,606 [main] INFO  [DefaultSecurityFilterChain] [RRN="] - [STAN="] - Creating filter chain: Ant [pattern='/configuration/**'], [] 
2023-09-11 22:20:23,606 [main] INFO  [DefaultSecurityFilterChain] [RRN="] - [STAN="] - Creating filter chain: Ant [pattern='/swagger-ui.html'], [] 
2023-09-11 22:20:23,606 [main] INFO  [DefaultSecurityFilterChain] [RRN="] - [STAN="] - Creating filter chain: Ant [pattern='/webjars/**'], [] 
2023-09-11 22:20:24,239 [main] INFO  [PropertySourcedRequestMappingHandlerMapping] [RRN="] - [STAN="] - Mapped URL path [/v2/api-docs] onto method [springfox.documentation.swagger2.web.Swagger2Controller#getDocumentation(String, HttpServletRequest)] 
2023-09-11 22:20:25,386 [task-1] DEBUG [PoolBase] [RRN="] - [STAN="] - HikariPool-1 - Failed to create/setup connection: Communications link failure

The last packet sent successfully to the server was 0 milliseconds ago. The driver has not received any packets from the server. 
2023-09-11 22:20:25,390 [task-1] DEBUG [HikariPool] [RRN="] - [STAN="] - HikariPool-1 - Cannot acquire connection from data source 
com.mysql.cj.jdbc.exceptions.CommunicationsException: Communications link failure

The last packet sent successfully to the server was 0 milliseconds ago. The driver has not received any packets from the server.
	at com.mysql.cj.jdbc.exceptions.SQLError.createCommunicationsException(SQLError.java:174)
	at com.mysql.cj.jdbc.exceptions.SQLExceptionsMapping.translateException(SQLExceptionsMapping.java:64)
	at com.mysql.cj.jdbc.ConnectionImpl.createNewIO(ConnectionImpl.java:836)
	at com.mysql.cj.jdbc.ConnectionImpl.<init>(ConnectionImpl.java:456)
	at com.mysql.cj.jdbc.ConnectionImpl.getInstance(ConnectionImpl.java:246)
	at com.mysql.cj.jdbc.NonRegisteringDriver.connect(NonRegisteringDriver.java:197)
	at com.zaxxer.hikari.util.DriverDataSource.getConnection(DriverDataSource.java:138)
	at com.zaxxer.hikari.pool.PoolBase.newConnection(PoolBase.java:358)
	at com.zaxxer.hikari.pool.PoolBase.newPoolEntry(PoolBase.java:206)
	at com.zaxxer.hikari.pool.HikariPool.createPoolEntry(HikariPool.java:477)
	at com.zaxxer.hikari.pool.HikariPool.checkFailFast(HikariPool.java:560)
	at com.zaxxer.hikari.pool.HikariPool.<init>(HikariPool.java:115)
	at com.zaxxer.hikari.HikariDataSource.getConnection(HikariDataSource.java:112)
	at org.hibernate.engine.jdbc.connections.internal.DatasourceConnectionProviderImpl.getConnection(DatasourceConnectionProviderImpl.java:122)
	at org.hibernate.engine.jdbc.env.internal.JdbcEnvironmentInitiator$ConnectionProviderJdbcConnectionAccess.obtainConnection(JdbcEnvironmentInitiator.java:180)
	at org.hibernate.engine.jdbc.env.internal.JdbcEnvironmentInitiator.initiateService(JdbcEnvironmentInitiator.java:68)
	at org.hibernate.engine.jdbc.env.internal.JdbcEnvironmentInitiator.initiateService(JdbcEnvironmentInitiator.java:35)
	at org.hibernate.boot.registry.internal.StandardServiceRegistryImpl.initiateService(StandardServiceRegistryImpl.java:101)
	at org.hibernate.service.internal.AbstractServiceRegistryImpl.createService(AbstractServiceRegistryImpl.java:263)
	at org.hibernate.service.internal.AbstractServiceRegistryImpl.initializeService(AbstractServiceRegistryImpl.java:237)
	at org.hibernate.service.internal.AbstractServiceRegistryImpl.getService(AbstractServiceRegistryImpl.java:214)
	at org.hibernate.id.factory.internal.DefaultIdentifierGeneratorFactory.injectServices(DefaultIdentifierGeneratorFactory.java:152)
	at org.hibernate.service.internal.AbstractServiceRegistryImpl.injectDependencies(AbstractServiceRegistryImpl.java:286)
	at org.hibernate.service.internal.AbstractServiceRegistryImpl.initializeService(AbstractServiceRegistryImpl.java:243)
	at org.hibernate.service.internal.AbstractServiceRegistryImpl.getService(AbstractServiceRegistryImpl.java:214)
	at org.hibernate.boot.internal.InFlightMetadataCollectorImpl.<init>(InFlightMetadataCollectorImpl.java:176)
	at org.hibernate.boot.model.process.spi.MetadataBuildingProcess.complete(MetadataBuildingProcess.java:118)
	at org.hibernate.jpa.boot.internal.EntityManagerFactoryBuilderImpl.metadata(EntityManagerFactoryBuilderImpl.java:1224)
	at org.hibernate.jpa.boot.internal.EntityManagerFactoryBuilderImpl.build(EntityManagerFactoryBuilderImpl.java:1255)
	at org.springframework.orm.jpa.vendor.SpringHibernateJpaPersistenceProvider.createContainerEntityManagerFactory(SpringHibernateJpaPersistenceProvider.java:58)
	at org.springframework.orm.jpa.LocalContainerEntityManagerFactoryBean.createNativeEntityManagerFactory(LocalContainerEntityManagerFactoryBean.java:365)
	at org.springframework.orm.jpa.AbstractEntityManagerFactoryBean.buildNativeEntityManagerFactory(AbstractEntityManagerFactoryBean.java:391)
	at java.util.concurrent.FutureTask.run(FutureTask.java:266)
	at java.util.concurrent.ThreadPoolExecutor.runWorker(ThreadPoolExecutor.java:1149)
	at java.util.concurrent.ThreadPoolExecutor$Worker.run(ThreadPoolExecutor.java:624)
	at java.lang.Thread.run(Thread.java:748)
Caused by: com.mysql.cj.exceptions.CJCommunicationsException: Communications link failure

The last packet sent successfully to the server was 0 milliseconds ago. The driver has not received any packets from the server.
	at sun.reflect.NativeConstructorAccessorImpl.newInstance0(Native Method)
	at sun.reflect.NativeConstructorAccessorImpl.newInstance(NativeConstructorAccessorImpl.java:62)
	at sun.reflect.DelegatingConstructorAccessorImpl.newInstance(DelegatingConstructorAccessorImpl.java:45)
	at java.lang.reflect.Constructor.newInstance(Constructor.java:423)
	at com.mysql.cj.exceptions.ExceptionFactory.createException(ExceptionFactory.java:61)
	at com.mysql.cj.exceptions.ExceptionFactory.createException(ExceptionFactory.java:105)
	at com.mysql.cj.exceptions.ExceptionFactory.createException(ExceptionFactory.java:151)
	at com.mysql.cj.exceptions.ExceptionFactory.createCommunicationsException(ExceptionFactory.java:167)
	at com.mysql.cj.protocol.a.NativeSocketConnection.connect(NativeSocketConnection.java:91)
	at com.mysql.cj.NativeSession.connect(NativeSession.java:144)
	at com.mysql.cj.jdbc.ConnectionImpl.connectOneTryOnly(ConnectionImpl.java:956)
	at com.mysql.cj.jdbc.ConnectionImpl.createNewIO(ConnectionImpl.java:826)
	... 33 common frames omitted
Caused by: java.net.ConnectException: Connection refused: connect
	at java.net.DualStackPlainSocketImpl.waitForConnect(Native Method)
	at java.net.DualStackPlainSocketImpl.socketConnect(DualStackPlainSocketImpl.java:85)
	at java.net.AbstractPlainSocketImpl.doConnect(AbstractPlainSocketImpl.java:350)
	at java.net.AbstractPlainSocketImpl.connectToAddress(AbstractPlainSocketImpl.java:206)
	at java.net.AbstractPlainSocketImpl.connect(AbstractPlainSocketImpl.java:188)
	at java.net.PlainSocketImpl.connect(PlainSocketImpl.java:172)
	at java.net.SocksSocketImpl.connect(SocksSocketImpl.java:392)
	at java.net.Socket.connect(Socket.java:606)
	at com.mysql.cj.protocol.StandardSocketFactory.connect(StandardSocketFactory.java:155)
	at com.mysql.cj.protocol.a.NativeSocketConnection.connect(NativeSocketConnection.java:65)
	... 36 common frames omitted
2023-09-11 22:20:26,682 [task-1] ERROR [HikariPool] [RRN="] - [STAN="] - HikariPool-1 - Exception during pool initialization. 
com.mysql.cj.jdbc.exceptions.CommunicationsException: Communications link failure

The last packet sent successfully to the server was 0 milliseconds ago. The driver has not received any packets from the server.
	at com.mysql.cj.jdbc.exceptions.SQLError.createCommunicationsException(SQLError.java:174)
	at com.mysql.cj.jdbc.exceptions.SQLExceptionsMapping.translateException(SQLExceptionsMapping.java:64)
	at com.mysql.cj.jdbc.ConnectionImpl.createNewIO(ConnectionImpl.java:836)
	at com.mysql.cj.jdbc.ConnectionImpl.<init>(ConnectionImpl.java:456)
	at com.mysql.cj.jdbc.ConnectionImpl.getInstance(ConnectionImpl.java:246)
	at com.mysql.cj.jdbc.NonRegisteringDriver.connect(NonRegisteringDriver.java:197)
	at com.zaxxer.hikari.util.DriverDataSource.getConnection(DriverDataSource.java:138)
	at com.zaxxer.hikari.pool.PoolBase.newConnection(PoolBase.java:358)
	at com.zaxxer.hikari.pool.PoolBase.newPoolEntry(PoolBase.java:206)
	at com.zaxxer.hikari.pool.HikariPool.createPoolEntry(HikariPool.java:477)
	at com.zaxxer.hikari.pool.HikariPool.checkFailFast(HikariPool.java:560)
	at com.zaxxer.hikari.pool.HikariPool.<init>(HikariPool.java:115)
	at com.zaxxer.hikari.HikariDataSource.getConnection(HikariDataSource.java:112)
	at org.hibernate.engine.jdbc.connections.internal.DatasourceConnectionProviderImpl.getConnection(DatasourceConnectionProviderImpl.java:122)
	at org.hibernate.engine.jdbc.env.internal.JdbcEnvironmentInitiator$ConnectionProviderJdbcConnectionAccess.obtainConnection(JdbcEnvironmentInitiator.java:180)
	at org.hibernate.engine.jdbc.env.internal.JdbcEnvironmentInitiator.initiateService(JdbcEnvironmentInitiator.java:68)
	at org.hibernate.engine.jdbc.env.internal.JdbcEnvironmentInitiator.initiateService(JdbcEnvironmentInitiator.java:35)
	at org.hibernate.boot.registry.internal.StandardServiceRegistryImpl.initiateService(StandardServiceRegistryImpl.java:101)
	at org.hibernate.service.internal.AbstractServiceRegistryImpl.createService(AbstractServiceRegistryImpl.java:263)
	at org.hibernate.service.internal.AbstractServiceRegistryImpl.initializeService(AbstractServiceRegistryImpl.java:237)
	at org.hibernate.service.internal.AbstractServiceRegistryImpl.getService(AbstractServiceRegistryImpl.java:214)
	at org.hibernate.id.factory.internal.DefaultIdentifierGeneratorFactory.injectServices(DefaultIdentifierGeneratorFactory.java:152)
	at org.hibernate.service.internal.AbstractServiceRegistryImpl.injectDependencies(AbstractServiceRegistryImpl.java:286)
	at org.hibernate.service.internal.AbstractServiceRegistryImpl.initializeService(AbstractServiceRegistryImpl.java:243)
	at org.hibernate.service.internal.AbstractServiceRegistryImpl.getService(AbstractServiceRegistryImpl.java:214)
	at org.hibernate.boot.internal.InFlightMetadataCollectorImpl.<init>(InFlightMetadataCollectorImpl.java:176)
	at org.hibernate.boot.model.process.spi.MetadataBuildingProcess.complete(MetadataBuildingProcess.java:118)
	at org.hibernate.jpa.boot.internal.EntityManagerFactoryBuilderImpl.metadata(EntityManagerFactoryBuilderImpl.java:1224)
	at org.hibernate.jpa.boot.internal.EntityManagerFactoryBuilderImpl.build(EntityManagerFactoryBuilderImpl.java:1255)
	at org.springframework.orm.jpa.vendor.SpringHibernateJpaPersistenceProvider.createContainerEntityManagerFactory(SpringHibernateJpaPersistenceProvider.java:58)
	at org.springframework.orm.jpa.LocalContainerEntityManagerFactoryBean.createNativeEntityManagerFactory(LocalContainerEntityManagerFactoryBean.java:365)
	at org.springframework.orm.jpa.AbstractEntityManagerFactoryBean.buildNativeEntityManagerFactory(AbstractEntityManagerFactoryBean.java:391)
	at java.util.concurrent.FutureTask.run(FutureTask.java:266)
	at java.util.concurrent.ThreadPoolExecutor.runWorker(ThreadPoolExecutor.java:1149)
	at java.util.concurrent.ThreadPoolExecutor$Worker.run(ThreadPoolExecutor.java:624)
	at java.lang.Thread.run(Thread.java:748)
Caused by: com.mysql.cj.exceptions.CJCommunicationsException: Communications link failure

The last packet sent successfully to the server was 0 milliseconds ago. The driver has not received any packets from the server.
	at sun.reflect.NativeConstructorAccessorImpl.newInstance0(Native Method)
	at sun.reflect.NativeConstructorAccessorImpl.newInstance(NativeConstructorAccessorImpl.java:62)
	at sun.reflect.DelegatingConstructorAccessorImpl.newInstance(DelegatingConstructorAccessorImpl.java:45)
	at java.lang.reflect.Constructor.newInstance(Constructor.java:423)
	at com.mysql.cj.exceptions.ExceptionFactory.createException(ExceptionFactory.java:61)
	at com.mysql.cj.exceptions.ExceptionFactory.createException(ExceptionFactory.java:105)
	at com.mysql.cj.exceptions.ExceptionFactory.createException(ExceptionFactory.java:151)
	at com.mysql.cj.exceptions.ExceptionFactory.createCommunicationsException(ExceptionFactory.java:167)
	at com.mysql.cj.protocol.a.NativeSocketConnection.connect(NativeSocketConnection.java:91)
	at com.mysql.cj.NativeSession.connect(NativeSession.java:144)
	at com.mysql.cj.jdbc.ConnectionImpl.connectOneTryOnly(ConnectionImpl.java:956)
	at com.mysql.cj.jdbc.ConnectionImpl.createNewIO(ConnectionImpl.java:826)
	... 33 common frames omitted
Caused by: java.net.ConnectException: Connection refused: connect
	at java.net.DualStackPlainSocketImpl.waitForConnect(Native Method)
	at java.net.DualStackPlainSocketImpl.socketConnect(DualStackPlainSocketImpl.java:85)
	at java.net.AbstractPlainSocketImpl.doConnect(AbstractPlainSocketImpl.java:350)
	at java.net.AbstractPlainSocketImpl.connectToAddress(AbstractPlainSocketImpl.java:206)
	at java.net.AbstractPlainSocketImpl.connect(AbstractPlainSocketImpl.java:188)
	at java.net.PlainSocketImpl.connect(PlainSocketImpl.java:172)
	at java.net.SocksSocketImpl.connect(SocksSocketImpl.java:392)
	at java.net.Socket.connect(Socket.java:606)
	at com.mysql.cj.protocol.StandardSocketFactory.connect(StandardSocketFactory.java:155)
	at com.mysql.cj.protocol.a.NativeSocketConnection.connect(NativeSocketConnection.java:65)
	... 36 common frames omitted
2023-09-11 22:20:26,713 [task-1] WARN  [JdbcEnvironmentInitiator] [RRN="] - [STAN="] - HHH000342: Could not obtain connection to query metadata : Communications link failure

The last packet sent successfully to the server was 0 milliseconds ago. The driver has not received any packets from the server. 
2023-09-11 22:20:26,734 [main] INFO  [DefaultSecurityFilterChain] [RRN="] - [STAN="] - Creating filter chain: any request, [org.springframework.security.web.context.request.async.WebAsyncManagerIntegrationFilter@6002e944, org.springframework.security.web.context.SecurityContextPersistenceFilter@4a50d04a, org.springframework.security.web.header.HeaderWriterFilter@1235151c, org.springframework.web.filter.CorsFilter@588545ac, org.springframework.security.web.authentication.logout.LogoutFilter@7945b206, com.zeroinfinity.federatedserver.config.JwtRequestFilter@366d8b97, org.springframework.security.web.savedrequest.RequestCacheAwareFilter@73c31181, org.springframework.security.web.servletapi.SecurityContextHolderAwareRequestFilter@4bc59b27, org.springframework.security.web.authentication.AnonymousAuthenticationFilter@2b08772d, org.springframework.security.web.session.SessionManagementFilter@14447be, org.springframework.security.web.access.ExceptionTranslationFilter@7e1ffe70, org.springframework.security.web.access.intercept.FilterSecurityInterceptor@30bf26df] 
2023-09-11 22:20:26,932 [task-1] INFO  [Dialect] [RRN="] - [STAN="] - HHH000400: Using dialect: org.hibernate.dialect.MySQL8Dialect 
2023-09-11 22:20:31,146 [main] INFO  [Http11NioProtocol] [RRN="] - [STAN="] - Starting ProtocolHandler ["http-nio-9090"] 
2023-09-11 22:20:32,255 [main] INFO  [TomcatWebServer] [RRN="] - [STAN="] - Tomcat started on port(s): 9090 (http) with context path '' 
2023-09-11 22:20:32,258 [main] INFO  [DocumentationPluginsBootstrapper] [RRN="] - [STAN="] - Context refreshed 
2023-09-11 22:20:32,420 [main] INFO  [DocumentationPluginsBootstrapper] [RRN="] - [STAN="] - Found 1 custom documentation plugin(s) 
2023-09-11 22:20:32,729 [main] INFO  [ApiListingReferenceScanner] [RRN="] - [STAN="] - Scanning for api listing references 
2023-09-11 22:20:33,766 [main] INFO  [CachingOperationNameGenerator] [RRN="] - [STAN="] - Generating unique operation named: syncModelUsingGET_1 
2023-09-11 22:20:33,829 [main] INFO  [DeferredRepositoryInitializationListener] [RRN="] - [STAN="] - Triggering deferred initialization of Spring Data repositories… 
2023-09-11 22:20:36,147 [task-1] INFO  [JtaPlatformInitiator] [RRN="] - [STAN="] - HHH000490: Using JtaPlatform implementation: [org.hibernate.engine.transaction.jta.platform.internal.NoJtaPlatform] 
2023-09-11 22:20:36,173 [task-1] INFO  [LocalContainerEntityManagerFactoryBean] [RRN="] - [STAN="] - Initialized JPA EntityManagerFactory for persistence unit 'default' 
2023-09-11 22:20:37,600 [main] INFO  [DeferredRepositoryInitializationListener] [RRN="] - [STAN="] - Spring Data repositories initialized! 
2023-09-11 22:20:37,629 [main] INFO  [FederatedServerApplication] [RRN="] - [STAN="] - Started FederatedServerApplication in 44.333 seconds (JVM running for 45.598) 
2023-09-11 22:21:13,842 [main] INFO  [FederatedServerApplication] [RRN="] - [STAN="] - Starting FederatedServerApplication on Hasnain-Rabbani with PID 19624 (E:\Workspace\Eclipse\zeroinfinity\thesis\federated-server\federated-server\target\classes started by hp in E:\Workspace\Eclipse\zeroinfinity\thesis\federated-server\federated-server) 
2023-09-11 22:21:13,847 [main] INFO  [FederatedServerApplication] [RRN="] - [STAN="] - No active profile set, falling back to default profiles: default 
2023-09-11 22:21:16,339 [main] INFO  [RepositoryConfigurationDelegate] [RRN="] - [STAN="] - Bootstrapping Spring Data JPA repositories in DEFERRED mode. 
2023-09-11 22:21:16,672 [main] INFO  [RepositoryConfigurationDelegate] [RRN="] - [STAN="] - Finished Spring Data repository scanning in 272ms. Found 3 JPA repository interfaces. 
2023-09-11 22:21:17,776 [main] INFO  [EnableEncryptablePropertiesBeanFactoryPostProcessor] [RRN="] - [STAN="] - Post-processing PropertySource instances 
2023-09-11 22:21:18,241 [main] INFO  [EncryptablePropertySourceConverter] [RRN="] - [STAN="] - Converting PropertySource configurationProperties [org.springframework.boot.context.properties.source.ConfigurationPropertySourcesPropertySource] to AOP Proxy 
2023-09-11 22:21:18,244 [main] INFO  [EncryptablePropertySourceConverter] [RRN="] - [STAN="] - Converting PropertySource servletConfigInitParams [org.springframework.core.env.PropertySource$StubPropertySource] to EncryptablePropertySourceWrapper 
2023-09-11 22:21:18,244 [main] INFO  [EncryptablePropertySourceConverter] [RRN="] - [STAN="] - Converting PropertySource servletContextInitParams [org.springframework.core.env.PropertySource$StubPropertySource] to EncryptablePropertySourceWrapper 
2023-09-11 22:21:18,245 [main] INFO  [EncryptablePropertySourceConverter] [RRN="] - [STAN="] - Converting PropertySource systemProperties [org.springframework.core.env.PropertiesPropertySource] to EncryptableMapPropertySourceWrapper 
2023-09-11 22:21:18,247 [main] INFO  [EncryptablePropertySourceConverter] [RRN="] - [STAN="] - Converting PropertySource systemEnvironment [org.springframework.boot.env.SystemEnvironmentPropertySourceEnvironmentPostProcessor$OriginAwareSystemEnvironmentPropertySource] to EncryptableSystemEnvironmentPropertySourceWrapper 
2023-09-11 22:21:18,249 [main] INFO  [EncryptablePropertySourceConverter] [RRN="] - [STAN="] - Converting PropertySource random [org.springframework.boot.env.RandomValuePropertySource] to EncryptablePropertySourceWrapper 
2023-09-11 22:21:18,249 [main] INFO  [EncryptablePropertySourceConverter] [RRN="] - [STAN="] - Converting PropertySource applicationConfig: [file:./application.yml] [org.springframework.boot.env.OriginTrackedMapPropertySource] to EncryptableMapPropertySourceWrapper 
2023-09-11 22:21:19,464 [main] INFO  [DefaultLazyPropertyFilter] [RRN="] - [STAN="] - Property Filter custom Bean not found with name 'encryptablePropertyFilter'. Initializing Default Property Filter 
2023-09-11 22:21:25,826 [main] INFO  [TomcatWebServer] [RRN="] - [STAN="] - Tomcat initialized with port(s): 9090 (http) 
2023-09-11 22:21:25,998 [main] INFO  [Http11NioProtocol] [RRN="] - [STAN="] - Initializing ProtocolHandler ["http-nio-9090"] 
2023-09-11 22:21:26,010 [main] INFO  [StandardService] [RRN="] - [STAN="] - Starting service [Tomcat] 
2023-09-11 22:21:26,011 [main] INFO  [StandardEngine] [RRN="] - [STAN="] - Starting Servlet engine: [Apache Tomcat/9.0.36] 
2023-09-11 22:21:26,689 [main] INFO  [[/]] [RRN="] - [STAN="] - Initializing Spring embedded WebApplicationContext 
2023-09-11 22:21:26,690 [main] INFO  [ServletWebServerApplicationContext] [RRN="] - [STAN="] - Root WebApplicationContext: initialization completed in 12729 ms 
2023-09-11 22:21:26,777 [main] INFO  [DefaultLazyPropertyResolver] [RRN="] - [STAN="] - Property Resolver custom Bean not found with name 'encryptablePropertyResolver'. Initializing Default Property Resolver 
2023-09-11 22:21:26,792 [main] INFO  [DefaultLazyPropertyDetector] [RRN="] - [STAN="] - Property Detector custom Bean not found with name 'encryptablePropertyDetector'. Initializing Default Property Detector 
2023-09-11 22:21:28,212 [main] DEBUG [HikariConfig] [RRN="] - [STAN="] - Driver class com.mysql.cj.jdbc.Driver found in Thread context class loader sun.misc.Launcher$AppClassLoader@73d16e93 
2023-09-11 22:21:28,624 [main] INFO  [ThreadPoolTaskExecutor] [RRN="] - [STAN="] - Initializing ExecutorService 'applicationTaskExecutor' 
2023-09-11 22:21:28,938 [task-1] INFO  [LogHelper] [RRN="] - [STAN="] - HHH000204: Processing PersistenceUnitInfo [name: default] 
2023-09-11 22:21:29,112 [main] WARN  [JpaBaseConfiguration$JpaWebConfiguration] [RRN="] - [STAN="] - spring.jpa.open-in-view is enabled by default. Therefore, database queries may be performed during view rendering. Explicitly configure spring.jpa.open-in-view to disable this warning 
2023-09-11 22:21:29,440 [task-1] INFO  [Version] [RRN="] - [STAN="] - HHH000412: Hibernate ORM core version 5.4.17.Final 
2023-09-11 22:21:30,237 [task-1] INFO  [Version] [RRN="] - [STAN="] - HCANN000001: Hibernate Commons Annotations {5.1.0.Final} 
2023-09-11 22:21:30,879 [task-1] DEBUG [HikariConfig] [RRN="] - [STAN="] - HikariPool-1 - configuration: 
2023-09-11 22:21:30,886 [task-1] DEBUG [HikariConfig] [RRN="] - [STAN="] - allowPoolSuspension.............false 
2023-09-11 22:21:30,886 [task-1] DEBUG [HikariConfig] [RRN="] - [STAN="] - autoCommit......................true 
2023-09-11 22:21:30,887 [task-1] DEBUG [HikariConfig] [RRN="] - [STAN="] - catalog.........................none 
2023-09-11 22:21:30,887 [task-1] DEBUG [HikariConfig] [RRN="] - [STAN="] - connectionInitSql...............none 
2023-09-11 22:21:30,887 [task-1] DEBUG [HikariConfig] [RRN="] - [STAN="] - connectionTestQuery.............none 
2023-09-11 22:21:30,889 [task-1] DEBUG [HikariConfig] [RRN="] - [STAN="] - connectionTimeout...............30000 
2023-09-11 22:21:30,890 [task-1] DEBUG [HikariConfig] [RRN="] - [STAN="] - dataSource......................none 
2023-09-11 22:21:30,891 [task-1] DEBUG [HikariConfig] [RRN="] - [STAN="] - dataSourceClassName.............none 
2023-09-11 22:21:30,891 [task-1] DEBUG [HikariConfig] [RRN="] - [STAN="] - dataSourceJNDI..................none 
2023-09-11 22:21:30,892 [task-1] DEBUG [HikariConfig] [RRN="] - [STAN="] - dataSourceProperties............{password=<masked>} 
2023-09-11 22:21:30,893 [task-1] DEBUG [HikariConfig] [RRN="] - [STAN="] - driverClassName................."com.mysql.cj.jdbc.Driver" 
2023-09-11 22:21:30,893 [task-1] DEBUG [HikariConfig] [RRN="] - [STAN="] - exceptionOverrideClassName......none 
2023-09-11 22:21:30,893 [task-1] DEBUG [HikariConfig] [RRN="] - [STAN="] - healthCheckProperties...........{} 
2023-09-11 22:21:30,894 [task-1] DEBUG [HikariConfig] [RRN="] - [STAN="] - healthCheckRegistry.............none 
2023-09-11 22:21:30,894 [task-1] DEBUG [HikariConfig] [RRN="] - [STAN="] - idleTimeout.....................600000 
2023-09-11 22:21:30,894 [task-1] DEBUG [HikariConfig] [RRN="] - [STAN="] - initializationFailTimeout.......1 
2023-09-11 22:21:30,894 [task-1] DEBUG [HikariConfig] [RRN="] - [STAN="] - isolateInternalQueries..........false 
2023-09-11 22:21:30,894 [task-1] DEBUG [HikariConfig] [RRN="] - [STAN="] - jdbcUrl.........................jdbc:mysql://localhost:3306/test 
2023-09-11 22:21:30,895 [task-1] DEBUG [HikariConfig] [RRN="] - [STAN="] - leakDetectionThreshold..........0 
2023-09-11 22:21:30,895 [task-1] DEBUG [HikariConfig] [RRN="] - [STAN="] - maxLifetime.....................1800000 
2023-09-11 22:21:30,895 [task-1] DEBUG [HikariConfig] [RRN="] - [STAN="] - maximumPoolSize.................10 
2023-09-11 22:21:30,895 [task-1] DEBUG [HikariConfig] [RRN="] - [STAN="] - metricRegistry..................none 
2023-09-11 22:21:30,895 [task-1] DEBUG [HikariConfig] [RRN="] - [STAN="] - metricsTrackerFactory...........none 
2023-09-11 22:21:30,896 [task-1] DEBUG [HikariConfig] [RRN="] - [STAN="] - minimumIdle.....................10 
2023-09-11 22:21:30,896 [task-1] DEBUG [HikariConfig] [RRN="] - [STAN="] - password........................<masked> 
2023-09-11 22:21:30,896 [task-1] DEBUG [HikariConfig] [RRN="] - [STAN="] - poolName........................"HikariPool-1" 
2023-09-11 22:21:30,896 [task-1] DEBUG [HikariConfig] [RRN="] - [STAN="] - readOnly........................false 
2023-09-11 22:21:30,897 [task-1] DEBUG [HikariConfig] [RRN="] - [STAN="] - registerMbeans..................false 
2023-09-11 22:21:30,900 [task-1] DEBUG [HikariConfig] [RRN="] - [STAN="] - scheduledExecutor...............none 
2023-09-11 22:21:30,906 [task-1] DEBUG [HikariConfig] [RRN="] - [STAN="] - schema..........................none 
2023-09-11 22:21:30,906 [task-1] DEBUG [HikariConfig] [RRN="] - [STAN="] - threadFactory...................internal 
2023-09-11 22:21:30,906 [task-1] DEBUG [HikariConfig] [RRN="] - [STAN="] - transactionIsolation............default 
2023-09-11 22:21:30,907 [task-1] DEBUG [HikariConfig] [RRN="] - [STAN="] - username........................"root" 
2023-09-11 22:21:30,908 [task-1] DEBUG [HikariConfig] [RRN="] - [STAN="] - validationTimeout...............5000 
2023-09-11 22:21:30,908 [task-1] INFO  [HikariDataSource] [RRN="] - [STAN="] - HikariPool-1 - Starting... 
2023-09-11 22:21:32,581 [main] INFO  [DefaultSecurityFilterChain] [RRN="] - [STAN="] - Creating filter chain: Ant [pattern='/v2/api-docs'], [] 
2023-09-11 22:21:32,587 [main] INFO  [DefaultSecurityFilterChain] [RRN="] - [STAN="] - Creating filter chain: Ant [pattern='/configuration/ui'], [] 
2023-09-11 22:21:32,590 [main] INFO  [DefaultSecurityFilterChain] [RRN="] - [STAN="] - Creating filter chain: Ant [pattern='/swagger-resources/**'], [] 
2023-09-11 22:21:32,593 [main] INFO  [DefaultSecurityFilterChain] [RRN="] - [STAN="] - Creating filter chain: Ant [pattern='/configuration/**'], [] 
2023-09-11 22:21:32,593 [main] INFO  [DefaultSecurityFilterChain] [RRN="] - [STAN="] - Creating filter chain: Ant [pattern='/swagger-ui.html'], [] 
2023-09-11 22:21:32,601 [main] INFO  [DefaultSecurityFilterChain] [RRN="] - [STAN="] - Creating filter chain: Ant [pattern='/webjars/**'], [] 
2023-09-11 22:21:32,838 [task-1] DEBUG [HikariPool] [RRN="] - [STAN="] - HikariPool-1 - Added connection com.mysql.cj.jdbc.ConnectionImpl@2bf0bd5a 
2023-09-11 22:21:32,842 [task-1] INFO  [HikariDataSource] [RRN="] - [STAN="] - HikariPool-1 - Start completed. 
2023-09-11 22:21:32,900 [task-1] INFO  [Dialect] [RRN="] - [STAN="] - HHH000400: Using dialect: org.hibernate.dialect.MySQL8Dialect 
2023-09-11 22:21:33,023 [HikariPool-1 housekeeper] DEBUG [HikariPool] [RRN="] - [STAN="] - HikariPool-1 - Pool stats (total=1, active=1, idle=0, waiting=0) 
2023-09-11 22:21:33,102 [HikariPool-1 connection adder] DEBUG [HikariPool] [RRN="] - [STAN="] - HikariPool-1 - Added connection com.mysql.cj.jdbc.ConnectionImpl@319601f6 
2023-09-11 22:21:33,112 [HikariPool-1 connection adder] DEBUG [HikariPool] [RRN="] - [STAN="] - HikariPool-1 - Added connection com.mysql.cj.jdbc.ConnectionImpl@70ab0bcd 
2023-09-11 22:21:33,123 [HikariPool-1 connection adder] DEBUG [HikariPool] [RRN="] - [STAN="] - HikariPool-1 - Added connection com.mysql.cj.jdbc.ConnectionImpl@41113f7a 
2023-09-11 22:21:33,122 [main] INFO  [PropertySourcedRequestMappingHandlerMapping] [RRN="] - [STAN="] - Mapped URL path [/v2/api-docs] onto method [springfox.documentation.swagger2.web.Swagger2Controller#getDocumentation(String, HttpServletRequest)] 
2023-09-11 22:21:33,139 [HikariPool-1 connection adder] DEBUG [HikariPool] [RRN="] - [STAN="] - HikariPool-1 - Added connection com.mysql.cj.jdbc.ConnectionImpl@1084f482 
2023-09-11 22:21:33,150 [HikariPool-1 connection adder] DEBUG [HikariPool] [RRN="] - [STAN="] - HikariPool-1 - Added connection com.mysql.cj.jdbc.ConnectionImpl@50deff4b 
2023-09-11 22:21:33,182 [HikariPool-1 connection adder] DEBUG [HikariPool] [RRN="] - [STAN="] - HikariPool-1 - Added connection com.mysql.cj.jdbc.ConnectionImpl@14ca88b7 
2023-09-11 22:21:33,249 [HikariPool-1 connection adder] DEBUG [HikariPool] [RRN="] - [STAN="] - HikariPool-1 - Added connection com.mysql.cj.jdbc.ConnectionImpl@555ceb0 
2023-09-11 22:21:33,269 [HikariPool-1 connection adder] DEBUG [HikariPool] [RRN="] - [STAN="] - HikariPool-1 - Added connection com.mysql.cj.jdbc.ConnectionImpl@14840f89 
2023-09-11 22:21:33,285 [HikariPool-1 connection adder] DEBUG [HikariPool] [RRN="] - [STAN="] - HikariPool-1 - Added connection com.mysql.cj.jdbc.ConnectionImpl@55dd93f8 
2023-09-11 22:21:33,285 [HikariPool-1 connection adder] DEBUG [HikariPool] [RRN="] - [STAN="] - HikariPool-1 - After adding stats (total=10, active=1, idle=9, waiting=0) 
2023-09-11 22:21:33,953 [main] INFO  [DefaultSecurityFilterChain] [RRN="] - [STAN="] - Creating filter chain: any request, [org.springframework.security.web.context.request.async.WebAsyncManagerIntegrationFilter@1775c4e7, org.springframework.security.web.context.SecurityContextPersistenceFilter@6f8e9d06, org.springframework.security.web.header.HeaderWriterFilter@5d152bcd, org.springframework.web.filter.CorsFilter@47829d6d, org.springframework.security.web.authentication.logout.LogoutFilter@3becc950, com.zeroinfinity.federatedserver.config.JwtRequestFilter@57562473, org.springframework.security.web.savedrequest.RequestCacheAwareFilter@2272cbb0, org.springframework.security.web.servletapi.SecurityContextHolderAwareRequestFilter@236eccd1, org.springframework.security.web.authentication.AnonymousAuthenticationFilter@2f677247, org.springframework.security.web.session.SessionManagementFilter@53f0d09c, org.springframework.security.web.access.ExceptionTranslationFilter@66383c29, org.springframework.security.web.access.intercept.FilterSecurityInterceptor@ac91282] 
2023-09-11 22:21:34,832 [main] INFO  [Http11NioProtocol] [RRN="] - [STAN="] - Starting ProtocolHandler ["http-nio-9090"] 
2023-09-11 22:21:34,957 [main] INFO  [TomcatWebServer] [RRN="] - [STAN="] - Tomcat started on port(s): 9090 (http) with context path '' 
2023-09-11 22:21:34,959 [main] INFO  [DocumentationPluginsBootstrapper] [RRN="] - [STAN="] - Context refreshed 
2023-09-11 22:21:35,048 [main] INFO  [DocumentationPluginsBootstrapper] [RRN="] - [STAN="] - Found 1 custom documentation plugin(s) 
2023-09-11 22:21:35,160 [main] INFO  [ApiListingReferenceScanner] [RRN="] - [STAN="] - Scanning for api listing references 
2023-09-11 22:21:36,550 [main] INFO  [CachingOperationNameGenerator] [RRN="] - [STAN="] - Generating unique operation named: syncModelUsingGET_1 
2023-09-11 22:21:36,592 [main] INFO  [DeferredRepositoryInitializationListener] [RRN="] - [STAN="] - Triggering deferred initialization of Spring Data repositories… 
2023-09-11 22:21:38,390 [task-1] INFO  [JtaPlatformInitiator] [RRN="] - [STAN="] - HHH000490: Using JtaPlatform implementation: [org.hibernate.engine.transaction.jta.platform.internal.NoJtaPlatform] 
2023-09-11 22:21:38,452 [task-1] INFO  [LocalContainerEntityManagerFactoryBean] [RRN="] - [STAN="] - Initialized JPA EntityManagerFactory for persistence unit 'default' 
2023-09-11 22:21:41,842 [main] INFO  [DeferredRepositoryInitializationListener] [RRN="] - [STAN="] - Spring Data repositories initialized! 
2023-09-11 22:21:41,872 [main] INFO  [FederatedServerApplication] [RRN="] - [STAN="] - Started FederatedServerApplication in 28.723 seconds (JVM running for 29.196) 
2023-09-11 22:22:03,037 [HikariPool-1 housekeeper] DEBUG [HikariPool] [RRN="] - [STAN="] - HikariPool-1 - Pool stats (total=10, active=0, idle=10, waiting=0) 
2023-09-11 22:22:03,037 [HikariPool-1 housekeeper] DEBUG [HikariPool] [RRN="] - [STAN="] - HikariPool-1 - Fill pool skipped, pool is at sufficient level. 
2023-09-11 22:22:30,847 [http-nio-9090-exec-2] INFO  [[/]] [RRN="] - [STAN="] - Initializing Spring DispatcherServlet 'dispatcherServlet' 
2023-09-11 22:22:30,847 [http-nio-9090-exec-2] INFO  [DispatcherServlet] [RRN="] - [STAN="] - Initializing Servlet 'dispatcherServlet' 
2023-09-11 22:22:30,856 [http-nio-9090-exec-2] INFO  [DispatcherServlet] [RRN="] - [STAN="] - Completed initialization in 8 ms 
2023-09-11 22:22:33,044 [HikariPool-1 housekeeper] DEBUG [HikariPool] [RRN="] - [STAN="] - HikariPool-1 - Pool stats (total=10, active=0, idle=10, waiting=0) 
2023-09-11 22:22:33,044 [HikariPool-1 housekeeper] DEBUG [HikariPool] [RRN="] - [STAN="] - HikariPool-1 - Fill pool skipped, pool is at sufficient level. 
2023-09-11 22:23:03,048 [HikariPool-1 housekeeper] DEBUG [HikariPool] [RRN="] - [STAN="] - HikariPool-1 - Pool stats (total=10, active=0, idle=10, waiting=0) 
2023-09-11 22:23:03,048 [HikariPool-1 housekeeper] DEBUG [HikariPool] [RRN="] - [STAN="] - HikariPool-1 - Fill pool skipped, pool is at sufficient level. 
2023-09-11 22:23:33,048 [HikariPool-1 housekeeper] DEBUG [HikariPool] [RRN="] - [STAN="] - HikariPool-1 - Pool stats (total=10, active=0, idle=10, waiting=0) 
2023-09-11 22:23:33,048 [HikariPool-1 housekeeper] DEBUG [HikariPool] [RRN="] - [STAN="] - HikariPool-1 - Fill pool skipped, pool is at sufficient level. 
2023-09-11 22:24:03,060 [HikariPool-1 housekeeper] DEBUG [HikariPool] [RRN="] - [STAN="] - HikariPool-1 - Pool stats (total=10, active=0, idle=10, waiting=0) 
2023-09-11 22:24:03,060 [HikariPool-1 housekeeper] DEBUG [HikariPool] [RRN="] - [STAN="] - HikariPool-1 - Fill pool skipped, pool is at sufficient level. 
2023-09-11 22:24:33,065 [HikariPool-1 housekeeper] DEBUG [HikariPool] [RRN="] - [STAN="] - HikariPool-1 - Pool stats (total=10, active=0, idle=10, waiting=0) 
2023-09-11 22:24:33,065 [HikariPool-1 housekeeper] DEBUG [HikariPool] [RRN="] - [STAN="] - HikariPool-1 - Fill pool skipped, pool is at sufficient level. 
2023-09-11 22:25:03,077 [HikariPool-1 housekeeper] DEBUG [HikariPool] [RRN="] - [STAN="] - HikariPool-1 - Pool stats (total=10, active=0, idle=10, waiting=0) 
2023-09-11 22:25:03,077 [HikariPool-1 housekeeper] DEBUG [HikariPool] [RRN="] - [STAN="] - HikariPool-1 - Fill pool skipped, pool is at sufficient level. 
2023-09-11 22:25:33,085 [HikariPool-1 housekeeper] DEBUG [HikariPool] [RRN="] - [STAN="] - HikariPool-1 - Pool stats (total=10, active=0, idle=10, waiting=0) 
2023-09-11 22:25:33,085 [HikariPool-1 housekeeper] DEBUG [HikariPool] [RRN="] - [STAN="] - HikariPool-1 - Fill pool skipped, pool is at sufficient level. 
2023-09-11 22:26:03,100 [HikariPool-1 housekeeper] DEBUG [HikariPool] [RRN="] - [STAN="] - HikariPool-1 - Pool stats (total=10, active=0, idle=10, waiting=0) 
2023-09-11 22:26:03,101 [HikariPool-1 housekeeper] DEBUG [HikariPool] [RRN="] - [STAN="] - HikariPool-1 - Fill pool skipped, pool is at sufficient level. 
2023-09-11 22:26:33,102 [HikariPool-1 housekeeper] DEBUG [HikariPool] [RRN="] - [STAN="] - HikariPool-1 - Pool stats (total=10, active=0, idle=10, waiting=0) 
2023-09-11 22:26:33,102 [HikariPool-1 housekeeper] DEBUG [HikariPool] [RRN="] - [STAN="] - HikariPool-1 - Fill pool skipped, pool is at sufficient level. 
2023-09-11 22:27:03,107 [HikariPool-1 housekeeper] DEBUG [HikariPool] [RRN="] - [STAN="] - HikariPool-1 - Pool stats (total=10, active=0, idle=10, waiting=0) 
2023-09-11 22:27:03,107 [HikariPool-1 housekeeper] DEBUG [HikariPool] [RRN="] - [STAN="] - HikariPool-1 - Fill pool skipped, pool is at sufficient level. 
2023-09-11 22:27:33,123 [HikariPool-1 housekeeper] DEBUG [HikariPool] [RRN="] - [STAN="] - HikariPool-1 - Pool stats (total=10, active=0, idle=10, waiting=0) 
2023-09-11 22:27:33,123 [HikariPool-1 housekeeper] DEBUG [HikariPool] [RRN="] - [STAN="] - HikariPool-1 - Fill pool skipped, pool is at sufficient level. 
2023-09-11 22:28:03,123 [HikariPool-1 housekeeper] DEBUG [HikariPool] [RRN="] - [STAN="] - HikariPool-1 - Pool stats (total=10, active=0, idle=10, waiting=0) 
2023-09-11 22:28:03,123 [HikariPool-1 housekeeper] DEBUG [HikariPool] [RRN="] - [STAN="] - HikariPool-1 - Fill pool skipped, pool is at sufficient level. 
2023-09-11 22:28:33,134 [HikariPool-1 housekeeper] DEBUG [HikariPool] [RRN="] - [STAN="] - HikariPool-1 - Pool stats (total=10, active=0, idle=10, waiting=0) 
2023-09-11 22:28:33,134 [HikariPool-1 housekeeper] DEBUG [HikariPool] [RRN="] - [STAN="] - HikariPool-1 - Fill pool skipped, pool is at sufficient level. 
2023-09-11 22:29:03,143 [HikariPool-1 housekeeper] DEBUG [HikariPool] [RRN="] - [STAN="] - HikariPool-1 - Pool stats (total=10, active=0, idle=10, waiting=0) 
2023-09-11 22:29:03,143 [HikariPool-1 housekeeper] DEBUG [HikariPool] [RRN="] - [STAN="] - HikariPool-1 - Fill pool skipped, pool is at sufficient level. 
2023-09-11 22:29:33,145 [HikariPool-1 housekeeper] DEBUG [HikariPool] [RRN="] - [STAN="] - HikariPool-1 - Pool stats (total=10, active=0, idle=10, waiting=0) 
2023-09-11 22:29:33,145 [HikariPool-1 housekeeper] DEBUG [HikariPool] [RRN="] - [STAN="] - HikariPool-1 - Fill pool skipped, pool is at sufficient level. 
2023-09-11 22:30:03,160 [HikariPool-1 housekeeper] DEBUG [HikariPool] [RRN="] - [STAN="] - HikariPool-1 - Pool stats (total=10, active=0, idle=10, waiting=0) 
2023-09-11 22:30:03,160 [HikariPool-1 housekeeper] DEBUG [HikariPool] [RRN="] - [STAN="] - HikariPool-1 - Fill pool skipped, pool is at sufficient level. 
2023-09-11 22:30:33,163 [HikariPool-1 housekeeper] DEBUG [HikariPool] [RRN="] - [STAN="] - HikariPool-1 - Pool stats (total=10, active=0, idle=10, waiting=0) 
2023-09-11 22:30:33,163 [HikariPool-1 housekeeper] DEBUG [HikariPool] [RRN="] - [STAN="] - HikariPool-1 - Fill pool skipped, pool is at sufficient level. 
2023-09-11 22:31:03,171 [HikariPool-1 housekeeper] DEBUG [HikariPool] [RRN="] - [STAN="] - HikariPool-1 - Pool stats (total=10, active=0, idle=10, waiting=0) 
2023-09-11 22:31:03,171 [HikariPool-1 housekeeper] DEBUG [HikariPool] [RRN="] - [STAN="] - HikariPool-1 - Fill pool skipped, pool is at sufficient level. 
2023-09-11 22:31:33,180 [HikariPool-1 housekeeper] DEBUG [HikariPool] [RRN="] - [STAN="] - HikariPool-1 - Pool stats (total=10, active=0, idle=10, waiting=0) 
2023-09-11 22:31:33,180 [HikariPool-1 housekeeper] DEBUG [HikariPool] [RRN="] - [STAN="] - HikariPool-1 - Fill pool skipped, pool is at sufficient level. 
2023-09-11 22:32:03,182 [HikariPool-1 housekeeper] DEBUG [HikariPool] [RRN="] - [STAN="] - HikariPool-1 - Pool stats (total=10, active=0, idle=10, waiting=0) 
2023-09-11 22:32:03,182 [HikariPool-1 housekeeper] DEBUG [HikariPool] [RRN="] - [STAN="] - HikariPool-1 - Fill pool skipped, pool is at sufficient level. 
2023-09-11 22:32:33,195 [HikariPool-1 housekeeper] DEBUG [HikariPool] [RRN="] - [STAN="] - HikariPool-1 - Pool stats (total=10, active=0, idle=10, waiting=0) 
2023-09-11 22:32:33,195 [HikariPool-1 housekeeper] DEBUG [HikariPool] [RRN="] - [STAN="] - HikariPool-1 - Fill pool skipped, pool is at sufficient level. 
2023-09-11 22:33:03,205 [HikariPool-1 housekeeper] DEBUG [HikariPool] [RRN="] - [STAN="] - HikariPool-1 - Pool stats (total=10, active=0, idle=10, waiting=0) 
2023-09-11 22:33:03,205 [HikariPool-1 housekeeper] DEBUG [HikariPool] [RRN="] - [STAN="] - HikariPool-1 - Fill pool skipped, pool is at sufficient level. 
2023-09-11 22:33:33,206 [HikariPool-1 housekeeper] DEBUG [HikariPool] [RRN="] - [STAN="] - HikariPool-1 - Pool stats (total=10, active=0, idle=10, waiting=0) 
2023-09-11 22:33:33,206 [HikariPool-1 housekeeper] DEBUG [HikariPool] [RRN="] - [STAN="] - HikariPool-1 - Fill pool skipped, pool is at sufficient level. 
2023-09-11 22:34:03,210 [HikariPool-1 housekeeper] DEBUG [HikariPool] [RRN="] - [STAN="] - HikariPool-1 - Pool stats (total=10, active=0, idle=10, waiting=0) 
2023-09-11 22:34:03,210 [HikariPool-1 housekeeper] DEBUG [HikariPool] [RRN="] - [STAN="] - HikariPool-1 - Fill pool skipped, pool is at sufficient level. 
2023-09-11 22:34:33,218 [HikariPool-1 housekeeper] DEBUG [HikariPool] [RRN="] - [STAN="] - HikariPool-1 - Pool stats (total=10, active=0, idle=10, waiting=0) 
2023-09-11 22:34:33,218 [HikariPool-1 housekeeper] DEBUG [HikariPool] [RRN="] - [STAN="] - HikariPool-1 - Fill pool skipped, pool is at sufficient level. 
2023-09-11 22:35:03,220 [HikariPool-1 housekeeper] DEBUG [HikariPool] [RRN="] - [STAN="] - HikariPool-1 - Pool stats (total=10, active=0, idle=10, waiting=0) 
2023-09-11 22:35:03,220 [HikariPool-1 housekeeper] DEBUG [HikariPool] [RRN="] - [STAN="] - HikariPool-1 - Fill pool skipped, pool is at sufficient level. 
2023-09-11 22:35:33,233 [HikariPool-1 housekeeper] DEBUG [HikariPool] [RRN="] - [STAN="] - HikariPool-1 - Pool stats (total=10, active=0, idle=10, waiting=0) 
2023-09-11 22:35:33,234 [HikariPool-1 housekeeper] DEBUG [HikariPool] [RRN="] - [STAN="] - HikariPool-1 - Fill pool skipped, pool is at sufficient level. 
2023-09-11 22:36:03,244 [HikariPool-1 housekeeper] DEBUG [HikariPool] [RRN="] - [STAN="] - HikariPool-1 - Pool stats (total=10, active=0, idle=10, waiting=0) 
2023-09-11 22:36:03,244 [HikariPool-1 housekeeper] DEBUG [HikariPool] [RRN="] - [STAN="] - HikariPool-1 - Fill pool skipped, pool is at sufficient level. 
2023-09-11 22:36:33,257 [HikariPool-1 housekeeper] DEBUG [HikariPool] [RRN="] - [STAN="] - HikariPool-1 - Pool stats (total=10, active=0, idle=10, waiting=0) 
2023-09-11 22:36:33,257 [HikariPool-1 housekeeper] DEBUG [HikariPool] [RRN="] - [STAN="] - HikariPool-1 - Fill pool skipped, pool is at sufficient level. 
2023-09-11 22:37:03,265 [HikariPool-1 housekeeper] DEBUG [HikariPool] [RRN="] - [STAN="] - HikariPool-1 - Pool stats (total=10, active=0, idle=10, waiting=0) 
2023-09-11 22:37:03,265 [HikariPool-1 housekeeper] DEBUG [HikariPool] [RRN="] - [STAN="] - HikariPool-1 - Fill pool skipped, pool is at sufficient level. 
2023-09-11 22:37:33,270 [HikariPool-1 housekeeper] DEBUG [HikariPool] [RRN="] - [STAN="] - HikariPool-1 - Pool stats (total=10, active=0, idle=10, waiting=0) 
2023-09-11 22:37:33,270 [HikariPool-1 housekeeper] DEBUG [HikariPool] [RRN="] - [STAN="] - HikariPool-1 - Fill pool skipped, pool is at sufficient level. 
2023-09-11 22:38:03,276 [HikariPool-1 housekeeper] DEBUG [HikariPool] [RRN="] - [STAN="] - HikariPool-1 - Pool stats (total=10, active=0, idle=10, waiting=0) 
2023-09-11 22:38:03,276 [HikariPool-1 housekeeper] DEBUG [HikariPool] [RRN="] - [STAN="] - HikariPool-1 - Fill pool skipped, pool is at sufficient level. 
2023-09-11 22:38:33,290 [HikariPool-1 housekeeper] DEBUG [HikariPool] [RRN="] - [STAN="] - HikariPool-1 - Pool stats (total=10, active=0, idle=10, waiting=0) 
2023-09-11 22:38:33,290 [HikariPool-1 housekeeper] DEBUG [HikariPool] [RRN="] - [STAN="] - HikariPool-1 - Fill pool skipped, pool is at sufficient level. 
2023-09-11 22:39:03,292 [HikariPool-1 housekeeper] DEBUG [HikariPool] [RRN="] - [STAN="] - HikariPool-1 - Pool stats (total=10, active=0, idle=10, waiting=0) 
2023-09-11 22:39:03,292 [HikariPool-1 housekeeper] DEBUG [HikariPool] [RRN="] - [STAN="] - HikariPool-1 - Fill pool skipped, pool is at sufficient level. 
2023-09-11 22:39:33,295 [HikariPool-1 housekeeper] DEBUG [HikariPool] [RRN="] - [STAN="] - HikariPool-1 - Pool stats (total=10, active=0, idle=10, waiting=0) 
2023-09-11 22:39:33,295 [HikariPool-1 housekeeper] DEBUG [HikariPool] [RRN="] - [STAN="] - HikariPool-1 - Fill pool skipped, pool is at sufficient level. 
2023-09-11 22:40:03,299 [HikariPool-1 housekeeper] DEBUG [HikariPool] [RRN="] - [STAN="] - HikariPool-1 - Pool stats (total=10, active=0, idle=10, waiting=0) 
2023-09-11 22:40:03,299 [HikariPool-1 housekeeper] DEBUG [HikariPool] [RRN="] - [STAN="] - HikariPool-1 - Fill pool skipped, pool is at sufficient level. 
2023-09-11 22:40:33,310 [HikariPool-1 housekeeper] DEBUG [HikariPool] [RRN="] - [STAN="] - HikariPool-1 - Pool stats (total=10, active=0, idle=10, waiting=0) 
2023-09-11 22:40:33,310 [HikariPool-1 housekeeper] DEBUG [HikariPool] [RRN="] - [STAN="] - HikariPool-1 - Fill pool skipped, pool is at sufficient level. 
2023-09-11 22:41:03,323 [HikariPool-1 housekeeper] DEBUG [HikariPool] [RRN="] - [STAN="] - HikariPool-1 - Pool stats (total=10, active=0, idle=10, waiting=0) 
2023-09-11 22:41:03,323 [HikariPool-1 housekeeper] DEBUG [HikariPool] [RRN="] - [STAN="] - HikariPool-1 - Fill pool skipped, pool is at sufficient level. 
2023-09-11 22:41:33,324 [HikariPool-1 housekeeper] DEBUG [HikariPool] [RRN="] - [STAN="] - HikariPool-1 - Pool stats (total=10, active=0, idle=10, waiting=0) 
2023-09-11 22:41:33,324 [HikariPool-1 housekeeper] DEBUG [HikariPool] [RRN="] - [STAN="] - HikariPool-1 - Fill pool skipped, pool is at sufficient level. 
2023-09-11 22:42:03,334 [HikariPool-1 housekeeper] DEBUG [HikariPool] [RRN="] - [STAN="] - HikariPool-1 - Pool stats (total=10, active=0, idle=10, waiting=0) 
2023-09-11 22:42:03,335 [HikariPool-1 housekeeper] DEBUG [HikariPool] [RRN="] - [STAN="] - HikariPool-1 - Fill pool skipped, pool is at sufficient level. 
2023-09-11 22:42:33,340 [HikariPool-1 housekeeper] DEBUG [HikariPool] [RRN="] - [STAN="] - HikariPool-1 - Pool stats (total=10, active=0, idle=10, waiting=0) 
2023-09-11 22:42:33,340 [HikariPool-1 housekeeper] DEBUG [HikariPool] [RRN="] - [STAN="] - HikariPool-1 - Fill pool skipped, pool is at sufficient level. 
2023-09-11 22:43:03,344 [HikariPool-1 housekeeper] DEBUG [HikariPool] [RRN="] - [STAN="] - HikariPool-1 - Pool stats (total=10, active=0, idle=10, waiting=0) 
2023-09-11 22:43:03,345 [HikariPool-1 housekeeper] DEBUG [HikariPool] [RRN="] - [STAN="] - HikariPool-1 - Fill pool skipped, pool is at sufficient level. 
2023-09-11 22:43:33,347 [HikariPool-1 housekeeper] DEBUG [HikariPool] [RRN="] - [STAN="] - HikariPool-1 - Pool stats (total=10, active=0, idle=10, waiting=0) 
2023-09-11 22:43:33,347 [HikariPool-1 housekeeper] DEBUG [HikariPool] [RRN="] - [STAN="] - HikariPool-1 - Fill pool skipped, pool is at sufficient level. 
2023-09-11 22:44:03,352 [HikariPool-1 housekeeper] DEBUG [HikariPool] [RRN="] - [STAN="] - HikariPool-1 - Pool stats (total=10, active=0, idle=10, waiting=0) 
2023-09-11 22:44:03,352 [HikariPool-1 housekeeper] DEBUG [HikariPool] [RRN="] - [STAN="] - HikariPool-1 - Fill pool skipped, pool is at sufficient level. 
2023-09-11 22:44:33,357 [HikariPool-1 housekeeper] DEBUG [HikariPool] [RRN="] - [STAN="] - HikariPool-1 - Pool stats (total=10, active=0, idle=10, waiting=0) 
2023-09-11 22:44:33,357 [HikariPool-1 housekeeper] DEBUG [HikariPool] [RRN="] - [STAN="] - HikariPool-1 - Fill pool skipped, pool is at sufficient level. 
2023-09-11 22:45:03,362 [HikariPool-1 housekeeper] DEBUG [HikariPool] [RRN="] - [STAN="] - HikariPool-1 - Pool stats (total=10, active=0, idle=10, waiting=0) 
2023-09-11 22:45:03,362 [HikariPool-1 housekeeper] DEBUG [HikariPool] [RRN="] - [STAN="] - HikariPool-1 - Fill pool skipped, pool is at sufficient level. 
2023-09-11 22:45:33,376 [HikariPool-1 housekeeper] DEBUG [HikariPool] [RRN="] - [STAN="] - HikariPool-1 - Pool stats (total=10, active=0, idle=10, waiting=0) 
2023-09-11 22:45:33,376 [HikariPool-1 housekeeper] DEBUG [HikariPool] [RRN="] - [STAN="] - HikariPool-1 - Fill pool skipped, pool is at sufficient level. 
2023-09-11 22:46:03,379 [HikariPool-1 housekeeper] DEBUG [HikariPool] [RRN="] - [STAN="] - HikariPool-1 - Pool stats (total=10, active=0, idle=10, waiting=0) 
2023-09-11 22:46:03,379 [HikariPool-1 housekeeper] DEBUG [HikariPool] [RRN="] - [STAN="] - HikariPool-1 - Fill pool skipped, pool is at sufficient level. 
2023-09-11 22:46:33,394 [HikariPool-1 housekeeper] DEBUG [HikariPool] [RRN="] - [STAN="] - HikariPool-1 - Pool stats (total=10, active=0, idle=10, waiting=0) 
2023-09-11 22:46:33,394 [HikariPool-1 housekeeper] DEBUG [HikariPool] [RRN="] - [STAN="] - HikariPool-1 - Fill pool skipped, pool is at sufficient level. 
2023-09-11 22:47:03,401 [HikariPool-1 housekeeper] DEBUG [HikariPool] [RRN="] - [STAN="] - HikariPool-1 - Pool stats (total=10, active=0, idle=10, waiting=0) 
2023-09-11 22:47:03,401 [HikariPool-1 housekeeper] DEBUG [HikariPool] [RRN="] - [STAN="] - HikariPool-1 - Fill pool skipped, pool is at sufficient level. 
2023-09-11 22:47:33,414 [HikariPool-1 housekeeper] DEBUG [HikariPool] [RRN="] - [STAN="] - HikariPool-1 - Pool stats (total=10, active=0, idle=10, waiting=0) 
2023-09-11 22:47:33,414 [HikariPool-1 housekeeper] DEBUG [HikariPool] [RRN="] - [STAN="] - HikariPool-1 - Fill pool skipped, pool is at sufficient level. 
2023-09-11 22:48:03,422 [HikariPool-1 housekeeper] DEBUG [HikariPool] [RRN="] - [STAN="] - HikariPool-1 - Pool stats (total=10, active=0, idle=10, waiting=0) 
2023-09-11 22:48:03,422 [HikariPool-1 housekeeper] DEBUG [HikariPool] [RRN="] - [STAN="] - HikariPool-1 - Fill pool skipped, pool is at sufficient level. 
2023-09-11 22:48:33,431 [HikariPool-1 housekeeper] DEBUG [HikariPool] [RRN="] - [STAN="] - HikariPool-1 - Pool stats (total=10, active=0, idle=10, waiting=0) 
2023-09-11 22:48:33,431 [HikariPool-1 housekeeper] DEBUG [HikariPool] [RRN="] - [STAN="] - HikariPool-1 - Fill pool skipped, pool is at sufficient level. 
2023-09-11 22:49:03,444 [HikariPool-1 housekeeper] DEBUG [HikariPool] [RRN="] - [STAN="] - HikariPool-1 - Pool stats (total=10, active=0, idle=10, waiting=0) 
2023-09-11 22:49:03,444 [HikariPool-1 housekeeper] DEBUG [HikariPool] [RRN="] - [STAN="] - HikariPool-1 - Fill pool skipped, pool is at sufficient level. 
2023-09-11 22:49:33,448 [HikariPool-1 housekeeper] DEBUG [HikariPool] [RRN="] - [STAN="] - HikariPool-1 - Pool stats (total=10, active=0, idle=10, waiting=0) 
2023-09-11 22:49:33,448 [HikariPool-1 housekeeper] DEBUG [HikariPool] [RRN="] - [STAN="] - HikariPool-1 - Fill pool skipped, pool is at sufficient level. 
2023-09-11 22:50:03,453 [HikariPool-1 housekeeper] DEBUG [HikariPool] [RRN="] - [STAN="] - HikariPool-1 - Pool stats (total=10, active=0, idle=10, waiting=0) 
2023-09-11 22:50:03,453 [HikariPool-1 housekeeper] DEBUG [HikariPool] [RRN="] - [STAN="] - HikariPool-1 - Fill pool skipped, pool is at sufficient level. 
2023-09-11 22:50:33,457 [HikariPool-1 housekeeper] DEBUG [HikariPool] [RRN="] - [STAN="] - HikariPool-1 - Pool stats (total=10, active=0, idle=10, waiting=0) 
2023-09-11 22:50:33,457 [HikariPool-1 housekeeper] DEBUG [HikariPool] [RRN="] - [STAN="] - HikariPool-1 - Fill pool skipped, pool is at sufficient level. 
2023-09-11 22:50:48,161 [HikariPool-1 connection closer] DEBUG [PoolBase] [RRN="] - [STAN="] - HikariPool-1 - Closing connection com.mysql.cj.jdbc.ConnectionImpl@319601f6: (connection has passed maxLifetime) 
2023-09-11 22:50:48,168 [HikariPool-1 connection adder] DEBUG [HikariPool] [RRN="] - [STAN="] - HikariPool-1 - Added connection com.mysql.cj.jdbc.ConnectionImpl@539f3855 
2023-09-11 22:50:48,319 [HikariPool-1 connection closer] DEBUG [HikariPool] [RRN="] - [STAN="] - HikariPool-1 - Fill pool skipped, pool is at sufficient level. 
2023-09-11 22:50:51,580 [HikariPool-1 connection closer] DEBUG [PoolBase] [RRN="] - [STAN="] - HikariPool-1 - Closing connection com.mysql.cj.jdbc.ConnectionImpl@55dd93f8: (connection has passed maxLifetime) 
2023-09-11 22:50:51,584 [HikariPool-1 connection adder] DEBUG [HikariPool] [RRN="] - [STAN="] - HikariPool-1 - Added connection com.mysql.cj.jdbc.ConnectionImpl@12a2326e 
2023-09-11 22:51:03,426 [HikariPool-1 connection closer] DEBUG [PoolBase] [RRN="] - [STAN="] - HikariPool-1 - Closing connection com.mysql.cj.jdbc.ConnectionImpl@70ab0bcd: (connection has passed maxLifetime) 
2023-09-11 22:51:03,430 [HikariPool-1 connection adder] DEBUG [HikariPool] [RRN="] - [STAN="] - HikariPool-1 - Added connection com.mysql.cj.jdbc.ConnectionImpl@468c0ce 
2023-09-11 22:51:03,473 [HikariPool-1 housekeeper] DEBUG [HikariPool] [RRN="] - [STAN="] - HikariPool-1 - Pool stats (total=10, active=0, idle=10, waiting=0) 
2023-09-11 22:51:03,473 [HikariPool-1 housekeeper] DEBUG [HikariPool] [RRN="] - [STAN="] - HikariPool-1 - Fill pool skipped, pool is at sufficient level. 
2023-09-11 22:51:04,625 [HikariPool-1 connection closer] DEBUG [PoolBase] [RRN="] - [STAN="] - HikariPool-1 - Closing connection com.mysql.cj.jdbc.ConnectionImpl@50deff4b: (connection has passed maxLifetime) 
2023-09-11 22:51:04,631 [HikariPool-1 connection adder] DEBUG [HikariPool] [RRN="] - [STAN="] - HikariPool-1 - Added connection com.mysql.cj.jdbc.ConnectionImpl@4555caf5 
2023-09-11 22:51:07,776 [HikariPool-1 connection closer] DEBUG [PoolBase] [RRN="] - [STAN="] - HikariPool-1 - Closing connection com.mysql.cj.jdbc.ConnectionImpl@14ca88b7: (connection has passed maxLifetime) 
2023-09-11 22:51:07,780 [HikariPool-1 connection adder] DEBUG [HikariPool] [RRN="] - [STAN="] - HikariPool-1 - Added connection com.mysql.cj.jdbc.ConnectionImpl@74da2d63 
2023-09-11 22:51:09,023 [HikariPool-1 connection closer] DEBUG [PoolBase] [RRN="] - [STAN="] - HikariPool-1 - Closing connection com.mysql.cj.jdbc.ConnectionImpl@41113f7a: (connection has passed maxLifetime) 
2023-09-11 22:51:09,030 [HikariPool-1 connection adder] DEBUG [HikariPool] [RRN="] - [STAN="] - HikariPool-1 - Added connection com.mysql.cj.jdbc.ConnectionImpl@242314bb 
2023-09-11 22:51:10,026 [HikariPool-1 connection closer] DEBUG [PoolBase] [RRN="] - [STAN="] - HikariPool-1 - Closing connection com.mysql.cj.jdbc.ConnectionImpl@2bf0bd5a: (connection has passed maxLifetime) 
2023-09-11 22:51:10,031 [HikariPool-1 connection adder] DEBUG [HikariPool] [RRN="] - [STAN="] - HikariPool-1 - Added connection com.mysql.cj.jdbc.ConnectionImpl@55175484 
2023-09-11 22:51:16,500 [HikariPool-1 connection closer] DEBUG [PoolBase] [RRN="] - [STAN="] - HikariPool-1 - Closing connection com.mysql.cj.jdbc.ConnectionImpl@14840f89: (connection has passed maxLifetime) 
2023-09-11 22:51:16,505 [HikariPool-1 connection adder] DEBUG [HikariPool] [RRN="] - [STAN="] - HikariPool-1 - Added connection com.mysql.cj.jdbc.ConnectionImpl@1fec9e94 
2023-09-11 22:51:17,609 [HikariPool-1 connection closer] DEBUG [PoolBase] [RRN="] - [STAN="] - HikariPool-1 - Closing connection com.mysql.cj.jdbc.ConnectionImpl@555ceb0: (connection has passed maxLifetime) 
2023-09-11 22:51:17,612 [HikariPool-1 connection adder] DEBUG [HikariPool] [RRN="] - [STAN="] - HikariPool-1 - Added connection com.mysql.cj.jdbc.ConnectionImpl@5ed194af 
2023-09-11 22:51:29,064 [HikariPool-1 connection closer] DEBUG [PoolBase] [RRN="] - [STAN="] - HikariPool-1 - Closing connection com.mysql.cj.jdbc.ConnectionImpl@1084f482: (connection has passed maxLifetime) 
2023-09-11 22:51:29,069 [HikariPool-1 connection adder] DEBUG [HikariPool] [RRN="] - [STAN="] - HikariPool-1 - Added connection com.mysql.cj.jdbc.ConnectionImpl@46a0ed26 
2023-09-11 22:51:33,478 [HikariPool-1 housekeeper] DEBUG [HikariPool] [RRN="] - [STAN="] - HikariPool-1 - Pool stats (total=10, active=0, idle=10, waiting=0) 
2023-09-11 22:51:33,478 [HikariPool-1 housekeeper] DEBUG [HikariPool] [RRN="] - [STAN="] - HikariPool-1 - Fill pool skipped, pool is at sufficient level. 
2023-09-11 22:52:03,492 [HikariPool-1 housekeeper] DEBUG [HikariPool] [RRN="] - [STAN="] - HikariPool-1 - Pool stats (total=10, active=0, idle=10, waiting=0) 
2023-09-11 22:52:03,492 [HikariPool-1 housekeeper] DEBUG [HikariPool] [RRN="] - [STAN="] - HikariPool-1 - Fill pool skipped, pool is at sufficient level. 
2023-09-11 22:52:33,501 [HikariPool-1 housekeeper] DEBUG [HikariPool] [RRN="] - [STAN="] - HikariPool-1 - Pool stats (total=10, active=0, idle=10, waiting=0) 
2023-09-11 22:52:33,501 [HikariPool-1 housekeeper] DEBUG [HikariPool] [RRN="] - [STAN="] - HikariPool-1 - Fill pool skipped, pool is at sufficient level. 
2023-09-11 22:53:03,515 [HikariPool-1 housekeeper] DEBUG [HikariPool] [RRN="] - [STAN="] - HikariPool-1 - Pool stats (total=10, active=0, idle=10, waiting=0) 
2023-09-11 22:53:03,515 [HikariPool-1 housekeeper] DEBUG [HikariPool] [RRN="] - [STAN="] - HikariPool-1 - Fill pool skipped, pool is at sufficient level. 
2023-09-11 22:53:33,522 [HikariPool-1 housekeeper] DEBUG [HikariPool] [RRN="] - [STAN="] - HikariPool-1 - Pool stats (total=10, active=0, idle=10, waiting=0) 
2023-09-11 22:53:33,522 [HikariPool-1 housekeeper] DEBUG [HikariPool] [RRN="] - [STAN="] - HikariPool-1 - Fill pool skipped, pool is at sufficient level. 
2023-09-11 22:54:03,533 [HikariPool-1 housekeeper] DEBUG [HikariPool] [RRN="] - [STAN="] - HikariPool-1 - Pool stats (total=10, active=0, idle=10, waiting=0) 
2023-09-11 22:54:03,533 [HikariPool-1 housekeeper] DEBUG [HikariPool] [RRN="] - [STAN="] - HikariPool-1 - Fill pool skipped, pool is at sufficient level. 
2023-09-11 22:54:33,547 [HikariPool-1 housekeeper] DEBUG [HikariPool] [RRN="] - [STAN="] - HikariPool-1 - Pool stats (total=10, active=0, idle=10, waiting=0) 
2023-09-11 22:54:33,547 [HikariPool-1 housekeeper] DEBUG [HikariPool] [RRN="] - [STAN="] - HikariPool-1 - Fill pool skipped, pool is at sufficient level. 
2023-09-11 22:55:03,553 [HikariPool-1 housekeeper] DEBUG [HikariPool] [RRN="] - [STAN="] - HikariPool-1 - Pool stats (total=10, active=0, idle=10, waiting=0) 
2023-09-11 22:55:03,553 [HikariPool-1 housekeeper] DEBUG [HikariPool] [RRN="] - [STAN="] - HikariPool-1 - Fill pool skipped, pool is at sufficient level. 
2023-09-11 22:55:33,559 [HikariPool-1 housekeeper] DEBUG [HikariPool] [RRN="] - [STAN="] - HikariPool-1 - Pool stats (total=10, active=0, idle=10, waiting=0) 
2023-09-11 22:55:33,559 [HikariPool-1 housekeeper] DEBUG [HikariPool] [RRN="] - [STAN="] - HikariPool-1 - Fill pool skipped, pool is at sufficient level. 
2023-09-11 22:56:03,565 [HikariPool-1 housekeeper] DEBUG [HikariPool] [RRN="] - [STAN="] - HikariPool-1 - Pool stats (total=10, active=0, idle=10, waiting=0) 
2023-09-11 22:56:03,565 [HikariPool-1 housekeeper] DEBUG [HikariPool] [RRN="] - [STAN="] - HikariPool-1 - Fill pool skipped, pool is at sufficient level. 
2023-09-11 22:56:33,577 [HikariPool-1 housekeeper] DEBUG [HikariPool] [RRN="] - [STAN="] - HikariPool-1 - Pool stats (total=10, active=0, idle=10, waiting=0) 
2023-09-11 22:56:33,577 [HikariPool-1 housekeeper] DEBUG [HikariPool] [RRN="] - [STAN="] - HikariPool-1 - Fill pool skipped, pool is at sufficient level. 
2023-09-11 22:57:03,577 [HikariPool-1 housekeeper] DEBUG [HikariPool] [RRN="] - [STAN="] - HikariPool-1 - Pool stats (total=10, active=0, idle=10, waiting=0) 
2023-09-11 22:57:03,577 [HikariPool-1 housekeeper] DEBUG [HikariPool] [RRN="] - [STAN="] - HikariPool-1 - Fill pool skipped, pool is at sufficient level. 
2023-09-11 22:57:33,591 [HikariPool-1 housekeeper] DEBUG [HikariPool] [RRN="] - [STAN="] - HikariPool-1 - Pool stats (total=10, active=0, idle=10, waiting=0) 
2023-09-11 22:57:33,591 [HikariPool-1 housekeeper] DEBUG [HikariPool] [RRN="] - [STAN="] - HikariPool-1 - Fill pool skipped, pool is at sufficient level. 
2023-09-11 22:58:03,601 [HikariPool-1 housekeeper] DEBUG [HikariPool] [RRN="] - [STAN="] - HikariPool-1 - Pool stats (total=10, active=0, idle=10, waiting=0) 
2023-09-11 22:58:03,601 [HikariPool-1 housekeeper] DEBUG [HikariPool] [RRN="] - [STAN="] - HikariPool-1 - Fill pool skipped, pool is at sufficient level. 
2023-09-11 22:58:33,604 [HikariPool-1 housekeeper] DEBUG [HikariPool] [RRN="] - [STAN="] - HikariPool-1 - Pool stats (total=10, active=0, idle=10, waiting=0) 
2023-09-11 22:58:33,604 [HikariPool-1 housekeeper] DEBUG [HikariPool] [RRN="] - [STAN="] - HikariPool-1 - Fill pool skipped, pool is at sufficient level. 
2023-09-11 22:59:03,607 [HikariPool-1 housekeeper] DEBUG [HikariPool] [RRN="] - [STAN="] - HikariPool-1 - Pool stats (total=10, active=0, idle=10, waiting=0) 
2023-09-11 22:59:03,607 [HikariPool-1 housekeeper] DEBUG [HikariPool] [RRN="] - [STAN="] - HikariPool-1 - Fill pool skipped, pool is at sufficient level. 
2023-09-11 22:59:33,612 [HikariPool-1 housekeeper] DEBUG [HikariPool] [RRN="] - [STAN="] - HikariPool-1 - Pool stats (total=10, active=0, idle=10, waiting=0) 
2023-09-11 22:59:33,612 [HikariPool-1 housekeeper] DEBUG [HikariPool] [RRN="] - [STAN="] - HikariPool-1 - Fill pool skipped, pool is at sufficient level. 
2023-09-11 23:00:03,613 [HikariPool-1 housekeeper] DEBUG [HikariPool] [RRN="] - [STAN="] - HikariPool-1 - Pool stats (total=10, active=0, idle=10, waiting=0) 
2023-09-11 23:00:03,613 [HikariPool-1 housekeeper] DEBUG [HikariPool] [RRN="] - [STAN="] - HikariPool-1 - Fill pool skipped, pool is at sufficient level. 
2023-09-11 23:00:33,620 [HikariPool-1 housekeeper] DEBUG [HikariPool] [RRN="] - [STAN="] - HikariPool-1 - Pool stats (total=10, active=0, idle=10, waiting=0) 
2023-09-11 23:00:33,620 [HikariPool-1 housekeeper] DEBUG [HikariPool] [RRN="] - [STAN="] - HikariPool-1 - Fill pool skipped, pool is at sufficient level. 
2023-09-11 23:01:03,622 [HikariPool-1 housekeeper] DEBUG [HikariPool] [RRN="] - [STAN="] - HikariPool-1 - Pool stats (total=10, active=0, idle=10, waiting=0) 
2023-09-11 23:01:03,622 [HikariPool-1 housekeeper] DEBUG [HikariPool] [RRN="] - [STAN="] - HikariPool-1 - Fill pool skipped, pool is at sufficient level. 
2023-09-11 23:01:33,636 [HikariPool-1 housekeeper] DEBUG [HikariPool] [RRN="] - [STAN="] - HikariPool-1 - Pool stats (total=10, active=0, idle=10, waiting=0) 
2023-09-11 23:01:33,636 [HikariPool-1 housekeeper] DEBUG [HikariPool] [RRN="] - [STAN="] - HikariPool-1 - Fill pool skipped, pool is at sufficient level. 
2023-09-11 23:02:03,643 [HikariPool-1 housekeeper] DEBUG [HikariPool] [RRN="] - [STAN="] - HikariPool-1 - Pool stats (total=10, active=0, idle=10, waiting=0) 
2023-09-11 23:02:03,643 [HikariPool-1 housekeeper] DEBUG [HikariPool] [RRN="] - [STAN="] - HikariPool-1 - Fill pool skipped, pool is at sufficient level. 
2023-09-11 23:02:33,656 [HikariPool-1 housekeeper] DEBUG [HikariPool] [RRN="] - [STAN="] - HikariPool-1 - Pool stats (total=10, active=0, idle=10, waiting=0) 
2023-09-11 23:02:33,656 [HikariPool-1 housekeeper] DEBUG [HikariPool] [RRN="] - [STAN="] - HikariPool-1 - Fill pool skipped, pool is at sufficient level. 
2023-09-11 23:03:03,671 [HikariPool-1 housekeeper] DEBUG [HikariPool] [RRN="] - [STAN="] - HikariPool-1 - Pool stats (total=10, active=0, idle=10, waiting=0) 
2023-09-11 23:03:03,671 [HikariPool-1 housekeeper] DEBUG [HikariPool] [RRN="] - [STAN="] - HikariPool-1 - Fill pool skipped, pool is at sufficient level. 
2023-09-11 23:03:33,685 [HikariPool-1 housekeeper] DEBUG [HikariPool] [RRN="] - [STAN="] - HikariPool-1 - Pool stats (total=10, active=0, idle=10, waiting=0) 
2023-09-11 23:03:33,685 [HikariPool-1 housekeeper] DEBUG [HikariPool] [RRN="] - [STAN="] - HikariPool-1 - Fill pool skipped, pool is at sufficient level. 
2023-09-11 23:04:03,701 [HikariPool-1 housekeeper] DEBUG [HikariPool] [RRN="] - [STAN="] - HikariPool-1 - Pool stats (total=10, active=0, idle=10, waiting=0) 
2023-09-11 23:04:03,702 [HikariPool-1 housekeeper] DEBUG [HikariPool] [RRN="] - [STAN="] - HikariPool-1 - Fill pool skipped, pool is at sufficient level. 
2023-09-11 23:04:33,703 [HikariPool-1 housekeeper] DEBUG [HikariPool] [RRN="] - [STAN="] - HikariPool-1 - Pool stats (total=10, active=0, idle=10, waiting=0) 
2023-09-11 23:04:33,703 [HikariPool-1 housekeeper] DEBUG [HikariPool] [RRN="] - [STAN="] - HikariPool-1 - Fill pool skipped, pool is at sufficient level. 
2023-09-11 23:05:03,705 [HikariPool-1 housekeeper] DEBUG [HikariPool] [RRN="] - [STAN="] - HikariPool-1 - Pool stats (total=10, active=0, idle=10, waiting=0) 
2023-09-11 23:05:03,705 [HikariPool-1 housekeeper] DEBUG [HikariPool] [RRN="] - [STAN="] - HikariPool-1 - Fill pool skipped, pool is at sufficient level. 
2023-09-11 23:05:33,720 [HikariPool-1 housekeeper] DEBUG [HikariPool] [RRN="] - [STAN="] - HikariPool-1 - Pool stats (total=10, active=0, idle=10, waiting=0) 
2023-09-11 23:05:33,720 [HikariPool-1 housekeeper] DEBUG [HikariPool] [RRN="] - [STAN="] - HikariPool-1 - Fill pool skipped, pool is at sufficient level. 
2023-09-11 23:06:03,721 [HikariPool-1 housekeeper] DEBUG [HikariPool] [RRN="] - [STAN="] - HikariPool-1 - Pool stats (total=10, active=0, idle=10, waiting=0) 
2023-09-11 23:06:03,721 [HikariPool-1 housekeeper] DEBUG [HikariPool] [RRN="] - [STAN="] - HikariPool-1 - Fill pool skipped, pool is at sufficient level. 
2023-09-11 23:06:33,732 [HikariPool-1 housekeeper] DEBUG [HikariPool] [RRN="] - [STAN="] - HikariPool-1 - Pool stats (total=10, active=0, idle=10, waiting=0) 
2023-09-11 23:06:33,732 [HikariPool-1 housekeeper] DEBUG [HikariPool] [RRN="] - [STAN="] - HikariPool-1 - Fill pool skipped, pool is at sufficient level. 
2023-09-11 23:07:03,746 [HikariPool-1 housekeeper] DEBUG [HikariPool] [RRN="] - [STAN="] - HikariPool-1 - Pool stats (total=10, active=0, idle=10, waiting=0) 
2023-09-11 23:07:03,746 [HikariPool-1 housekeeper] DEBUG [HikariPool] [RRN="] - [STAN="] - HikariPool-1 - Fill pool skipped, pool is at sufficient level. 
2023-09-11 23:07:33,755 [HikariPool-1 housekeeper] DEBUG [HikariPool] [RRN="] - [STAN="] - HikariPool-1 - Pool stats (total=10, active=0, idle=10, waiting=0) 
2023-09-11 23:07:33,755 [HikariPool-1 housekeeper] DEBUG [HikariPool] [RRN="] - [STAN="] - HikariPool-1 - Fill pool skipped, pool is at sufficient level. 
2023-09-11 23:08:03,757 [HikariPool-1 housekeeper] DEBUG [HikariPool] [RRN="] - [STAN="] - HikariPool-1 - Pool stats (total=10, active=0, idle=10, waiting=0) 
2023-09-11 23:08:03,757 [HikariPool-1 housekeeper] DEBUG [HikariPool] [RRN="] - [STAN="] - HikariPool-1 - Fill pool skipped, pool is at sufficient level. 
2023-09-11 23:08:33,762 [HikariPool-1 housekeeper] DEBUG [HikariPool] [RRN="] - [STAN="] - HikariPool-1 - Pool stats (total=10, active=0, idle=10, waiting=0) 
2023-09-11 23:08:33,762 [HikariPool-1 housekeeper] DEBUG [HikariPool] [RRN="] - [STAN="] - HikariPool-1 - Fill pool skipped, pool is at sufficient level. 
2023-09-11 23:09:03,767 [HikariPool-1 housekeeper] DEBUG [HikariPool] [RRN="] - [STAN="] - HikariPool-1 - Pool stats (total=10, active=0, idle=10, waiting=0) 
2023-09-11 23:09:03,767 [HikariPool-1 housekeeper] DEBUG [HikariPool] [RRN="] - [STAN="] - HikariPool-1 - Fill pool skipped, pool is at sufficient level. 
2023-09-11 23:09:33,780 [HikariPool-1 housekeeper] DEBUG [HikariPool] [RRN="] - [STAN="] - HikariPool-1 - Pool stats (total=10, active=0, idle=10, waiting=0) 
2023-09-11 23:09:33,780 [HikariPool-1 housekeeper] DEBUG [HikariPool] [RRN="] - [STAN="] - HikariPool-1 - Fill pool skipped, pool is at sufficient level. 
2023-09-11 23:10:03,795 [HikariPool-1 housekeeper] DEBUG [HikariPool] [RRN="] - [STAN="] - HikariPool-1 - Pool stats (total=10, active=0, idle=10, waiting=0) 
2023-09-11 23:10:03,795 [HikariPool-1 housekeeper] DEBUG [HikariPool] [RRN="] - [STAN="] - HikariPool-1 - Fill pool skipped, pool is at sufficient level. 
2023-09-11 23:10:33,805 [HikariPool-1 housekeeper] DEBUG [HikariPool] [RRN="] - [STAN="] - HikariPool-1 - Pool stats (total=10, active=0, idle=10, waiting=0) 
2023-09-11 23:10:33,805 [HikariPool-1 housekeeper] DEBUG [HikariPool] [RRN="] - [STAN="] - HikariPool-1 - Fill pool skipped, pool is at sufficient level. 
2023-09-11 23:11:03,810 [HikariPool-1 housekeeper] DEBUG [HikariPool] [RRN="] - [STAN="] - HikariPool-1 - Pool stats (total=10, active=0, idle=10, waiting=0) 
2023-09-11 23:11:03,811 [HikariPool-1 housekeeper] DEBUG [HikariPool] [RRN="] - [STAN="] - HikariPool-1 - Fill pool skipped, pool is at sufficient level. 
2023-09-11 23:11:33,822 [HikariPool-1 housekeeper] DEBUG [HikariPool] [RRN="] - [STAN="] - HikariPool-1 - Pool stats (total=10, active=0, idle=10, waiting=0) 
2023-09-11 23:11:33,822 [HikariPool-1 housekeeper] DEBUG [HikariPool] [RRN="] - [STAN="] - HikariPool-1 - Fill pool skipped, pool is at sufficient level. 
2023-09-11 23:12:03,830 [HikariPool-1 housekeeper] DEBUG [HikariPool] [RRN="] - [STAN="] - HikariPool-1 - Pool stats (total=10, active=0, idle=10, waiting=0) 
2023-09-11 23:12:03,830 [HikariPool-1 housekeeper] DEBUG [HikariPool] [RRN="] - [STAN="] - HikariPool-1 - Fill pool skipped, pool is at sufficient level. 
2023-09-11 23:12:33,842 [HikariPool-1 housekeeper] DEBUG [HikariPool] [RRN="] - [STAN="] - HikariPool-1 - Pool stats (total=10, active=0, idle=10, waiting=0) 
2023-09-11 23:12:33,842 [HikariPool-1 housekeeper] DEBUG [HikariPool] [RRN="] - [STAN="] - HikariPool-1 - Fill pool skipped, pool is at sufficient level. 
2023-09-11 23:13:03,848 [HikariPool-1 housekeeper] DEBUG [HikariPool] [RRN="] - [STAN="] - HikariPool-1 - Pool stats (total=10, active=0, idle=10, waiting=0) 
2023-09-11 23:13:03,848 [HikariPool-1 housekeeper] DEBUG [HikariPool] [RRN="] - [STAN="] - HikariPool-1 - Fill pool skipped, pool is at sufficient level. 
2023-09-11 23:13:33,860 [HikariPool-1 housekeeper] DEBUG [HikariPool] [RRN="] - [STAN="] - HikariPool-1 - Pool stats (total=10, active=0, idle=10, waiting=0) 
2023-09-11 23:13:33,860 [HikariPool-1 housekeeper] DEBUG [HikariPool] [RRN="] - [STAN="] - HikariPool-1 - Fill pool skipped, pool is at sufficient level. 
2023-09-11 23:14:03,872 [HikariPool-1 housekeeper] DEBUG [HikariPool] [RRN="] - [STAN="] - HikariPool-1 - Pool stats (total=10, active=0, idle=10, waiting=0) 
2023-09-11 23:14:03,872 [HikariPool-1 housekeeper] DEBUG [HikariPool] [RRN="] - [STAN="] - HikariPool-1 - Fill pool skipped, pool is at sufficient level. 
2023-09-11 23:14:33,874 [HikariPool-1 housekeeper] DEBUG [HikariPool] [RRN="] - [STAN="] - HikariPool-1 - Pool stats (total=10, active=0, idle=10, waiting=0) 
2023-09-11 23:14:33,874 [HikariPool-1 housekeeper] DEBUG [HikariPool] [RRN="] - [STAN="] - HikariPool-1 - Fill pool skipped, pool is at sufficient level. 
