2023-05-05 17:10:51,599 [main] INFO  [FederatedClientApplication] [RRN="] - [STAN="] - Starting FederatedClientApplication on Hasnain-Rabbani with PID 19396 (E:\Workspace\Eclipse\zeroinfinity\thesis\federated-client\federated-client\target\classes started by hp in E:\Workspace\Eclipse\zeroinfinity\thesis\federated-client\federated-client) 
2023-05-05 17:10:51,602 [main] INFO  [FederatedClientApplication] [RRN="] - [STAN="] - No active profile set, falling back to default profiles: default 
2023-05-05 17:10:52,553 [main] INFO  [EnableEncryptablePropertiesBeanFactoryPostProcessor] [RRN="] - [STAN="] - Post-processing PropertySource instances 
2023-05-05 17:10:52,631 [main] INFO  [EncryptablePropertySourceConverter] [RRN="] - [STAN="] - Converting PropertySource configurationProperties [org.springframework.boot.context.properties.source.ConfigurationPropertySourcesPropertySource] to AOP Proxy 
2023-05-05 17:10:52,633 [main] INFO  [EncryptablePropertySourceConverter] [RRN="] - [STAN="] - Converting PropertySource servletConfigInitParams [org.springframework.core.env.PropertySource$StubPropertySource] to EncryptablePropertySourceWrapper 
2023-05-05 17:10:52,633 [main] INFO  [EncryptablePropertySourceConverter] [RRN="] - [STAN="] - Converting PropertySource servletContextInitParams [org.springframework.core.env.PropertySource$StubPropertySource] to EncryptablePropertySourceWrapper 
2023-05-05 17:10:52,634 [main] INFO  [EncryptablePropertySourceConverter] [RRN="] - [STAN="] - Converting PropertySource systemProperties [org.springframework.core.env.PropertiesPropertySource] to EncryptableMapPropertySourceWrapper 
2023-05-05 17:10:52,634 [main] INFO  [EncryptablePropertySourceConverter] [RRN="] - [STAN="] - Converting PropertySource systemEnvironment [org.springframework.boot.env.SystemEnvironmentPropertySourceEnvironmentPostProcessor$OriginAwareSystemEnvironmentPropertySource] to EncryptableSystemEnvironmentPropertySourceWrapper 
2023-05-05 17:10:52,634 [main] INFO  [EncryptablePropertySourceConverter] [RRN="] - [STAN="] - Converting PropertySource random [org.springframework.boot.env.RandomValuePropertySource] to EncryptablePropertySourceWrapper 
2023-05-05 17:10:52,634 [main] INFO  [EncryptablePropertySourceConverter] [RRN="] - [STAN="] - Converting PropertySource applicationConfig: [file:./application.yml] [org.springframework.boot.env.OriginTrackedMapPropertySource] to EncryptableMapPropertySourceWrapper 
2023-05-05 17:10:52,766 [main] INFO  [DefaultLazyPropertyFilter] [RRN="] - [STAN="] - Property Filter custom Bean not found with name 'encryptablePropertyFilter'. Initializing Default Property Filter 
2023-05-05 17:10:53,282 [main] INFO  [TomcatWebServer] [RRN="] - [STAN="] - Tomcat initialized with port(s): 9091 (http) 
2023-05-05 17:10:53,290 [main] INFO  [Http11NioProtocol] [RRN="] - [STAN="] - Initializing ProtocolHandler ["http-nio-9091"] 
2023-05-05 17:10:53,291 [main] INFO  [StandardService] [RRN="] - [STAN="] - Starting service [Tomcat] 
2023-05-05 17:10:53,291 [main] INFO  [StandardEngine] [RRN="] - [STAN="] - Starting Servlet engine: [Apache Tomcat/9.0.36] 
2023-05-05 17:10:53,362 [main] INFO  [[/]] [RRN="] - [STAN="] - Initializing Spring embedded WebApplicationContext 
2023-05-05 17:10:53,362 [main] INFO  [ServletWebServerApplicationContext] [RRN="] - [STAN="] - Root WebApplicationContext: initialization completed in 1717 ms 
2023-05-05 17:10:53,368 [main] INFO  [DefaultLazyPropertyResolver] [RRN="] - [STAN="] - Property Resolver custom Bean not found with name 'encryptablePropertyResolver'. Initializing Default Property Resolver 
2023-05-05 17:10:53,372 [main] INFO  [DefaultLazyPropertyDetector] [RRN="] - [STAN="] - Property Detector custom Bean not found with name 'encryptablePropertyDetector'. Initializing Default Property Detector 
2023-05-05 17:10:53,934 [main] INFO  [DefaultSecurityFilterChain] [RRN="] - [STAN="] - Creating filter chain: Ant [pattern='/v2/api-docs'], [] 
2023-05-05 17:10:53,935 [main] INFO  [DefaultSecurityFilterChain] [RRN="] - [STAN="] - Creating filter chain: Ant [pattern='/configuration/ui'], [] 
2023-05-05 17:10:53,935 [main] INFO  [DefaultSecurityFilterChain] [RRN="] - [STAN="] - Creating filter chain: Ant [pattern='/swagger-resources/**'], [] 
2023-05-05 17:10:53,935 [main] INFO  [DefaultSecurityFilterChain] [RRN="] - [STAN="] - Creating filter chain: Ant [pattern='/configuration/**'], [] 
2023-05-05 17:10:53,935 [main] INFO  [DefaultSecurityFilterChain] [RRN="] - [STAN="] - Creating filter chain: Ant [pattern='/swagger-ui.html'], [] 
2023-05-05 17:10:53,935 [main] INFO  [DefaultSecurityFilterChain] [RRN="] - [STAN="] - Creating filter chain: Ant [pattern='/webjars/**'], [] 
2023-05-05 17:10:53,974 [main] INFO  [PropertySourcedRequestMappingHandlerMapping] [RRN="] - [STAN="] - Mapped URL path [/v2/api-docs] onto method [springfox.documentation.swagger2.web.Swagger2Controller#getDocumentation(String, HttpServletRequest)] 
2023-05-05 17:10:54,054 [main] INFO  [DefaultSecurityFilterChain] [RRN="] - [STAN="] - Creating filter chain: any request, [org.springframework.security.web.context.request.async.WebAsyncManagerIntegrationFilter@12bbfc54, org.springframework.security.web.context.SecurityContextPersistenceFilter@73d60e76, org.springframework.security.web.header.HeaderWriterFilter@348ad293, org.springframework.web.filter.CorsFilter@1491344a, org.springframework.security.web.authentication.logout.LogoutFilter@2d4608a6, com.zeroinfinity.federatedclient.config.JwtRequestFilter@129fed45, org.springframework.security.web.savedrequest.RequestCacheAwareFilter@5c441290, org.springframework.security.web.servletapi.SecurityContextHolderAwareRequestFilter@3bbf6abe, org.springframework.security.web.authentication.AnonymousAuthenticationFilter@59b65dce, org.springframework.security.web.session.SessionManagementFilter@69923ac3, org.springframework.security.web.access.ExceptionTranslationFilter@25673087, org.springframework.security.web.access.intercept.FilterSecurityInterceptor@18f55704] 
2023-05-05 17:10:54,111 [main] INFO  [ThreadPoolTaskExecutor] [RRN="] - [STAN="] - Initializing ExecutorService 'applicationTaskExecutor' 
2023-05-05 17:10:54,256 [main] INFO  [Http11NioProtocol] [RRN="] - [STAN="] - Starting ProtocolHandler ["http-nio-9091"] 
2023-05-05 17:10:54,280 [main] INFO  [TomcatWebServer] [RRN="] - [STAN="] - Tomcat started on port(s): 9091 (http) with context path '' 
2023-05-05 17:10:54,281 [main] INFO  [DocumentationPluginsBootstrapper] [RRN="] - [STAN="] - Context refreshed 
2023-05-05 17:10:54,301 [main] INFO  [DocumentationPluginsBootstrapper] [RRN="] - [STAN="] - Found 1 custom documentation plugin(s) 
2023-05-05 17:10:54,328 [main] INFO  [ApiListingReferenceScanner] [RRN="] - [STAN="] - Scanning for api listing references 
2023-05-05 17:10:54,354 [main] INFO  [FederatedClientApplication] [RRN="] - [STAN="] - Started FederatedClientApplication in 3.338 seconds (JVM running for 3.716) 
2023-05-05 17:16:16,023 [main] INFO  [FederatedClientApplication] [RRN="] - [STAN="] - Starting FederatedClientApplication on Hasnain-Rabbani with PID 22284 (E:\Workspace\Eclipse\zeroinfinity\thesis\federated-client\federated-client\target\classes started by hp in E:\Workspace\Eclipse\zeroinfinity\thesis\federated-client\federated-client) 
2023-05-05 17:16:16,025 [main] INFO  [FederatedClientApplication] [RRN="] - [STAN="] - No active profile set, falling back to default profiles: default 
2023-05-05 17:16:17,112 [main] INFO  [EnableEncryptablePropertiesBeanFactoryPostProcessor] [RRN="] - [STAN="] - Post-processing PropertySource instances 
2023-05-05 17:16:17,210 [main] INFO  [EncryptablePropertySourceConverter] [RRN="] - [STAN="] - Converting PropertySource configurationProperties [org.springframework.boot.context.properties.source.ConfigurationPropertySourcesPropertySource] to AOP Proxy 
2023-05-05 17:16:17,211 [main] INFO  [EncryptablePropertySourceConverter] [RRN="] - [STAN="] - Converting PropertySource commandLineArgs [org.springframework.core.env.SimpleCommandLinePropertySource] to EncryptableEnumerablePropertySourceWrapper 
2023-05-05 17:16:17,212 [main] INFO  [EncryptablePropertySourceConverter] [RRN="] - [STAN="] - Converting PropertySource servletConfigInitParams [org.springframework.core.env.PropertySource$StubPropertySource] to EncryptablePropertySourceWrapper 
2023-05-05 17:16:17,212 [main] INFO  [EncryptablePropertySourceConverter] [RRN="] - [STAN="] - Converting PropertySource servletContextInitParams [org.springframework.core.env.PropertySource$StubPropertySource] to EncryptablePropertySourceWrapper 
2023-05-05 17:16:17,212 [main] INFO  [EncryptablePropertySourceConverter] [RRN="] - [STAN="] - Converting PropertySource systemProperties [org.springframework.core.env.PropertiesPropertySource] to EncryptableMapPropertySourceWrapper 
2023-05-05 17:16:17,212 [main] INFO  [EncryptablePropertySourceConverter] [RRN="] - [STAN="] - Converting PropertySource systemEnvironment [org.springframework.boot.env.SystemEnvironmentPropertySourceEnvironmentPostProcessor$OriginAwareSystemEnvironmentPropertySource] to EncryptableSystemEnvironmentPropertySourceWrapper 
2023-05-05 17:16:17,212 [main] INFO  [EncryptablePropertySourceConverter] [RRN="] - [STAN="] - Converting PropertySource random [org.springframework.boot.env.RandomValuePropertySource] to EncryptablePropertySourceWrapper 
2023-05-05 17:16:17,212 [main] INFO  [EncryptablePropertySourceConverter] [RRN="] - [STAN="] - Converting PropertySource applicationConfig: [file:./application-client1.yml] [org.springframework.boot.env.OriginTrackedMapPropertySource] to EncryptableMapPropertySourceWrapper 
2023-05-05 17:16:17,381 [main] INFO  [DefaultLazyPropertyFilter] [RRN="] - [STAN="] - Property Filter custom Bean not found with name 'encryptablePropertyFilter'. Initializing Default Property Filter 
2023-05-05 17:16:17,960 [main] INFO  [TomcatWebServer] [RRN="] - [STAN="] - Tomcat initialized with port(s): 9091 (http) 
2023-05-05 17:16:17,969 [main] INFO  [Http11NioProtocol] [RRN="] - [STAN="] - Initializing ProtocolHandler ["http-nio-9091"] 
2023-05-05 17:16:17,969 [main] INFO  [StandardService] [RRN="] - [STAN="] - Starting service [Tomcat] 
2023-05-05 17:16:17,970 [main] INFO  [StandardEngine] [RRN="] - [STAN="] - Starting Servlet engine: [Apache Tomcat/9.0.36] 
2023-05-05 17:16:18,067 [main] INFO  [[/]] [RRN="] - [STAN="] - Initializing Spring embedded WebApplicationContext 
2023-05-05 17:16:18,068 [main] INFO  [ServletWebServerApplicationContext] [RRN="] - [STAN="] - Root WebApplicationContext: initialization completed in 1943 ms 
2023-05-05 17:16:18,077 [main] INFO  [DefaultLazyPropertyResolver] [RRN="] - [STAN="] - Property Resolver custom Bean not found with name 'encryptablePropertyResolver'. Initializing Default Property Resolver 
2023-05-05 17:16:18,082 [main] INFO  [DefaultLazyPropertyDetector] [RRN="] - [STAN="] - Property Detector custom Bean not found with name 'encryptablePropertyDetector'. Initializing Default Property Detector 
2023-05-05 17:16:18,652 [main] INFO  [DefaultSecurityFilterChain] [RRN="] - [STAN="] - Creating filter chain: Ant [pattern='/v2/api-docs'], [] 
2023-05-05 17:16:18,652 [main] INFO  [DefaultSecurityFilterChain] [RRN="] - [STAN="] - Creating filter chain: Ant [pattern='/configuration/ui'], [] 
2023-05-05 17:16:18,652 [main] INFO  [DefaultSecurityFilterChain] [RRN="] - [STAN="] - Creating filter chain: Ant [pattern='/swagger-resources/**'], [] 
2023-05-05 17:16:18,652 [main] INFO  [DefaultSecurityFilterChain] [RRN="] - [STAN="] - Creating filter chain: Ant [pattern='/configuration/**'], [] 
2023-05-05 17:16:18,652 [main] INFO  [DefaultSecurityFilterChain] [RRN="] - [STAN="] - Creating filter chain: Ant [pattern='/swagger-ui.html'], [] 
2023-05-05 17:16:18,652 [main] INFO  [DefaultSecurityFilterChain] [RRN="] - [STAN="] - Creating filter chain: Ant [pattern='/webjars/**'], [] 
2023-05-05 17:16:18,690 [main] INFO  [PropertySourcedRequestMappingHandlerMapping] [RRN="] - [STAN="] - Mapped URL path [/v2/api-docs] onto method [springfox.documentation.swagger2.web.Swagger2Controller#getDocumentation(String, HttpServletRequest)] 
2023-05-05 17:16:18,768 [main] INFO  [DefaultSecurityFilterChain] [RRN="] - [STAN="] - Creating filter chain: any request, [org.springframework.security.web.context.request.async.WebAsyncManagerIntegrationFilter@1a8df0b3, org.springframework.security.web.context.SecurityContextPersistenceFilter@806996, org.springframework.security.web.header.HeaderWriterFilter@216e9ca3, org.springframework.web.filter.CorsFilter@7c112f5f, org.springframework.security.web.authentication.logout.LogoutFilter@58d6b7b9, com.zeroinfinity.federatedclient.config.JwtRequestFilter@38af1bf6, org.springframework.security.web.savedrequest.RequestCacheAwareFilter@257e0827, org.springframework.security.web.servletapi.SecurityContextHolderAwareRequestFilter@3fba233d, org.springframework.security.web.authentication.AnonymousAuthenticationFilter@5961e92d, org.springframework.security.web.session.SessionManagementFilter@4c5228e7, org.springframework.security.web.access.ExceptionTranslationFilter@4b4eced1, org.springframework.security.web.access.intercept.FilterSecurityInterceptor@120d3fd] 
2023-05-05 17:16:18,822 [main] INFO  [ThreadPoolTaskExecutor] [RRN="] - [STAN="] - Initializing ExecutorService 'applicationTaskExecutor' 
2023-05-05 17:16:18,960 [main] INFO  [Http11NioProtocol] [RRN="] - [STAN="] - Starting ProtocolHandler ["http-nio-9091"] 
2023-05-05 17:16:18,981 [main] INFO  [TomcatWebServer] [RRN="] - [STAN="] - Tomcat started on port(s): 9091 (http) with context path '' 
2023-05-05 17:16:18,982 [main] INFO  [DocumentationPluginsBootstrapper] [RRN="] - [STAN="] - Context refreshed 
2023-05-05 17:16:19,000 [main] INFO  [DocumentationPluginsBootstrapper] [RRN="] - [STAN="] - Found 1 custom documentation plugin(s) 
2023-05-05 17:16:19,023 [main] INFO  [ApiListingReferenceScanner] [RRN="] - [STAN="] - Scanning for api listing references 
2023-05-05 17:16:19,039 [main] INFO  [FederatedClientApplication] [RRN="] - [STAN="] - Started FederatedClientApplication in 3.638 seconds (JVM running for 4.029) 
2023-05-05 17:18:34,718 [main] INFO  [FederatedClientApplication] [RRN="] - [STAN="] - Starting FederatedClientApplication on Hasnain-Rabbani with PID 2068 (E:\Workspace\Eclipse\zeroinfinity\thesis\federated-client\federated-client\target\classes started by hp in E:\Workspace\Eclipse\zeroinfinity\thesis\federated-client\federated-client) 
2023-05-05 17:18:34,721 [main] INFO  [FederatedClientApplication] [RRN="] - [STAN="] - No active profile set, falling back to default profiles: default 
2023-05-05 17:18:35,603 [main] INFO  [EnableEncryptablePropertiesBeanFactoryPostProcessor] [RRN="] - [STAN="] - Post-processing PropertySource instances 
2023-05-05 17:18:35,684 [main] INFO  [EncryptablePropertySourceConverter] [RRN="] - [STAN="] - Converting PropertySource configurationProperties [org.springframework.boot.context.properties.source.ConfigurationPropertySourcesPropertySource] to AOP Proxy 
2023-05-05 17:18:35,686 [main] INFO  [EncryptablePropertySourceConverter] [RRN="] - [STAN="] - Converting PropertySource commandLineArgs [org.springframework.core.env.SimpleCommandLinePropertySource] to EncryptableEnumerablePropertySourceWrapper 
2023-05-05 17:18:35,686 [main] INFO  [EncryptablePropertySourceConverter] [RRN="] - [STAN="] - Converting PropertySource servletConfigInitParams [org.springframework.core.env.PropertySource$StubPropertySource] to EncryptablePropertySourceWrapper 
2023-05-05 17:18:35,686 [main] INFO  [EncryptablePropertySourceConverter] [RRN="] - [STAN="] - Converting PropertySource servletContextInitParams [org.springframework.core.env.PropertySource$StubPropertySource] to EncryptablePropertySourceWrapper 
2023-05-05 17:18:35,686 [main] INFO  [EncryptablePropertySourceConverter] [RRN="] - [STAN="] - Converting PropertySource systemProperties [org.springframework.core.env.PropertiesPropertySource] to EncryptableMapPropertySourceWrapper 
2023-05-05 17:18:35,686 [main] INFO  [EncryptablePropertySourceConverter] [RRN="] - [STAN="] - Converting PropertySource systemEnvironment [org.springframework.boot.env.SystemEnvironmentPropertySourceEnvironmentPostProcessor$OriginAwareSystemEnvironmentPropertySource] to EncryptableSystemEnvironmentPropertySourceWrapper 
2023-05-05 17:18:35,686 [main] INFO  [EncryptablePropertySourceConverter] [RRN="] - [STAN="] - Converting PropertySource random [org.springframework.boot.env.RandomValuePropertySource] to EncryptablePropertySourceWrapper 
2023-05-05 17:18:35,686 [main] INFO  [EncryptablePropertySourceConverter] [RRN="] - [STAN="] - Converting PropertySource applicationConfig: [file:./application-client2.yml] [org.springframework.boot.env.OriginTrackedMapPropertySource] to EncryptableMapPropertySourceWrapper 
2023-05-05 17:18:35,820 [main] INFO  [DefaultLazyPropertyFilter] [RRN="] - [STAN="] - Property Filter custom Bean not found with name 'encryptablePropertyFilter'. Initializing Default Property Filter 
2023-05-05 17:18:36,403 [main] INFO  [TomcatWebServer] [RRN="] - [STAN="] - Tomcat initialized with port(s): 9092 (http) 
2023-05-05 17:18:36,411 [main] INFO  [Http11NioProtocol] [RRN="] - [STAN="] - Initializing ProtocolHandler ["http-nio-9092"] 
2023-05-05 17:18:36,412 [main] INFO  [StandardService] [RRN="] - [STAN="] - Starting service [Tomcat] 
2023-05-05 17:18:36,412 [main] INFO  [StandardEngine] [RRN="] - [STAN="] - Starting Servlet engine: [Apache Tomcat/9.0.36] 
2023-05-05 17:18:36,512 [main] INFO  [[/]] [RRN="] - [STAN="] - Initializing Spring embedded WebApplicationContext 
2023-05-05 17:18:36,512 [main] INFO  [ServletWebServerApplicationContext] [RRN="] - [STAN="] - Root WebApplicationContext: initialization completed in 1750 ms 
2023-05-05 17:18:36,520 [main] INFO  [DefaultLazyPropertyResolver] [RRN="] - [STAN="] - Property Resolver custom Bean not found with name 'encryptablePropertyResolver'. Initializing Default Property Resolver 
2023-05-05 17:18:36,524 [main] INFO  [DefaultLazyPropertyDetector] [RRN="] - [STAN="] - Property Detector custom Bean not found with name 'encryptablePropertyDetector'. Initializing Default Property Detector 
2023-05-05 17:18:37,088 [main] INFO  [DefaultSecurityFilterChain] [RRN="] - [STAN="] - Creating filter chain: Ant [pattern='/v2/api-docs'], [] 
2023-05-05 17:18:37,088 [main] INFO  [DefaultSecurityFilterChain] [RRN="] - [STAN="] - Creating filter chain: Ant [pattern='/configuration/ui'], [] 
2023-05-05 17:18:37,089 [main] INFO  [DefaultSecurityFilterChain] [RRN="] - [STAN="] - Creating filter chain: Ant [pattern='/swagger-resources/**'], [] 
2023-05-05 17:18:37,089 [main] INFO  [DefaultSecurityFilterChain] [RRN="] - [STAN="] - Creating filter chain: Ant [pattern='/configuration/**'], [] 
2023-05-05 17:18:37,089 [main] INFO  [DefaultSecurityFilterChain] [RRN="] - [STAN="] - Creating filter chain: Ant [pattern='/swagger-ui.html'], [] 
2023-05-05 17:18:37,089 [main] INFO  [DefaultSecurityFilterChain] [RRN="] - [STAN="] - Creating filter chain: Ant [pattern='/webjars/**'], [] 
2023-05-05 17:18:37,120 [main] INFO  [PropertySourcedRequestMappingHandlerMapping] [RRN="] - [STAN="] - Mapped URL path [/v2/api-docs] onto method [springfox.documentation.swagger2.web.Swagger2Controller#getDocumentation(String, HttpServletRequest)] 
2023-05-05 17:18:37,202 [main] INFO  [DefaultSecurityFilterChain] [RRN="] - [STAN="] - Creating filter chain: any request, [org.springframework.security.web.context.request.async.WebAsyncManagerIntegrationFilter@19a31b9d, org.springframework.security.web.context.SecurityContextPersistenceFilter@5e1dde44, org.springframework.security.web.header.HeaderWriterFilter@650ae78c, org.springframework.web.filter.CorsFilter@a5bbaec, org.springframework.security.web.authentication.logout.LogoutFilter@fe7b6b0, com.zeroinfinity.federatedclient.config.JwtRequestFilter@21ac5eb4, org.springframework.security.web.savedrequest.RequestCacheAwareFilter@71e35c4, org.springframework.security.web.servletapi.SecurityContextHolderAwareRequestFilter@51d719bc, org.springframework.security.web.authentication.AnonymousAuthenticationFilter@6d60899e, org.springframework.security.web.session.SessionManagementFilter@3bb87d36, org.springframework.security.web.access.ExceptionTranslationFilter@2fdf17dc, org.springframework.security.web.access.intercept.FilterSecurityInterceptor@e76b097] 
2023-05-05 17:18:37,251 [main] INFO  [ThreadPoolTaskExecutor] [RRN="] - [STAN="] - Initializing ExecutorService 'applicationTaskExecutor' 
2023-05-05 17:18:37,398 [main] INFO  [Http11NioProtocol] [RRN="] - [STAN="] - Starting ProtocolHandler ["http-nio-9092"] 
2023-05-05 17:18:37,422 [main] INFO  [TomcatWebServer] [RRN="] - [STAN="] - Tomcat started on port(s): 9092 (http) with context path '' 
2023-05-05 17:18:37,423 [main] INFO  [DocumentationPluginsBootstrapper] [RRN="] - [STAN="] - Context refreshed 
2023-05-05 17:18:37,449 [main] INFO  [DocumentationPluginsBootstrapper] [RRN="] - [STAN="] - Found 1 custom documentation plugin(s) 
2023-05-05 17:18:37,476 [main] INFO  [ApiListingReferenceScanner] [RRN="] - [STAN="] - Scanning for api listing references 
2023-05-05 17:18:37,496 [main] INFO  [FederatedClientApplication] [RRN="] - [STAN="] - Started FederatedClientApplication in 3.233 seconds (JVM running for 3.632) 
2023-05-05 17:23:50,203 [main] INFO  [FederatedClientApplication] [RRN="] - [STAN="] - Starting FederatedClientApplication on Hasnain-Rabbani with PID 7680 (E:\Workspace\Eclipse\zeroinfinity\thesis\federated-client\federated-client\target\classes started by hp in E:\Workspace\Eclipse\zeroinfinity\thesis\federated-client\federated-client) 
2023-05-05 17:23:50,205 [main] INFO  [FederatedClientApplication] [RRN="] - [STAN="] - The following profiles are active: client3 
2023-05-05 17:23:51,162 [main] INFO  [EnableEncryptablePropertiesBeanFactoryPostProcessor] [RRN="] - [STAN="] - Post-processing PropertySource instances 
2023-05-05 17:23:51,248 [main] INFO  [EncryptablePropertySourceConverter] [RRN="] - [STAN="] - Converting PropertySource configurationProperties [org.springframework.boot.context.properties.source.ConfigurationPropertySourcesPropertySource] to AOP Proxy 
2023-05-05 17:23:51,250 [main] INFO  [EncryptablePropertySourceConverter] [RRN="] - [STAN="] - Converting PropertySource commandLineArgs [org.springframework.core.env.SimpleCommandLinePropertySource] to EncryptableEnumerablePropertySourceWrapper 
2023-05-05 17:23:51,250 [main] INFO  [EncryptablePropertySourceConverter] [RRN="] - [STAN="] - Converting PropertySource servletConfigInitParams [org.springframework.core.env.PropertySource$StubPropertySource] to EncryptablePropertySourceWrapper 
2023-05-05 17:23:51,250 [main] INFO  [EncryptablePropertySourceConverter] [RRN="] - [STAN="] - Converting PropertySource servletContextInitParams [org.springframework.core.env.PropertySource$StubPropertySource] to EncryptablePropertySourceWrapper 
2023-05-05 17:23:51,250 [main] INFO  [EncryptablePropertySourceConverter] [RRN="] - [STAN="] - Converting PropertySource systemProperties [org.springframework.core.env.PropertiesPropertySource] to EncryptableMapPropertySourceWrapper 
2023-05-05 17:23:51,251 [main] INFO  [EncryptablePropertySourceConverter] [RRN="] - [STAN="] - Converting PropertySource systemEnvironment [org.springframework.boot.env.SystemEnvironmentPropertySourceEnvironmentPostProcessor$OriginAwareSystemEnvironmentPropertySource] to EncryptableSystemEnvironmentPropertySourceWrapper 
2023-05-05 17:23:51,251 [main] INFO  [EncryptablePropertySourceConverter] [RRN="] - [STAN="] - Converting PropertySource random [org.springframework.boot.env.RandomValuePropertySource] to EncryptablePropertySourceWrapper 
2023-05-05 17:23:51,251 [main] INFO  [EncryptablePropertySourceConverter] [RRN="] - [STAN="] - Converting PropertySource applicationConfig: [file:./application-client3.yml] [org.springframework.boot.env.OriginTrackedMapPropertySource] to EncryptableMapPropertySourceWrapper 
2023-05-05 17:23:51,390 [main] INFO  [DefaultLazyPropertyFilter] [RRN="] - [STAN="] - Property Filter custom Bean not found with name 'encryptablePropertyFilter'. Initializing Default Property Filter 
2023-05-05 17:23:51,947 [main] INFO  [TomcatWebServer] [RRN="] - [STAN="] - Tomcat initialized with port(s): 9093 (http) 
2023-05-05 17:23:51,957 [main] INFO  [Http11NioProtocol] [RRN="] - [STAN="] - Initializing ProtocolHandler ["http-nio-9093"] 
2023-05-05 17:23:51,957 [main] INFO  [StandardService] [RRN="] - [STAN="] - Starting service [Tomcat] 
2023-05-05 17:23:51,957 [main] INFO  [StandardEngine] [RRN="] - [STAN="] - Starting Servlet engine: [Apache Tomcat/9.0.36] 
2023-05-05 17:23:52,102 [main] INFO  [[/]] [RRN="] - [STAN="] - Initializing Spring embedded WebApplicationContext 
2023-05-05 17:23:52,102 [main] INFO  [ServletWebServerApplicationContext] [RRN="] - [STAN="] - Root WebApplicationContext: initialization completed in 1826 ms 
2023-05-05 17:23:52,111 [main] INFO  [DefaultLazyPropertyResolver] [RRN="] - [STAN="] - Property Resolver custom Bean not found with name 'encryptablePropertyResolver'. Initializing Default Property Resolver 
2023-05-05 17:23:52,116 [main] INFO  [DefaultLazyPropertyDetector] [RRN="] - [STAN="] - Property Detector custom Bean not found with name 'encryptablePropertyDetector'. Initializing Default Property Detector 
2023-05-05 17:23:52,654 [main] INFO  [DefaultSecurityFilterChain] [RRN="] - [STAN="] - Creating filter chain: Ant [pattern='/v2/api-docs'], [] 
2023-05-05 17:23:52,654 [main] INFO  [DefaultSecurityFilterChain] [RRN="] - [STAN="] - Creating filter chain: Ant [pattern='/configuration/ui'], [] 
2023-05-05 17:23:52,654 [main] INFO  [DefaultSecurityFilterChain] [RRN="] - [STAN="] - Creating filter chain: Ant [pattern='/swagger-resources/**'], [] 
2023-05-05 17:23:52,654 [main] INFO  [DefaultSecurityFilterChain] [RRN="] - [STAN="] - Creating filter chain: Ant [pattern='/configuration/**'], [] 
2023-05-05 17:23:52,654 [main] INFO  [DefaultSecurityFilterChain] [RRN="] - [STAN="] - Creating filter chain: Ant [pattern='/swagger-ui.html'], [] 
2023-05-05 17:23:52,654 [main] INFO  [DefaultSecurityFilterChain] [RRN="] - [STAN="] - Creating filter chain: Ant [pattern='/webjars/**'], [] 
2023-05-05 17:23:52,687 [main] INFO  [PropertySourcedRequestMappingHandlerMapping] [RRN="] - [STAN="] - Mapped URL path [/v2/api-docs] onto method [springfox.documentation.swagger2.web.Swagger2Controller#getDocumentation(String, HttpServletRequest)] 
2023-05-05 17:23:52,768 [main] INFO  [DefaultSecurityFilterChain] [RRN="] - [STAN="] - Creating filter chain: any request, [org.springframework.security.web.context.request.async.WebAsyncManagerIntegrationFilter@7343922c, org.springframework.security.web.context.SecurityContextPersistenceFilter@6c5ddccd, org.springframework.security.web.header.HeaderWriterFilter@17461db, org.springframework.web.filter.CorsFilter@526b2f3e, org.springframework.security.web.authentication.logout.LogoutFilter@1b495d4, com.zeroinfinity.federatedclient.config.JwtRequestFilter@b0fc838, org.springframework.security.web.savedrequest.RequestCacheAwareFilter@6c101cc1, org.springframework.security.web.servletapi.SecurityContextHolderAwareRequestFilter@474821de, org.springframework.security.web.authentication.AnonymousAuthenticationFilter@6f2e1024, org.springframework.security.web.session.SessionManagementFilter@3f1a4795, org.springframework.security.web.access.ExceptionTranslationFilter@43a65cd8, org.springframework.security.web.access.intercept.FilterSecurityInterceptor@29fd8e67] 
2023-05-05 17:23:52,826 [main] INFO  [ThreadPoolTaskExecutor] [RRN="] - [STAN="] - Initializing ExecutorService 'applicationTaskExecutor' 
2023-05-05 17:23:52,951 [main] INFO  [Http11NioProtocol] [RRN="] - [STAN="] - Starting ProtocolHandler ["http-nio-9093"] 
2023-05-05 17:23:52,977 [main] INFO  [TomcatWebServer] [RRN="] - [STAN="] - Tomcat started on port(s): 9093 (http) with context path '' 
2023-05-05 17:23:52,979 [main] INFO  [DocumentationPluginsBootstrapper] [RRN="] - [STAN="] - Context refreshed 
2023-05-05 17:23:52,999 [main] INFO  [DocumentationPluginsBootstrapper] [RRN="] - [STAN="] - Found 1 custom documentation plugin(s) 
2023-05-05 17:23:53,029 [main] INFO  [ApiListingReferenceScanner] [RRN="] - [STAN="] - Scanning for api listing references 
2023-05-05 17:23:53,048 [main] INFO  [FederatedClientApplication] [RRN="] - [STAN="] - Started FederatedClientApplication in 3.31 seconds (JVM running for 3.708) 
2023-05-05 17:24:09,936 [main] INFO  [FederatedClientApplication] [RRN="] - [STAN="] - Starting FederatedClientApplication on Hasnain-Rabbani with PID 21300 (E:\Workspace\Eclipse\zeroinfinity\thesis\federated-client\federated-client\target\classes started by hp in E:\Workspace\Eclipse\zeroinfinity\thesis\federated-client\federated-client) 
2023-05-05 17:24:09,939 [main] INFO  [FederatedClientApplication] [RRN="] - [STAN="] - The following profiles are active: client1 
2023-05-05 17:24:10,835 [main] INFO  [EnableEncryptablePropertiesBeanFactoryPostProcessor] [RRN="] - [STAN="] - Post-processing PropertySource instances 
2023-05-05 17:24:10,907 [main] INFO  [EncryptablePropertySourceConverter] [RRN="] - [STAN="] - Converting PropertySource configurationProperties [org.springframework.boot.context.properties.source.ConfigurationPropertySourcesPropertySource] to AOP Proxy 
2023-05-05 17:24:10,909 [main] INFO  [EncryptablePropertySourceConverter] [RRN="] - [STAN="] - Converting PropertySource commandLineArgs [org.springframework.core.env.SimpleCommandLinePropertySource] to EncryptableEnumerablePropertySourceWrapper 
2023-05-05 17:24:10,910 [main] INFO  [EncryptablePropertySourceConverter] [RRN="] - [STAN="] - Converting PropertySource servletConfigInitParams [org.springframework.core.env.PropertySource$StubPropertySource] to EncryptablePropertySourceWrapper 
2023-05-05 17:24:10,910 [main] INFO  [EncryptablePropertySourceConverter] [RRN="] - [STAN="] - Converting PropertySource servletContextInitParams [org.springframework.core.env.PropertySource$StubPropertySource] to EncryptablePropertySourceWrapper 
2023-05-05 17:24:10,910 [main] INFO  [EncryptablePropertySourceConverter] [RRN="] - [STAN="] - Converting PropertySource systemProperties [org.springframework.core.env.PropertiesPropertySource] to EncryptableMapPropertySourceWrapper 
2023-05-05 17:24:10,910 [main] INFO  [EncryptablePropertySourceConverter] [RRN="] - [STAN="] - Converting PropertySource systemEnvironment [org.springframework.boot.env.SystemEnvironmentPropertySourceEnvironmentPostProcessor$OriginAwareSystemEnvironmentPropertySource] to EncryptableSystemEnvironmentPropertySourceWrapper 
2023-05-05 17:24:10,910 [main] INFO  [EncryptablePropertySourceConverter] [RRN="] - [STAN="] - Converting PropertySource random [org.springframework.boot.env.RandomValuePropertySource] to EncryptablePropertySourceWrapper 
2023-05-05 17:24:10,910 [main] INFO  [EncryptablePropertySourceConverter] [RRN="] - [STAN="] - Converting PropertySource applicationConfig: [file:./application-client1.yml] [org.springframework.boot.env.OriginTrackedMapPropertySource] to EncryptableMapPropertySourceWrapper 
2023-05-05 17:24:11,042 [main] INFO  [DefaultLazyPropertyFilter] [RRN="] - [STAN="] - Property Filter custom Bean not found with name 'encryptablePropertyFilter'. Initializing Default Property Filter 
2023-05-05 17:24:11,569 [main] INFO  [TomcatWebServer] [RRN="] - [STAN="] - Tomcat initialized with port(s): 9091 (http) 
2023-05-05 17:24:11,577 [main] INFO  [Http11NioProtocol] [RRN="] - [STAN="] - Initializing ProtocolHandler ["http-nio-9091"] 
2023-05-05 17:24:11,578 [main] INFO  [StandardService] [RRN="] - [STAN="] - Starting service [Tomcat] 
2023-05-05 17:24:11,578 [main] INFO  [StandardEngine] [RRN="] - [STAN="] - Starting Servlet engine: [Apache Tomcat/9.0.36] 
2023-05-05 17:24:11,655 [main] INFO  [[/]] [RRN="] - [STAN="] - Initializing Spring embedded WebApplicationContext 
2023-05-05 17:24:11,655 [main] INFO  [ServletWebServerApplicationContext] [RRN="] - [STAN="] - Root WebApplicationContext: initialization completed in 1645 ms 
2023-05-05 17:24:11,662 [main] INFO  [DefaultLazyPropertyResolver] [RRN="] - [STAN="] - Property Resolver custom Bean not found with name 'encryptablePropertyResolver'. Initializing Default Property Resolver 
2023-05-05 17:24:11,675 [main] INFO  [DefaultLazyPropertyDetector] [RRN="] - [STAN="] - Property Detector custom Bean not found with name 'encryptablePropertyDetector'. Initializing Default Property Detector 
2023-05-05 17:24:12,208 [main] INFO  [DefaultSecurityFilterChain] [RRN="] - [STAN="] - Creating filter chain: Ant [pattern='/v2/api-docs'], [] 
2023-05-05 17:24:12,208 [main] INFO  [DefaultSecurityFilterChain] [RRN="] - [STAN="] - Creating filter chain: Ant [pattern='/configuration/ui'], [] 
2023-05-05 17:24:12,208 [main] INFO  [DefaultSecurityFilterChain] [RRN="] - [STAN="] - Creating filter chain: Ant [pattern='/swagger-resources/**'], [] 
2023-05-05 17:24:12,208 [main] INFO  [DefaultSecurityFilterChain] [RRN="] - [STAN="] - Creating filter chain: Ant [pattern='/configuration/**'], [] 
2023-05-05 17:24:12,208 [main] INFO  [DefaultSecurityFilterChain] [RRN="] - [STAN="] - Creating filter chain: Ant [pattern='/swagger-ui.html'], [] 
2023-05-05 17:24:12,208 [main] INFO  [DefaultSecurityFilterChain] [RRN="] - [STAN="] - Creating filter chain: Ant [pattern='/webjars/**'], [] 
2023-05-05 17:24:12,243 [main] INFO  [PropertySourcedRequestMappingHandlerMapping] [RRN="] - [STAN="] - Mapped URL path [/v2/api-docs] onto method [springfox.documentation.swagger2.web.Swagger2Controller#getDocumentation(String, HttpServletRequest)] 
2023-05-05 17:24:12,325 [main] INFO  [DefaultSecurityFilterChain] [RRN="] - [STAN="] - Creating filter chain: any request, [org.springframework.security.web.context.request.async.WebAsyncManagerIntegrationFilter@52d6d273, org.springframework.security.web.context.SecurityContextPersistenceFilter@367f0121, org.springframework.security.web.header.HeaderWriterFilter@27755487, org.springframework.web.filter.CorsFilter@4667c4c1, org.springframework.security.web.authentication.logout.LogoutFilter@ef60710, com.zeroinfinity.federatedclient.config.JwtRequestFilter@2dd8239, org.springframework.security.web.savedrequest.RequestCacheAwareFilter@441b8382, org.springframework.security.web.servletapi.SecurityContextHolderAwareRequestFilter@11c3ff67, org.springframework.security.web.authentication.AnonymousAuthenticationFilter@2f9a4401, org.springframework.security.web.session.SessionManagementFilter@7d7cac8, org.springframework.security.web.access.ExceptionTranslationFilter@60d40ff4, org.springframework.security.web.access.intercept.FilterSecurityInterceptor@31e2232f] 
2023-05-05 17:24:12,381 [main] INFO  [ThreadPoolTaskExecutor] [RRN="] - [STAN="] - Initializing ExecutorService 'applicationTaskExecutor' 
2023-05-05 17:24:12,534 [main] INFO  [Http11NioProtocol] [RRN="] - [STAN="] - Starting ProtocolHandler ["http-nio-9091"] 
2023-05-05 17:24:12,558 [main] INFO  [TomcatWebServer] [RRN="] - [STAN="] - Tomcat started on port(s): 9091 (http) with context path '' 
2023-05-05 17:24:12,559 [main] INFO  [DocumentationPluginsBootstrapper] [RRN="] - [STAN="] - Context refreshed 
2023-05-05 17:24:12,584 [main] INFO  [DocumentationPluginsBootstrapper] [RRN="] - [STAN="] - Found 1 custom documentation plugin(s) 
2023-05-05 17:24:12,614 [main] INFO  [ApiListingReferenceScanner] [RRN="] - [STAN="] - Scanning for api listing references 
2023-05-05 17:24:12,631 [main] INFO  [FederatedClientApplication] [RRN="] - [STAN="] - Started FederatedClientApplication in 3.164 seconds (JVM running for 3.56) 
2023-05-05 17:24:20,413 [main] INFO  [FederatedClientApplication] [RRN="] - [STAN="] - Starting FederatedClientApplication on Hasnain-Rabbani with PID 18908 (E:\Workspace\Eclipse\zeroinfinity\thesis\federated-client\federated-client\target\classes started by hp in E:\Workspace\Eclipse\zeroinfinity\thesis\federated-client\federated-client) 
2023-05-05 17:24:20,415 [main] INFO  [FederatedClientApplication] [RRN="] - [STAN="] - The following profiles are active: client2 
2023-05-05 17:24:21,511 [main] INFO  [EnableEncryptablePropertiesBeanFactoryPostProcessor] [RRN="] - [STAN="] - Post-processing PropertySource instances 
2023-05-05 17:24:21,607 [main] INFO  [EncryptablePropertySourceConverter] [RRN="] - [STAN="] - Converting PropertySource configurationProperties [org.springframework.boot.context.properties.source.ConfigurationPropertySourcesPropertySource] to AOP Proxy 
2023-05-05 17:24:21,609 [main] INFO  [EncryptablePropertySourceConverter] [RRN="] - [STAN="] - Converting PropertySource commandLineArgs [org.springframework.core.env.SimpleCommandLinePropertySource] to EncryptableEnumerablePropertySourceWrapper 
2023-05-05 17:24:21,610 [main] INFO  [EncryptablePropertySourceConverter] [RRN="] - [STAN="] - Converting PropertySource servletConfigInitParams [org.springframework.core.env.PropertySource$StubPropertySource] to EncryptablePropertySourceWrapper 
2023-05-05 17:24:21,610 [main] INFO  [EncryptablePropertySourceConverter] [RRN="] - [STAN="] - Converting PropertySource servletContextInitParams [org.springframework.core.env.PropertySource$StubPropertySource] to EncryptablePropertySourceWrapper 
2023-05-05 17:24:21,610 [main] INFO  [EncryptablePropertySourceConverter] [RRN="] - [STAN="] - Converting PropertySource systemProperties [org.springframework.core.env.PropertiesPropertySource] to EncryptableMapPropertySourceWrapper 
2023-05-05 17:24:21,610 [main] INFO  [EncryptablePropertySourceConverter] [RRN="] - [STAN="] - Converting PropertySource systemEnvironment [org.springframework.boot.env.SystemEnvironmentPropertySourceEnvironmentPostProcessor$OriginAwareSystemEnvironmentPropertySource] to EncryptableSystemEnvironmentPropertySourceWrapper 
2023-05-05 17:24:21,610 [main] INFO  [EncryptablePropertySourceConverter] [RRN="] - [STAN="] - Converting PropertySource random [org.springframework.boot.env.RandomValuePropertySource] to EncryptablePropertySourceWrapper 
2023-05-05 17:24:21,610 [main] INFO  [EncryptablePropertySourceConverter] [RRN="] - [STAN="] - Converting PropertySource applicationConfig: [file:./application-client2.yml] [org.springframework.boot.env.OriginTrackedMapPropertySource] to EncryptableMapPropertySourceWrapper 
2023-05-05 17:24:21,777 [main] INFO  [DefaultLazyPropertyFilter] [RRN="] - [STAN="] - Property Filter custom Bean not found with name 'encryptablePropertyFilter'. Initializing Default Property Filter 
2023-05-05 17:24:22,375 [main] INFO  [TomcatWebServer] [RRN="] - [STAN="] - Tomcat initialized with port(s): 9092 (http) 
2023-05-05 17:24:22,390 [main] INFO  [Http11NioProtocol] [RRN="] - [STAN="] - Initializing ProtocolHandler ["http-nio-9092"] 
2023-05-05 17:24:22,390 [main] INFO  [StandardService] [RRN="] - [STAN="] - Starting service [Tomcat] 
2023-05-05 17:24:22,391 [main] INFO  [StandardEngine] [RRN="] - [STAN="] - Starting Servlet engine: [Apache Tomcat/9.0.36] 
2023-05-05 17:24:22,523 [main] INFO  [[/]] [RRN="] - [STAN="] - Initializing Spring embedded WebApplicationContext 
2023-05-05 17:24:22,524 [main] INFO  [ServletWebServerApplicationContext] [RRN="] - [STAN="] - Root WebApplicationContext: initialization completed in 2030 ms 
2023-05-05 17:24:22,535 [main] INFO  [DefaultLazyPropertyResolver] [RRN="] - [STAN="] - Property Resolver custom Bean not found with name 'encryptablePropertyResolver'. Initializing Default Property Resolver 
2023-05-05 17:24:22,540 [main] INFO  [DefaultLazyPropertyDetector] [RRN="] - [STAN="] - Property Detector custom Bean not found with name 'encryptablePropertyDetector'. Initializing Default Property Detector 
2023-05-05 17:24:23,176 [main] INFO  [DefaultSecurityFilterChain] [RRN="] - [STAN="] - Creating filter chain: Ant [pattern='/v2/api-docs'], [] 
2023-05-05 17:24:23,177 [main] INFO  [DefaultSecurityFilterChain] [RRN="] - [STAN="] - Creating filter chain: Ant [pattern='/configuration/ui'], [] 
2023-05-05 17:24:23,177 [main] INFO  [DefaultSecurityFilterChain] [RRN="] - [STAN="] - Creating filter chain: Ant [pattern='/swagger-resources/**'], [] 
2023-05-05 17:24:23,177 [main] INFO  [DefaultSecurityFilterChain] [RRN="] - [STAN="] - Creating filter chain: Ant [pattern='/configuration/**'], [] 
2023-05-05 17:24:23,177 [main] INFO  [DefaultSecurityFilterChain] [RRN="] - [STAN="] - Creating filter chain: Ant [pattern='/swagger-ui.html'], [] 
2023-05-05 17:24:23,177 [main] INFO  [DefaultSecurityFilterChain] [RRN="] - [STAN="] - Creating filter chain: Ant [pattern='/webjars/**'], [] 
2023-05-05 17:24:23,209 [main] INFO  [PropertySourcedRequestMappingHandlerMapping] [RRN="] - [STAN="] - Mapped URL path [/v2/api-docs] onto method [springfox.documentation.swagger2.web.Swagger2Controller#getDocumentation(String, HttpServletRequest)] 
2023-05-05 17:24:23,281 [main] INFO  [DefaultSecurityFilterChain] [RRN="] - [STAN="] - Creating filter chain: any request, [org.springframework.security.web.context.request.async.WebAsyncManagerIntegrationFilter@46383a78, org.springframework.security.web.context.SecurityContextPersistenceFilter@514de325, org.springframework.security.web.header.HeaderWriterFilter@376c7d7d, org.springframework.web.filter.CorsFilter@36c281ed, org.springframework.security.web.authentication.logout.LogoutFilter@5c83ae01, com.zeroinfinity.federatedclient.config.JwtRequestFilter@61f39bb, org.springframework.security.web.savedrequest.RequestCacheAwareFilter@43a65cd8, org.springframework.security.web.servletapi.SecurityContextHolderAwareRequestFilter@54402c04, org.springframework.security.web.authentication.AnonymousAuthenticationFilter@244418a, org.springframework.security.web.session.SessionManagementFilter@5434e40c, org.springframework.security.web.access.ExceptionTranslationFilter@69d23296, org.springframework.security.web.access.intercept.FilterSecurityInterceptor@7b32b129] 
2023-05-05 17:24:23,355 [main] INFO  [ThreadPoolTaskExecutor] [RRN="] - [STAN="] - Initializing ExecutorService 'applicationTaskExecutor' 
2023-05-05 17:24:23,494 [main] INFO  [Http11NioProtocol] [RRN="] - [STAN="] - Starting ProtocolHandler ["http-nio-9092"] 
2023-05-05 17:24:23,519 [main] INFO  [TomcatWebServer] [RRN="] - [STAN="] - Tomcat started on port(s): 9092 (http) with context path '' 
2023-05-05 17:24:23,520 [main] INFO  [DocumentationPluginsBootstrapper] [RRN="] - [STAN="] - Context refreshed 
2023-05-05 17:24:23,541 [main] INFO  [DocumentationPluginsBootstrapper] [RRN="] - [STAN="] - Found 1 custom documentation plugin(s) 
2023-05-05 17:24:23,568 [main] INFO  [ApiListingReferenceScanner] [RRN="] - [STAN="] - Scanning for api listing references 
2023-05-05 17:24:23,600 [main] INFO  [FederatedClientApplication] [RRN="] - [STAN="] - Started FederatedClientApplication in 3.653 seconds (JVM running for 4.052) 
2023-05-05 17:24:26,518 [main] INFO  [FederatedClientApplication] [RRN="] - [STAN="] - Starting FederatedClientApplication on Hasnain-Rabbani with PID 15640 (E:\Workspace\Eclipse\zeroinfinity\thesis\federated-client\federated-client\target\classes started by hp in E:\Workspace\Eclipse\zeroinfinity\thesis\federated-client\federated-client) 
2023-05-05 17:24:26,521 [main] INFO  [FederatedClientApplication] [RRN="] - [STAN="] - The following profiles are active: client3 
2023-05-05 17:24:27,506 [main] INFO  [EnableEncryptablePropertiesBeanFactoryPostProcessor] [RRN="] - [STAN="] - Post-processing PropertySource instances 
2023-05-05 17:24:27,589 [main] INFO  [EncryptablePropertySourceConverter] [RRN="] - [STAN="] - Converting PropertySource configurationProperties [org.springframework.boot.context.properties.source.ConfigurationPropertySourcesPropertySource] to AOP Proxy 
2023-05-05 17:24:27,590 [main] INFO  [EncryptablePropertySourceConverter] [RRN="] - [STAN="] - Converting PropertySource commandLineArgs [org.springframework.core.env.SimpleCommandLinePropertySource] to EncryptableEnumerablePropertySourceWrapper 
2023-05-05 17:24:27,591 [main] INFO  [EncryptablePropertySourceConverter] [RRN="] - [STAN="] - Converting PropertySource servletConfigInitParams [org.springframework.core.env.PropertySource$StubPropertySource] to EncryptablePropertySourceWrapper 
2023-05-05 17:24:27,591 [main] INFO  [EncryptablePropertySourceConverter] [RRN="] - [STAN="] - Converting PropertySource servletContextInitParams [org.springframework.core.env.PropertySource$StubPropertySource] to EncryptablePropertySourceWrapper 
2023-05-05 17:24:27,591 [main] INFO  [EncryptablePropertySourceConverter] [RRN="] - [STAN="] - Converting PropertySource systemProperties [org.springframework.core.env.PropertiesPropertySource] to EncryptableMapPropertySourceWrapper 
2023-05-05 17:24:27,591 [main] INFO  [EncryptablePropertySourceConverter] [RRN="] - [STAN="] - Converting PropertySource systemEnvironment [org.springframework.boot.env.SystemEnvironmentPropertySourceEnvironmentPostProcessor$OriginAwareSystemEnvironmentPropertySource] to EncryptableSystemEnvironmentPropertySourceWrapper 
2023-05-05 17:24:27,591 [main] INFO  [EncryptablePropertySourceConverter] [RRN="] - [STAN="] - Converting PropertySource random [org.springframework.boot.env.RandomValuePropertySource] to EncryptablePropertySourceWrapper 
2023-05-05 17:24:27,591 [main] INFO  [EncryptablePropertySourceConverter] [RRN="] - [STAN="] - Converting PropertySource applicationConfig: [file:./application-client3.yml] [org.springframework.boot.env.OriginTrackedMapPropertySource] to EncryptableMapPropertySourceWrapper 
2023-05-05 17:24:27,756 [main] INFO  [DefaultLazyPropertyFilter] [RRN="] - [STAN="] - Property Filter custom Bean not found with name 'encryptablePropertyFilter'. Initializing Default Property Filter 
2023-05-05 17:24:28,311 [main] INFO  [TomcatWebServer] [RRN="] - [STAN="] - Tomcat initialized with port(s): 9093 (http) 
2023-05-05 17:24:28,321 [main] INFO  [Http11NioProtocol] [RRN="] - [STAN="] - Initializing ProtocolHandler ["http-nio-9093"] 
2023-05-05 17:24:28,322 [main] INFO  [StandardService] [RRN="] - [STAN="] - Starting service [Tomcat] 
2023-05-05 17:24:28,322 [main] INFO  [StandardEngine] [RRN="] - [STAN="] - Starting Servlet engine: [Apache Tomcat/9.0.36] 
2023-05-05 17:24:28,422 [main] INFO  [[/]] [RRN="] - [STAN="] - Initializing Spring embedded WebApplicationContext 
2023-05-05 17:24:28,422 [main] INFO  [ServletWebServerApplicationContext] [RRN="] - [STAN="] - Root WebApplicationContext: initialization completed in 1826 ms 
2023-05-05 17:24:28,428 [main] INFO  [DefaultLazyPropertyResolver] [RRN="] - [STAN="] - Property Resolver custom Bean not found with name 'encryptablePropertyResolver'. Initializing Default Property Resolver 
2023-05-05 17:24:28,432 [main] INFO  [DefaultLazyPropertyDetector] [RRN="] - [STAN="] - Property Detector custom Bean not found with name 'encryptablePropertyDetector'. Initializing Default Property Detector 
2023-05-05 17:24:28,972 [main] INFO  [DefaultSecurityFilterChain] [RRN="] - [STAN="] - Creating filter chain: Ant [pattern='/v2/api-docs'], [] 
2023-05-05 17:24:28,973 [main] INFO  [DefaultSecurityFilterChain] [RRN="] - [STAN="] - Creating filter chain: Ant [pattern='/configuration/ui'], [] 
2023-05-05 17:24:28,973 [main] INFO  [DefaultSecurityFilterChain] [RRN="] - [STAN="] - Creating filter chain: Ant [pattern='/swagger-resources/**'], [] 
2023-05-05 17:24:28,973 [main] INFO  [DefaultSecurityFilterChain] [RRN="] - [STAN="] - Creating filter chain: Ant [pattern='/configuration/**'], [] 
2023-05-05 17:24:28,973 [main] INFO  [DefaultSecurityFilterChain] [RRN="] - [STAN="] - Creating filter chain: Ant [pattern='/swagger-ui.html'], [] 
2023-05-05 17:24:28,973 [main] INFO  [DefaultSecurityFilterChain] [RRN="] - [STAN="] - Creating filter chain: Ant [pattern='/webjars/**'], [] 
2023-05-05 17:24:29,008 [main] INFO  [PropertySourcedRequestMappingHandlerMapping] [RRN="] - [STAN="] - Mapped URL path [/v2/api-docs] onto method [springfox.documentation.swagger2.web.Swagger2Controller#getDocumentation(String, HttpServletRequest)] 
2023-05-05 17:24:29,085 [main] INFO  [DefaultSecurityFilterChain] [RRN="] - [STAN="] - Creating filter chain: any request, [org.springframework.security.web.context.request.async.WebAsyncManagerIntegrationFilter@37496720, org.springframework.security.web.context.SecurityContextPersistenceFilter@201c3cda, org.springframework.security.web.header.HeaderWriterFilter@54402c04, org.springframework.web.filter.CorsFilter@28f9fedd, org.springframework.security.web.authentication.logout.LogoutFilter@12fe1f28, com.zeroinfinity.federatedclient.config.JwtRequestFilter@5fbdc49b, org.springframework.security.web.savedrequest.RequestCacheAwareFilter@5d97caa4, org.springframework.security.web.servletapi.SecurityContextHolderAwareRequestFilter@5c83ae01, org.springframework.security.web.authentication.AnonymousAuthenticationFilter@17947e6d, org.springframework.security.web.session.SessionManagementFilter@7d0d91a1, org.springframework.security.web.access.ExceptionTranslationFilter@670b3ca, org.springframework.security.web.access.intercept.FilterSecurityInterceptor@1455154c] 
2023-05-05 17:24:29,140 [main] INFO  [ThreadPoolTaskExecutor] [RRN="] - [STAN="] - Initializing ExecutorService 'applicationTaskExecutor' 
2023-05-05 17:24:29,270 [main] INFO  [Http11NioProtocol] [RRN="] - [STAN="] - Starting ProtocolHandler ["http-nio-9093"] 
2023-05-05 17:24:29,292 [main] INFO  [TomcatWebServer] [RRN="] - [STAN="] - Tomcat started on port(s): 9093 (http) with context path '' 
2023-05-05 17:24:29,293 [main] INFO  [DocumentationPluginsBootstrapper] [RRN="] - [STAN="] - Context refreshed 
2023-05-05 17:24:29,316 [main] INFO  [DocumentationPluginsBootstrapper] [RRN="] - [STAN="] - Found 1 custom documentation plugin(s) 
2023-05-05 17:24:29,342 [main] INFO  [ApiListingReferenceScanner] [RRN="] - [STAN="] - Scanning for api listing references 
2023-05-05 17:24:29,360 [main] INFO  [FederatedClientApplication] [RRN="] - [STAN="] - Started FederatedClientApplication in 3.332 seconds (JVM running for 3.722) 
2023-05-05 17:25:14,481 [main] INFO  [FederatedClientApplication] [RRN="] - [STAN="] - Starting FederatedClientApplication on Hasnain-Rabbani with PID 7664 (E:\Workspace\Eclipse\zeroinfinity\thesis\federated-client\federated-client\target\classes started by hp in E:\Workspace\Eclipse\zeroinfinity\thesis\federated-client\federated-client) 
2023-05-05 17:25:14,483 [main] INFO  [FederatedClientApplication] [RRN="] - [STAN="] - The following profiles are active: client1,client2,client3 
2023-05-05 17:25:15,418 [main] INFO  [EnableEncryptablePropertiesBeanFactoryPostProcessor] [RRN="] - [STAN="] - Post-processing PropertySource instances 
2023-05-05 17:25:15,494 [main] INFO  [EncryptablePropertySourceConverter] [RRN="] - [STAN="] - Converting PropertySource configurationProperties [org.springframework.boot.context.properties.source.ConfigurationPropertySourcesPropertySource] to AOP Proxy 
2023-05-05 17:25:15,495 [main] INFO  [EncryptablePropertySourceConverter] [RRN="] - [STAN="] - Converting PropertySource commandLineArgs [org.springframework.core.env.SimpleCommandLinePropertySource] to EncryptableEnumerablePropertySourceWrapper 
2023-05-05 17:25:15,495 [main] INFO  [EncryptablePropertySourceConverter] [RRN="] - [STAN="] - Converting PropertySource servletConfigInitParams [org.springframework.core.env.PropertySource$StubPropertySource] to EncryptablePropertySourceWrapper 
2023-05-05 17:25:15,495 [main] INFO  [EncryptablePropertySourceConverter] [RRN="] - [STAN="] - Converting PropertySource servletContextInitParams [org.springframework.core.env.PropertySource$StubPropertySource] to EncryptablePropertySourceWrapper 
2023-05-05 17:25:15,495 [main] INFO  [EncryptablePropertySourceConverter] [RRN="] - [STAN="] - Converting PropertySource systemProperties [org.springframework.core.env.PropertiesPropertySource] to EncryptableMapPropertySourceWrapper 
2023-05-05 17:25:15,495 [main] INFO  [EncryptablePropertySourceConverter] [RRN="] - [STAN="] - Converting PropertySource systemEnvironment [org.springframework.boot.env.SystemEnvironmentPropertySourceEnvironmentPostProcessor$OriginAwareSystemEnvironmentPropertySource] to EncryptableSystemEnvironmentPropertySourceWrapper 
2023-05-05 17:25:15,496 [main] INFO  [EncryptablePropertySourceConverter] [RRN="] - [STAN="] - Converting PropertySource random [org.springframework.boot.env.RandomValuePropertySource] to EncryptablePropertySourceWrapper 
2023-05-05 17:25:15,496 [main] INFO  [EncryptablePropertySourceConverter] [RRN="] - [STAN="] - Converting PropertySource applicationConfig: [file:./application-client3.yml] [org.springframework.boot.env.OriginTrackedMapPropertySource] to EncryptableMapPropertySourceWrapper 
2023-05-05 17:25:15,496 [main] INFO  [EncryptablePropertySourceConverter] [RRN="] - [STAN="] - Converting PropertySource applicationConfig: [file:./application-client2.yml] [org.springframework.boot.env.OriginTrackedMapPropertySource] to EncryptableMapPropertySourceWrapper 
2023-05-05 17:25:15,496 [main] INFO  [EncryptablePropertySourceConverter] [RRN="] - [STAN="] - Converting PropertySource applicationConfig: [file:./application-client1.yml] [org.springframework.boot.env.OriginTrackedMapPropertySource] to EncryptableMapPropertySourceWrapper 
2023-05-05 17:25:15,635 [main] INFO  [DefaultLazyPropertyFilter] [RRN="] - [STAN="] - Property Filter custom Bean not found with name 'encryptablePropertyFilter'. Initializing Default Property Filter 
2023-05-05 17:25:16,222 [main] INFO  [TomcatWebServer] [RRN="] - [STAN="] - Tomcat initialized with port(s): 9093 (http) 
2023-05-05 17:25:16,230 [main] INFO  [Http11NioProtocol] [RRN="] - [STAN="] - Initializing ProtocolHandler ["http-nio-9093"] 
2023-05-05 17:25:16,231 [main] INFO  [StandardService] [RRN="] - [STAN="] - Starting service [Tomcat] 
2023-05-05 17:25:16,231 [main] INFO  [StandardEngine] [RRN="] - [STAN="] - Starting Servlet engine: [Apache Tomcat/9.0.36] 
2023-05-05 17:25:16,328 [main] INFO  [[/]] [RRN="] - [STAN="] - Initializing Spring embedded WebApplicationContext 
2023-05-05 17:25:16,328 [main] INFO  [ServletWebServerApplicationContext] [RRN="] - [STAN="] - Root WebApplicationContext: initialization completed in 1772 ms 
2023-05-05 17:25:16,336 [main] INFO  [DefaultLazyPropertyResolver] [RRN="] - [STAN="] - Property Resolver custom Bean not found with name 'encryptablePropertyResolver'. Initializing Default Property Resolver 
2023-05-05 17:25:16,341 [main] INFO  [DefaultLazyPropertyDetector] [RRN="] - [STAN="] - Property Detector custom Bean not found with name 'encryptablePropertyDetector'. Initializing Default Property Detector 
2023-05-05 17:25:16,897 [main] INFO  [DefaultSecurityFilterChain] [RRN="] - [STAN="] - Creating filter chain: Ant [pattern='/v2/api-docs'], [] 
2023-05-05 17:25:16,897 [main] INFO  [DefaultSecurityFilterChain] [RRN="] - [STAN="] - Creating filter chain: Ant [pattern='/configuration/ui'], [] 
2023-05-05 17:25:16,897 [main] INFO  [DefaultSecurityFilterChain] [RRN="] - [STAN="] - Creating filter chain: Ant [pattern='/swagger-resources/**'], [] 
2023-05-05 17:25:16,897 [main] INFO  [DefaultSecurityFilterChain] [RRN="] - [STAN="] - Creating filter chain: Ant [pattern='/configuration/**'], [] 
2023-05-05 17:25:16,897 [main] INFO  [DefaultSecurityFilterChain] [RRN="] - [STAN="] - Creating filter chain: Ant [pattern='/swagger-ui.html'], [] 
2023-05-05 17:25:16,897 [main] INFO  [DefaultSecurityFilterChain] [RRN="] - [STAN="] - Creating filter chain: Ant [pattern='/webjars/**'], [] 
2023-05-05 17:25:16,931 [main] INFO  [PropertySourcedRequestMappingHandlerMapping] [RRN="] - [STAN="] - Mapped URL path [/v2/api-docs] onto method [springfox.documentation.swagger2.web.Swagger2Controller#getDocumentation(String, HttpServletRequest)] 
2023-05-05 17:25:17,004 [main] INFO  [DefaultSecurityFilterChain] [RRN="] - [STAN="] - Creating filter chain: any request, [org.springframework.security.web.context.request.async.WebAsyncManagerIntegrationFilter@4d3c6593, org.springframework.security.web.context.SecurityContextPersistenceFilter@95eb320, org.springframework.security.web.header.HeaderWriterFilter@444f44c5, org.springframework.web.filter.CorsFilter@7426a448, org.springframework.security.web.authentication.logout.LogoutFilter@5a50d9fc, com.zeroinfinity.federatedclient.config.JwtRequestFilter@4867ab9f, org.springframework.security.web.savedrequest.RequestCacheAwareFilter@4afbb6c2, org.springframework.security.web.servletapi.SecurityContextHolderAwareRequestFilter@37b56ac7, org.springframework.security.web.authentication.AnonymousAuthenticationFilter@516462cc, org.springframework.security.web.session.SessionManagementFilter@380e1909, org.springframework.security.web.access.ExceptionTranslationFilter@6b6b3572, org.springframework.security.web.access.intercept.FilterSecurityInterceptor@56b859a6] 
2023-05-05 17:25:17,060 [main] INFO  [ThreadPoolTaskExecutor] [RRN="] - [STAN="] - Initializing ExecutorService 'applicationTaskExecutor' 
2023-05-05 17:25:17,190 [main] INFO  [Http11NioProtocol] [RRN="] - [STAN="] - Starting ProtocolHandler ["http-nio-9093"] 
2023-05-05 17:25:17,215 [main] INFO  [TomcatWebServer] [RRN="] - [STAN="] - Tomcat started on port(s): 9093 (http) with context path '' 
2023-05-05 17:25:17,216 [main] INFO  [DocumentationPluginsBootstrapper] [RRN="] - [STAN="] - Context refreshed 
2023-05-05 17:25:17,235 [main] INFO  [DocumentationPluginsBootstrapper] [RRN="] - [STAN="] - Found 1 custom documentation plugin(s) 
2023-05-05 17:25:17,263 [main] INFO  [ApiListingReferenceScanner] [RRN="] - [STAN="] - Scanning for api listing references 
2023-05-05 17:25:17,286 [main] INFO  [FederatedClientApplication] [RRN="] - [STAN="] - Started FederatedClientApplication in 3.285 seconds (JVM running for 3.684) 
